[0.020s] Invoking command in '/home/ubuntu/my_n10_topic/workspace/build/turn_on_wheeltec_robot': CMAKE_PREFIX_PATH=/home/ubuntu/my_n10_topic/workspace/install/wheeltec_robot_msg:/home/ubuntu/my_n10_topic/workspace/install/wheeltec_slam_toolbox:/home/ubuntu/my_n10_topic/workspace/install/wheeltec_cartographer:/home/ubuntu/my_n10_topic/workspace/install/slam_gmapping:/home/ubuntu/my_n10_topic/workspace/install/openslam_gmapping:/home/ubuntu/my_n10_topic/workspace/install/wheeltec_robot_urdf:/home/ubuntu/my_n10_topic/workspace/install/turn_on_wheeltec_robot:/home/ubuntu/my_n10_topic/workspace/install/lslidar_driver:/home/ubuntu/my_n10_topic/workspace/install/lslidar_msgs:/home/ubuntu/lidar_ros2/lidar_ws/install/serial:/home/ubuntu/lidar_ros2/lidar_ws/install/serial:/opt/ros/humble LD_LIBRARY_PATH=/home/ubuntu/my_n10_topic/workspace/install/wheeltec_robot_msg/lib:/home/ubuntu/my_n10_topic/workspace/install/openslam_gmapping/lib:/home/ubuntu/my_n10_topic/workspace/install/turn_on_wheeltec_robot/lib:/home/ubuntu/my_n10_topic/workspace/install/lslidar_msgs/lib:/usr/lib/x86_64-linux-gnu/gazebo-11/plugins:/opt/ros/humble/opt/rviz_ogre_vendor/lib:/opt/ros/humble/lib/x86_64-linux-gnu:/opt/ros/humble/lib /usr/bin/cmake /home/ubuntu/my_n10_topic/workspace/src/turn_on_wheeltec_robot -DCMAKE_INSTALL_PREFIX=/home/ubuntu/my_n10_topic/workspace/install/turn_on_wheeltec_robot
[0.122s] -- The C compiler identification is GNU 11.4.0
[0.227s] -- The CXX compiler identification is GNU 11.4.0
[0.238s] -- Detecting C compiler ABI info
[0.384s] -- Detecting C compiler ABI info - done
[0.394s] -- Check for working C compiler: /usr/bin/cc - skipped
[0.394s] -- Detecting C compile features
[0.394s] -- Detecting C compile features - done
[0.398s] -- Detecting CXX compiler ABI info
[0.546s] -- Detecting CXX compiler ABI info - done
[0.558s] -- Check for working CXX compiler: /usr/bin/c++ - skipped
[0.558s] -- Detecting CXX compile features
[0.559s] -- Detecting CXX compile features - done
[0.563s] -- Found ament_cmake: 1.3.11 (/opt/ros/humble/share/ament_cmake/cmake)
[0.810s] -- Found Python3: /usr/bin/python3 (found version "3.10.12") found components: Interpreter 
[0.959s] -- Found geometry_msgs: 4.2.4 (/opt/ros/humble/share/geometry_msgs/cmake)
[0.989s] -- Found rosidl_generator_c: 3.1.6 (/opt/ros/humble/share/rosidl_generator_c/cmake)
[0.997s] -- Found rosidl_adapter: 3.1.6 (/opt/ros/humble/share/rosidl_adapter/cmake)
[1.005s] -- Found rosidl_generator_cpp: 3.1.6 (/opt/ros/humble/share/rosidl_generator_cpp/cmake)
[1.019s] -- Using all available rosidl_typesupport_c: rosidl_typesupport_fastrtps_c;rosidl_typesupport_introspection_c
[1.044s] -- Using all available rosidl_typesupport_cpp: rosidl_typesupport_fastrtps_cpp;rosidl_typesupport_introspection_cpp
[1.082s] -- Found tf2_geometry_msgs: 0.25.11 (/opt/ros/humble/share/tf2_geometry_msgs/cmake)
[1.106s] -- Found eigen3_cmake_module: 0.1.1 (/opt/ros/humble/share/eigen3_cmake_module/cmake)
[1.108s] -- Found Eigen3: TRUE (found version "3.4.0") 
[1.108s] -- Ensuring Eigen3 include directory is part of orocos-kdl CMake target
[1.242s] -- Found rmw_implementation_cmake: 6.1.2 (/opt/ros/humble/share/rmw_implementation_cmake/cmake)
[1.246s] -- Found rmw_fastrtps_cpp: 6.2.7 (/opt/ros/humble/share/rmw_fastrtps_cpp/cmake)
[1.402s] -- Found OpenSSL: /usr/lib/x86_64-linux-gnu/libcrypto.so (found version "3.0.2")  
[1.446s] -- Found FastRTPS: /opt/ros/humble/include  
[1.500s] -- Using RMW implementation 'rmw_fastrtps_cpp' as default
[1.517s] -- Looking for pthread.h
[1.668s] -- Looking for pthread.h - found
[1.669s] -- Performing Test CMAKE_HAVE_LIBC_PTHREAD
[1.831s] -- Performing Test CMAKE_HAVE_LIBC_PTHREAD - Success
[1.834s] -- Found Threads: TRUE  
[1.974s] -- Found turtlesim: 1.4.2 (/opt/ros/humble/share/turtlesim/cmake)
[2.000s] -- Found nav2_msgs: 1.1.17 (/opt/ros/humble/share/nav2_msgs/cmake)
[2.072s] -- Found rclpy: 3.3.15 (/opt/ros/humble/share/rclpy/cmake)
[2.074s] -- Found sensor_msgs: 4.2.4 (/opt/ros/humble/share/sensor_msgs/cmake)
[2.100s] -- Found std_srvs: 4.2.4 (/opt/ros/humble/share/std_srvs/cmake)
[2.120s] -- Found wheeltec_robot_msg: 0.0.0 (/home/ubuntu/my_n10_topic/workspace/install/wheeltec_robot_msg/share/wheeltec_robot_msg/cmake)
[2.137s] -- Found serial: 1.2.1 (/home/ubuntu/lidar_ros2/lidar_ws/install/serial/share/serial/cmake)
[2.143s] -- Found rosidl_default_generators: 1.2.0 (/opt/ros/humble/share/rosidl_default_generators/cmake)
[2.534s] -- Found ament_cmake_ros: 0.10.0 (/opt/ros/humble/share/ament_cmake_ros/cmake)
[2.950s] -- Using all available rosidl_typesupport_c: rosidl_typesupport_fastrtps_c;rosidl_typesupport_introspection_c
[3.143s] -- Using all available rosidl_typesupport_cpp: rosidl_typesupport_fastrtps_cpp;rosidl_typesupport_introspection_cpp
[3.176s] -- Found PythonInterp: /usr/bin/python3 (found suitable version "3.10.12", minimum required is "3.6") 
[3.179s] -- Found python_cmake_module: 0.10.0 (/opt/ros/humble/share/python_cmake_module/cmake)
[3.226s] -- Found PythonLibs: /usr/lib/x86_64-linux-gnu/libpython3.10.so (found suitable version "3.10.12", minimum required is "3.5") 
[3.226s] -- Using PYTHON_EXECUTABLE: /usr/bin/python3
[3.226s] -- Using PYTHON_INCLUDE_DIRS: /usr/include/python3.10
[3.226s] -- Using PYTHON_LIBRARIES: /usr/lib/x86_64-linux-gnu/libpython3.10.so
[3.247s] -- Found PythonExtra: .so  
[3.293s] -- Found ament_lint_auto: 0.12.11 (/opt/ros/humble/share/ament_lint_auto/cmake)
[3.344s] -- Added test 'copyright' to check source files copyright and LICENSE
[3.345s] -- Added test 'cppcheck' to perform static code analysis on C / C++ code
[3.346s] -- Configured cppcheck include dirs: /home/ubuntu/my_n10_topic/workspace/src/turn_on_wheeltec_robot/include
[3.346s] -- Configured cppcheck exclude dirs and/or files: 
[3.351s] -- Added test 'cpplint' to check C / C++ code against the Google style
[3.351s] -- Configured cpplint exclude dirs and/or files: 
[3.351s] -- Added test 'flake8' to check Python code syntax and style conventions
[3.351s] -- Added test 'lint_cmake' to check CMake code style
[3.352s] -- Added test 'pep257' to check Python code against some of the docstring style conventions in PEP 257
[3.354s] -- Added test 'uncrustify' to check C / C++ code style
[3.354s] -- Configured uncrustify additional arguments: 
[3.355s] -- Added test 'xmllint' to check XML markup files
[3.359s] -- Configuring done
[3.425s] -- Generating done
[3.442s] -- Build files have been written to: /home/ubuntu/my_n10_topic/workspace/build/turn_on_wheeltec_robot
[3.469s] Invoked command in '/home/ubuntu/my_n10_topic/workspace/build/turn_on_wheeltec_robot' returned '0': CMAKE_PREFIX_PATH=/home/ubuntu/my_n10_topic/workspace/install/wheeltec_robot_msg:/home/ubuntu/my_n10_topic/workspace/install/wheeltec_slam_toolbox:/home/ubuntu/my_n10_topic/workspace/install/wheeltec_cartographer:/home/ubuntu/my_n10_topic/workspace/install/slam_gmapping:/home/ubuntu/my_n10_topic/workspace/install/openslam_gmapping:/home/ubuntu/my_n10_topic/workspace/install/wheeltec_robot_urdf:/home/ubuntu/my_n10_topic/workspace/install/turn_on_wheeltec_robot:/home/ubuntu/my_n10_topic/workspace/install/lslidar_driver:/home/ubuntu/my_n10_topic/workspace/install/lslidar_msgs:/home/ubuntu/lidar_ros2/lidar_ws/install/serial:/home/ubuntu/lidar_ros2/lidar_ws/install/serial:/opt/ros/humble LD_LIBRARY_PATH=/home/ubuntu/my_n10_topic/workspace/install/wheeltec_robot_msg/lib:/home/ubuntu/my_n10_topic/workspace/install/openslam_gmapping/lib:/home/ubuntu/my_n10_topic/workspace/install/turn_on_wheeltec_robot/lib:/home/ubuntu/my_n10_topic/workspace/install/lslidar_msgs/lib:/usr/lib/x86_64-linux-gnu/gazebo-11/plugins:/opt/ros/humble/opt/rviz_ogre_vendor/lib:/opt/ros/humble/lib/x86_64-linux-gnu:/opt/ros/humble/lib /usr/bin/cmake /home/ubuntu/my_n10_topic/workspace/src/turn_on_wheeltec_robot -DCMAKE_INSTALL_PREFIX=/home/ubuntu/my_n10_topic/workspace/install/turn_on_wheeltec_robot
[3.472s] Invoking command in '/home/ubuntu/my_n10_topic/workspace/build/turn_on_wheeltec_robot': CMAKE_PREFIX_PATH=/home/ubuntu/my_n10_topic/workspace/install/wheeltec_robot_msg:/home/ubuntu/my_n10_topic/workspace/install/wheeltec_slam_toolbox:/home/ubuntu/my_n10_topic/workspace/install/wheeltec_cartographer:/home/ubuntu/my_n10_topic/workspace/install/slam_gmapping:/home/ubuntu/my_n10_topic/workspace/install/openslam_gmapping:/home/ubuntu/my_n10_topic/workspace/install/wheeltec_robot_urdf:/home/ubuntu/my_n10_topic/workspace/install/turn_on_wheeltec_robot:/home/ubuntu/my_n10_topic/workspace/install/lslidar_driver:/home/ubuntu/my_n10_topic/workspace/install/lslidar_msgs:/home/ubuntu/lidar_ros2/lidar_ws/install/serial:/home/ubuntu/lidar_ros2/lidar_ws/install/serial:/opt/ros/humble LD_LIBRARY_PATH=/home/ubuntu/my_n10_topic/workspace/install/wheeltec_robot_msg/lib:/home/ubuntu/my_n10_topic/workspace/install/openslam_gmapping/lib:/home/ubuntu/my_n10_topic/workspace/install/turn_on_wheeltec_robot/lib:/home/ubuntu/my_n10_topic/workspace/install/lslidar_msgs/lib:/usr/lib/x86_64-linux-gnu/gazebo-11/plugins:/opt/ros/humble/opt/rviz_ogre_vendor/lib:/opt/ros/humble/lib/x86_64-linux-gnu:/opt/ros/humble/lib /usr/bin/cmake --build /home/ubuntu/my_n10_topic/workspace/build/turn_on_wheeltec_robot -- -j12 -l12
[3.546s] [  2%] [34m[1mGenerating C code for ROS interfaces[0m
[3.577s] [  5%] [34m[1mGenerating C++ code for ROS interfaces[0m
[3.583s] [  8%] [32mBuilding CXX object CMakeFiles/wheeltec_robot_node.dir/src/wheeltec_robot.cpp.o[0m
[3.585s] [ 11%] [32mBuilding CXX object CMakeFiles/wheeltec_robot_node.dir/src/Quaternion_Solution.cpp.o[0m
[3.598s] [ 11%] Built target ament_cmake_python_copy_turn_on_wheeltec_robot
[3.897s] [ 14%] [32mBuilding C object CMakeFiles/turn_on_wheeltec_robot__rosidl_generator_c.dir/rosidl_generator_c/turn_on_wheeltec_robot/msg/detail/position__functions.c.o[0m
[3.904s] [ 14%] Built target turn_on_wheeltec_robot__cpp
[3.924s] [ 17%] [34m[1mGenerating C++ type support dispatch for ROS interfaces[0m
[3.926s] [ 20%] [34m[1mGenerating C++ type support for eProsima Fast-RTPS[0m
[3.928s] [ 23%] [34m[1mGenerating C++ introspection for ROS interfaces[0m
[3.953s] running egg_info
[3.954s] creating turn_on_wheeltec_robot.egg-info
[3.954s] writing turn_on_wheeltec_robot.egg-info/PKG-INFO
[3.954s] writing dependency_links to turn_on_wheeltec_robot.egg-info/dependency_links.txt
[3.954s] writing top-level names to turn_on_wheeltec_robot.egg-info/top_level.txt
[3.954s] writing manifest file 'turn_on_wheeltec_robot.egg-info/SOURCES.txt'
[3.958s] reading manifest file 'turn_on_wheeltec_robot.egg-info/SOURCES.txt'
[3.958s] writing manifest file 'turn_on_wheeltec_robot.egg-info/SOURCES.txt'
[3.999s] [ 23%] Built target ament_cmake_python_build_turn_on_wheeltec_robot_egg
[4.006s] [ 26%] [32m[1mLinking C shared library libturn_on_wheeltec_robot__rosidl_generator_c.so[0m
[4.027s] Traceback (most recent call last):
[4.027s] Traceback (most recent call last):
[4.028s]   File "/opt/ros/humble/lib/rosidl_typesupport_fastrtps_cpp/rosidl_typesupport_fastrtps_cpp", line 6, in <module>
[4.028s] Traceback (most recent call last):
[4.028s]   File "/usr/lib/python3/dist-packages/lark/load_grammar.py", line 918, in _get_parser
[4.028s]   File "/opt/ros/humble/lib/rosidl_typesupport_introspection_cpp/rosidl_typesupport_introspection_cpp", line 31, in <module>
[4.028s]     from rosidl_typesupport_fastrtps_cpp import generate_cpp
[4.028s]   File "/opt/ros/humble/local/lib/python3.10/dist-packages/rosidl_typesupport_fastrtps_cpp/__init__.py", line 15, in <module>
[4.028s]     sys.exit(main())
[4.028s]   File "/opt/ros/humble/lib/rosidl_typesupport_introspection_cpp/rosidl_typesupport_introspection_cpp", line 27, in main
[4.028s]     from rosidl_cmake import generate_files
[4.028s]   File "/opt/ros/humble/local/lib/python3.10/dist-packages/rosidl_cmake/__init__.py", line 24, in <module>
[4.028s]     generate_cpp(args.generator_arguments_file)
[4.028s]   File "/opt/ros/humble/local/lib/python3.10/dist-packages/rosidl_typesupport_introspection_cpp/__init__.py", line 31, in generate_cpp
[4.028s]     from rosidl_parser.parser import parse_idl_file
[4.028s]   File "/opt/ros/humble/local/lib/python3.10/dist-packages/rosidl_parser/parser.py", line 20, in <module>
[4.029s]     return generate_files(generator_arguments_file, mapping)
[4.029s]   File "/opt/ros/humble/local/lib/python3.10/dist-packages/rosidl_cmake/__init__.py", line 74, in generate_files
[4.029s]     from lark import Lark
[4.029s]   File "/usr/lib/python3/dist-packages/lark/__init__.py", line 7, in <module>
[4.029s]     idl_file = parse_idl_file(locator)
[4.030s]   File "/opt/ros/humble/local/lib/python3.10/dist-packages/rosidl_parser/parser.py", line 64, in parse_idl_file
[4.030s]     content = parse_idl_string(string, png_file=png_file)
[4.033s]   File "/opt/ros/humble/local/lib/python3.10/dist-packages/rosidl_parser/parser.py", line 72, in parse_idl_string
[4.033s]     tree = get_ast_from_idl_string(idl_string)
[4.033s]   File "/opt/ros/humble/local/lib/python3.10/dist-packages/rosidl_parser/parser.py", line 88, in get_ast_from_idl_string
[4.033s] gmake[2]: *** [CMakeFiles/wheeltec_robot_node.dir/build.make:90: CMakeFiles/wheeltec_robot_node.dir/src/Quaternion_Solution.cpp.o] 中断
[4.034s]     _parser = Lark(grammar, start='specification', maybe_placeholders=False)
[4.034s]   File "/usr/lib/python3/dist-packages/lark/lark.py", line 333, in __init__
[4.034s] gmake[2]: *** [CMakeFiles/wheeltec_robot_node.dir/build.make:76: CMakeFiles/wheeltec_robot_node.dir/src/wheeltec_robot.cpp.o] 中断
[4.034s] gmake[1]: *** [CMakeFiles/Makefile2:592: CMakeFiles/wheeltec_robot_node.dir/all] 中断
[4.034s] gmake[2]: *** [CMakeFiles/turn_on_wheeltec_robot__rosidl_generator_c.dir/build.make:128: libturn_on_wheeltec_robot__rosidl_generator_c.so] 中断
[4.034s]     self.grammar, used_files = load_grammar(grammar, self.source_path, self.options.import_paths, self.options.keep_all_tokens)
[4.034s]   File "/usr/lib/python3/dist-packages/lark/load_grammar.py", line 1408, in load_grammar
[4.034s]     from .lark import Lark
[4.034s]   File "/usr/lib/python3/dist-packages/lark/lark.py", line 3, in <module>
[4.034s] gmake[1]: *** [CMakeFiles/Makefile2:215: CMakeFiles/turn_on_wheeltec_robot__rosidl_generator_c.dir/all] 中断
[4.034s]     import tempfile
[4.034s]   File "<frozen importlib._bootstrap>", line 1027, in _find_and_load
[4.035s]   File "<frozen importlib._bootstrap>", line 1006, in _find_and_load_unlocked
[4.039s]   File "<frozen importlib._bootstrap>", line 674, in _load_unlocked
[4.039s]     return _get_parser.cache
[4.039s] AttributeError: 'function' object has no attribute 'cache'
[4.039s] 
[4.039s] During handling of the above exception, another exception occurred:
[4.039s] 
[4.039s] Traceback (most recent call last):
[4.039s]   File "<frozen importlib._bootstrap>", line 577, in module_from_spec
[4.039s]   File "/opt/ros/humble/lib/rosidl_typesupport_cpp/rosidl_typesupport_cpp", line 28, in <module>
[4.039s]   File "<frozen importlib._bootstrap>", line 556, in _init_module_attrs
[4.039s]     sys.exit(main())
[4.039s]   File "/opt/ros/humble/lib/rosidl_typesupport_cpp/rosidl_typesupport_cpp", line 24, in main
[4.039s]   File "<frozen importlib._bootstrap>", line 397, in cached
[4.039s]     generate_cpp(args.generator_arguments_file, args.typesupports)
[4.039s]   File "/opt/ros/humble/local/lib/python3.10/dist-packages/rosidl_typesupport_cpp/__init__.py", line 28, in generate_cpp
[4.039s]   File "<frozen importlib._bootstrap_external>", line 511, in _get_cached
[4.039s]     return generate_files(
[4.039s]   File "/opt/ros/humble/local/lib/python3.10/dist-packages/rosidl_cmake/__init__.py", line 74, in generate_files
[4.039s]     idl_file = parse_idl_file(locator)
[4.039s]   File "/opt/ros/humble/local/lib/python3.10/dist-packages/rosidl_parser/parser.py", line 64, in parse_idl_file
[4.039s] KeyboardInterrupt
[4.039s]     content = parse_idl_string(string, png_file=png_file)
[4.039s]   File "/opt/ros/humble/local/lib/python3.10/dist-packages/rosidl_parser/parser.py", line 72, in parse_idl_string
[4.039s]     tree = get_ast_from_idl_string(idl_string)
[4.040s]   File "/opt/ros/humble/local/lib/python3.10/dist-packages/rosidl_parser/parser.py", line 88, in get_ast_from_idl_string
[4.040s]     _parser = Lark(grammar, start='specification', maybe_placeholders=False)
[4.040s]   File "/usr/lib/python3/dist-packages/lark/lark.py", line 333, in __init__
[4.040s]     self.grammar, used_files = load_grammar(grammar, self.source_path, self.options.import_paths, self.options.keep_all_tokens)
[4.040s]   File "/usr/lib/python3/dist-packages/lark/load_grammar.py", line 1408, in load_grammar
[4.040s]     builder.load_grammar(grammar, source)
[4.040s]   File "/usr/lib/python3/dist-packages/lark/load_grammar.py", line 1233, in load_grammar
[4.040s]     tree = _parse_grammar(grammar_text, grammar_name)
[4.040s]   File "/usr/lib/python3/dist-packages/lark/load_grammar.py", line 961, in _parse_grammar
[4.040s]     tree = _get_parser().parse(text + '\n', start)
[4.040s]   File "/usr/lib/python3/dist-packages/lark/load_grammar.py", line 933, in _get_parser
[4.040s]     builder.load_grammar(grammar, source)
[4.040s]   File "/usr/lib/python3/dist-packages/lark/load_grammar.py", line 1233, in load_grammar
[4.040s]     tree = _parse_grammar(grammar_text, grammar_name)
[4.040s]   File "/usr/lib/python3/dist-packages/lark/load_grammar.py", line 961, in _parse_grammar
[4.040s]     tree = _get_parser().parse(text + '\n', start)
[4.040s]   File "/usr/lib/python3/dist-packages/lark/parser_frontends.py", line 99, in parse
[4.040s]     _get_parser.cache = ParsingFrontend(lexer_conf, parser_conf, None)
[4.041s]   File "/usr/lib/python3/dist-packages/lark/parser_frontends.py", line 57, in __init__
[4.041s]     return self.parser.parse(stream, chosen_start, **kw)
[4.041s]     self.parser = create_parser(lexer_conf, parser_conf, options)
[4.041s]   File "/usr/lib/python3/dist-packages/lark/parsers/lalr_parser.py", line 41, in parse
[4.041s]   File "/usr/lib/python3/dist-packages/lark/parser_frontends.py", line 154, in create_lalr_parser
[4.041s]     return cls(parser_conf, debug=debug)
[4.041s]   File "/usr/lib/python3/dist-packages/lark/parsers/lalr_parser.py", line 19, in __init__
[4.041s]     return self.parser.parse(lexer, start)
[4.041s]   File "/usr/lib/python3/dist-packages/lark/parsers/lalr_parser.py", line 171, in parse
[4.041s]     return self.parse_from_state(parser_state)
[4.041s]   File "/usr/lib/python3/dist-packages/lark/parsers/lalr_parser.py", line 178, in parse_from_state
[4.041s]     for token in state.lexer.lex(state):
[4.041s]   File "/usr/lib/python3/dist-packages/lark/lexer.py", line 453, in lex
[4.041s]     analysis.compute_lalr()
[4.041s]   File "/usr/lib/python3/dist-packages/lark/parsers/lalr_analysis.py", line 301, in compute_lalr
[4.041s]     yield self.next_token(state, parser_state)
[4.041s]   File "/usr/lib/python3/dist-packages/lark/lexer.py", line 470, in next_token
[4.041s]     self.compute_reads_relations()
[4.041s]   File "/usr/lib/python3/dist-packages/lark/parsers/lalr_analysis.py", line 189, in compute_reads_relations
[4.041s]     t = Token(type_, value, line_ctr.char_pos, line_ctr.line, line_ctr.column)
[4.041s]   File "/usr/lib/python3/dist-packages/lark/lexer.py", line 159, in __new__
[4.041s]     if s not in self.lr0_rules_by_origin:
[4.042s]   File "/usr/lib/python3/dist-packages/lark/grammar.py", line 25, in __hash__
[4.042s]     def __new__(cls, type_, value, start_pos=None, line=None, column=None, end_line=None, end_column=None, end_pos=None):
[4.042s] KeyboardInterrupt
[4.042s]     def __hash__(self):
[4.042s] KeyboardInterrupt
[4.046s] gmake[2]: *** [CMakeFiles/turn_on_wheeltec_robot__rosidl_typesupport_fastrtps_cpp.dir/build.make:82: rosidl_typesupport_fastrtps_cpp/turn_on_wheeltec_robot/msg/detail/dds_fastrtps/position__type_support.cpp] 中断
[4.046s] gmake[1]: *** [CMakeFiles/Makefile2:292: CMakeFiles/turn_on_wheeltec_robot__rosidl_typesupport_fastrtps_cpp.dir/all] 中断
[4.056s] gmake[2]: *** [CMakeFiles/turn_on_wheeltec_robot__rosidl_typesupport_cpp.dir/build.make:80: rosidl_typesupport_cpp/turn_on_wheeltec_robot/msg/position__type_support.cpp] 中断
[4.056s] gmake[1]: *** [CMakeFiles/Makefile2:396: CMakeFiles/turn_on_wheeltec_robot__rosidl_typesupport_cpp.dir/all] 中断
[4.056s] gmake[2]: *** [CMakeFiles/turn_on_wheeltec_robot__rosidl_typesupport_introspection_cpp.dir/build.make:82: rosidl_typesupport_introspection_cpp/turn_on_wheeltec_robot/msg/detail/position__rosidl_typesupport_introspection_cpp.hpp] 中断
[4.057s] gmake[1]: *** [CMakeFiles/Makefile2:370: CMakeFiles/turn_on_wheeltec_robot__rosidl_typesupport_introspection_cpp.dir/all] 中断
[4.057s] gmake: *** [Makefile:146: all] 中断
