[35m[1mConsolidate compiler generated dependencies of target lslidar_driver_node[0m
[ 20%] [32mBuilding CXX object CMakeFiles/lslidar_driver_node.dir/src/lslidar_driver.cc.o[0m
[01m[K/home/ubuntu/my_n10_topic/workspace/src/LSLIDAR_X_ROS2-20240228/src/lslidar_driver/src/lslidar_driver.cc:[m[K In member function â€˜[01m[Kbool lslidar_driver::LslidarDriver::loadParameters()[m[Kâ€™:
[01m[K/home/ubuntu/my_n10_topic/workspace/src/LSLIDAR_X_ROS2-20240228/src/lslidar_driver/src/lslidar_driver.cc:144:17:[m[K [01;35m[Kwarning: [m[Kno return statement in function returning non-void [[01;35m[K]8;;https://gcc.gnu.org/onlinedocs/gcc/Warning-Options.html#index-Wreturn-type-Wreturn-type]8;;[m[K]
  144 |                 [01;35m[K}[m[K
      |                 [01;35m[K^[m[K
[01m[K/home/ubuntu/my_n10_topic/workspace/src/LSLIDAR_X_ROS2-20240228/src/lslidar_driver/src/lslidar_driver.cc:[m[K At global scope:
[01m[K/home/ubuntu/my_n10_topic/workspace/src/LSLIDAR_X_ROS2-20240228/src/lslidar_driver/src/lslidar_driver.cc:145:17:[m[K [01;31m[Kerror: [m[Kâ€˜[01m[Kcount_num[m[Kâ€™ does not name a type
  145 |                 [01;31m[Kcount_num[m[K = 0;
      |                 [01;31m[K^~~~~~~~~[m[K
[01m[K/home/ubuntu/my_n10_topic/workspace/src/LSLIDAR_X_ROS2-20240228/src/lslidar_driver/src/lslidar_driver.cc:147:17:[m[K [01;31m[Kerror: [m[Kâ€˜[01m[Kscan_points_[m[Kâ€™ does not name a type; did you mean â€˜[01m[KScanPoint[m[Kâ€™?
  147 |                 [01;31m[Kscan_points_[m[K.resize(6000);
      |                 [01;31m[K^~~~~~~~~~~~[m[K
      |                 [32m[KScanPoint[m[K
[01m[K/home/ubuntu/my_n10_topic/workspace/src/LSLIDAR_X_ROS2-20240228/src/lslidar_driver/src/lslidar_driver.cc:149:17:[m[K [01;31m[Kerror: [m[Kexpected unqualified-id before â€˜[01m[Kif[m[Kâ€™
  149 |                 [01;31m[Kif[m[K (lidar_name == "M10")
      |                 [01;31m[K^~[m[K
[01m[K/home/ubuntu/my_n10_topic/workspace/src/LSLIDAR_X_ROS2-20240228/src/lslidar_driver/src/lslidar_driver.cc:160:17:[m[K [01;31m[Kerror: [m[Kexpected unqualified-id before â€˜[01m[Kelse[m[Kâ€™
  160 |                 [01;31m[Kelse[m[K if (lidar_name == "M10_P")
      |                 [01;31m[K^~~~[m[K
[01m[K/home/ubuntu/my_n10_topic/workspace/src/LSLIDAR_X_ROS2-20240228/src/lslidar_driver/src/lslidar_driver.cc:170:17:[m[K [01;31m[Kerror: [m[Kexpected unqualified-id before â€˜[01m[Kelse[m[Kâ€™
  170 |                 [01;31m[Kelse[m[K if (lidar_name == "M10_PLUS")
      |                 [01;31m[K^~~~[m[K
[01m[K/home/ubuntu/my_n10_topic/workspace/src/LSLIDAR_X_ROS2-20240228/src/lslidar_driver/src/lslidar_driver.cc:180:17:[m[K [01;31m[Kerror: [m[Kexpected unqualified-id before â€˜[01m[Kelse[m[Kâ€™
  180 |                 [01;31m[Kelse[m[K if (lidar_name == "M10_GPS")
      |                 [01;31m[K^~~~[m[K
[01m[K/home/ubuntu/my_n10_topic/workspace/src/LSLIDAR_X_ROS2-20240228/src/lslidar_driver/src/lslidar_driver.cc:190:17:[m[K [01;31m[Kerror: [m[Kexpected unqualified-id before â€˜[01m[Kelse[m[Kâ€™
  190 |                 [01;31m[Kelse[m[K if (lidar_name == "N10")
      |                 [01;31m[K^~~~[m[K
[01m[K/home/ubuntu/my_n10_topic/workspace/src/LSLIDAR_X_ROS2-20240228/src/lslidar_driver/src/lslidar_driver.cc:202:17:[m[K [01;31m[Kerror: [m[Kexpected unqualified-id before â€˜[01m[Kelse[m[Kâ€™
  202 |                 [01;31m[Kelse[m[K if (lidar_name == "M10_DOUBLE")
      |                 [01;31m[K^~~~[m[K
[01m[K/home/ubuntu/my_n10_topic/workspace/src/LSLIDAR_X_ROS2-20240228/src/lslidar_driver/src/lslidar_driver.cc:212:17:[m[K [01;31m[Kerror: [m[Kexpected unqualified-id before â€˜[01m[Kelse[m[Kâ€™
  212 |                 [01;31m[Kelse[m[K if (lidar_name == "N10_P")
      |                 [01;31m[K^~~~[m[K
[01m[K/home/ubuntu/my_n10_topic/workspace/src/LSLIDAR_X_ROS2-20240228/src/lslidar_driver/src/lslidar_driver.cc:224:17:[m[K [01;31m[Kerror: [m[Kexpected unqualified-id before â€˜[01m[Kelse[m[Kâ€™
  224 |                 [01;31m[Kelse[m[K if (lidar_name == "L10")
      |                 [01;31m[K^~~~[m[K
In file included from [01m[K/opt/ros/humble/include/rclcpp/rclcpp/client.hpp:40[m[K,
                 from [01m[K/opt/ros/humble/include/rclcpp/rclcpp/callback_group.hpp:24[m[K,
                 from [01m[K/opt/ros/humble/include/rclcpp/rclcpp/any_executable.hpp:20[m[K,
                 from [01m[K/opt/ros/humble/include/rclcpp/rclcpp/memory_strategy.hpp:25[m[K,
                 from [01m[K/opt/ros/humble/include/rclcpp/rclcpp/memory_strategies.hpp:18[m[K,
                 from [01m[K/opt/ros/humble/include/rclcpp/rclcpp/executor_options.hpp:20[m[K,
                 from [01m[K/opt/ros/humble/include/rclcpp/rclcpp/executor.hpp:37[m[K,
                 from [01m[K/opt/ros/humble/include/rclcpp/rclcpp/executors/multi_threaded_executor.hpp:25[m[K,
                 from [01m[K/opt/ros/humble/include/rclcpp/rclcpp/executors.hpp:21[m[K,
                 from [01m[K/opt/ros/humble/include/rclcpp/rclcpp/rclcpp.hpp:155[m[K,
                 from [01m[K/home/ubuntu/my_n10_topic/workspace/src/LSLIDAR_X_ROS2-20240228/src/lslidar_driver/src/lslidar_driver.cc:30[m[K:
[01m[K/home/ubuntu/my_n10_topic/workspace/src/LSLIDAR_X_ROS2-20240228/src/lslidar_driver/src/lslidar_driver.cc:236:17:[m[K [01;31m[Kerror: [m[Kexpected unqualified-id before â€˜[01m[Kdo[m[Kâ€™
  236 |                 [01;31m[KRCLCPP_INFO_STREAM[m[K(this->get_logger(), "Lidar is " << lidar_name.c_str());
      |                 [01;31m[K^~~~~~~~~~~~~~~~~~[m[K
[01m[K/home/ubuntu/my_n10_topic/workspace/src/LSLIDAR_X_ROS2-20240228/src/lslidar_driver/src/lslidar_driver.cc:236:17:[m[K [01;31m[Kerror: [m[Kexpected unqualified-id before â€˜[01m[Kwhile[m[Kâ€™
  236 |                 [01;31m[KRCLCPP_INFO_STREAM[m[K(this->get_logger(), "Lidar is " << lidar_name.c_str());
      |                 [01;31m[K^~~~~~~~~~~~~~~~~~[m[K
[01m[K/home/ubuntu/my_n10_topic/workspace/src/LSLIDAR_X_ROS2-20240228/src/lslidar_driver/src/lslidar_driver.cc:238:17:[m[K [01;31m[Kerror: [m[Kexpected unqualified-id before â€˜[01m[Kif[m[Kâ€™
  238 |                 [01;31m[Kif[m[K (pubScan)
      |                 [01;31m[K^~[m[K
[01m[K/home/ubuntu/my_n10_topic/workspace/src/LSLIDAR_X_ROS2-20240228/src/lslidar_driver/src/lslidar_driver.cc:240:17:[m[K [01;31m[Kerror: [m[Kexpected unqualified-id before â€˜[01m[Kif[m[Kâ€™
  240 |                 [01;31m[Kif[m[K (pubPointCloud2)
      |                 [01;31m[K^~[m[K
[01m[K/home/ubuntu/my_n10_topic/workspace/src/LSLIDAR_X_ROS2-20240228/src/lslidar_driver/src/lslidar_driver.cc:242:17:[m[K [01;31m[Kerror: [m[Kâ€˜[01m[Kdifop_switch[m[Kâ€™ does not name a type
  242 |                 [01;31m[Kdifop_switch[m[K = this->create_subscription<std_msgs::msg::Int8>("lslidar_order", 1, std::bind(&LslidarDriver::lidar_order, this, std::placeholders::_1)); // è½¬é€Ÿè¾“å…¥
      |                 [01;31m[K^~~~~~~~~~~~[m[K
[01m[K/home/ubuntu/my_n10_topic/workspace/src/LSLIDAR_X_ROS2-20240228/src/lslidar_driver/src/lslidar_driver.cc:243:17:[m[K [01;31m[Kerror: [m[Kexpected unqualified-id before â€˜[01m[Kreturn[m[Kâ€™
  243 |                 [01;31m[Kreturn[m[K true;
      |                 [01;31m[K^~~~~~[m[K
[01m[K/home/ubuntu/my_n10_topic/workspace/src/LSLIDAR_X_ROS2-20240228/src/lslidar_driver/src/lslidar_driver.cc:246:14:[m[K [01;31m[Kerror: [m[Kâ€˜[01m[KLslidarDriver[m[Kâ€™ has not been declared
  246 |         void [01;31m[KLslidarDriver[m[K::lidar_difop()
      |              [01;31m[K^~~~~~~~~~~~~[m[K
[01m[K/home/ubuntu/my_n10_topic/workspace/src/LSLIDAR_X_ROS2-20240228/src/lslidar_driver/src/lslidar_driver.cc:[m[K In function â€˜[01m[Kvoid lidar_difop()[m[Kâ€™:
[01m[K/home/ubuntu/my_n10_topic/workspace/src/LSLIDAR_X_ROS2-20240228/src/lslidar_driver/src/lslidar_driver.cc:248:21:[m[K [01;31m[Kerror: [m[Kâ€˜[01m[Klidar_name[m[Kâ€™ was not declared in this scope
  248 |                 if ([01;31m[Klidar_name[m[K == "L10" || lidar_name == "N10" || lidar_name == "N10_P")
      |                     [01;31m[K^~~~~~~~~~[m[K
[01m[K/home/ubuntu/my_n10_topic/workspace/src/LSLIDAR_X_ROS2-20240228/src/lslidar_driver/src/lslidar_driver.cc:250:21:[m[K [01;31m[Kerror: [m[Kâ€˜[01m[Kinterface_selection[m[Kâ€™ was not declared in this scope
  250 |                 if ([01;31m[Kinterface_selection[m[K == "net")
      |                     [01;31m[K^~~~~~~~~~~~~~~~~~~[m[K
[01m[K/home/ubuntu/my_n10_topic/workspace/src/LSLIDAR_X_ROS2-20240228/src/lslidar_driver/src/lslidar_driver.cc:251:25:[m[K [01;31m[Kerror: [m[Kâ€˜[01m[Kmsop_input_[m[Kâ€™ was not declared in this scope
  251 |                         [01;31m[Kmsop_input_[m[K->UDP_difop();
      |                         [01;31m[K^~~~~~~~~~~[m[K
[01m[K/home/ubuntu/my_n10_topic/workspace/src/LSLIDAR_X_ROS2-20240228/src/lslidar_driver/src/lslidar_driver.cc:264:43:[m[K [01;31m[Kerror: [m[Kâ€˜[01m[Kserial_[m[Kâ€™ was not declared in this scope
  264 |                                 int rtn = [01;31m[Kserial_[m[K->send((const char *)data, 188);
      |                                           [01;31m[K^~~~~~~[m[K
[01m[K/home/ubuntu/my_n10_topic/workspace/src/LSLIDAR_X_ROS2-20240228/src/lslidar_driver/src/lslidar_driver.cc:[m[K At global scope:
[01m[K/home/ubuntu/my_n10_topic/workspace/src/LSLIDAR_X_ROS2-20240228/src/lslidar_driver/src/lslidar_driver.cc:274:14:[m[K [01;31m[Kerror: [m[Kâ€˜[01m[KLslidarDriver[m[Kâ€™ has not been declared
  274 |         void [01;31m[KLslidarDriver[m[K::lidar_order(const std_msgs::msg::Int8::SharedPtr msg)
      |              [01;31m[K^~~~~~~~~~~~~[m[K
[01m[K/home/ubuntu/my_n10_topic/workspace/src/LSLIDAR_X_ROS2-20240228/src/lslidar_driver/src/lslidar_driver.cc:[m[K In function â€˜[01m[Kvoid lidar_order(std_msgs::msg::Int8_<std::allocator<void> >::SharedPtr)[m[Kâ€™:
[01m[K/home/ubuntu/my_n10_topic/workspace/src/LSLIDAR_X_ROS2-20240228/src/lslidar_driver/src/lslidar_driver.cc:276:21:[m[K [01;31m[Kerror: [m[Kâ€˜[01m[Klidar_name[m[Kâ€™ was not declared in this scope
  276 |                 if ([01;31m[Klidar_name[m[K == "L10")
      |                     [01;31m[K^~~~~~~~~~[m[K
[01m[K/home/ubuntu/my_n10_topic/workspace/src/LSLIDAR_X_ROS2-20240228/src/lslidar_driver/src/lslidar_driver.cc:280:25:[m[K [01;31m[Kerror: [m[Kâ€˜[01m[Kis_start[m[Kâ€™ was not declared in this scope; did you mean â€˜[01m[Kva_start[m[Kâ€™?
  280 |                         [01;31m[Kis_start[m[K = false;
      |                         [01;31m[K^~~~~~~~[m[K
      |                         [32m[Kva_start[m[K
[01m[K/home/ubuntu/my_n10_topic/workspace/src/LSLIDAR_X_ROS2-20240228/src/lslidar_driver/src/lslidar_driver.cc:282:25:[m[K [01;31m[Kerror: [m[Kâ€˜[01m[Kis_start[m[Kâ€™ was not declared in this scope; did you mean â€˜[01m[Kva_start[m[Kâ€™?
  282 |                         [01;31m[Kis_start[m[K = true;
      |                         [01;31m[K^~~~~~~~[m[K
      |                         [32m[Kva_start[m[K
[01m[K/home/ubuntu/my_n10_topic/workspace/src/LSLIDAR_X_ROS2-20240228/src/lslidar_driver/src/lslidar_driver.cc:283:21:[m[K [01;31m[Kerror: [m[Kâ€˜[01m[Kinterface_selection[m[Kâ€™ was not declared in this scope
  283 |                 if ([01;31m[Kinterface_selection[m[K == "net")
      |                     [01;31m[K^~~~~~~~~~~~~~~~~~~[m[K
[01m[K/home/ubuntu/my_n10_topic/workspace/src/LSLIDAR_X_ROS2-20240228/src/lslidar_driver/src/lslidar_driver.cc:284:25:[m[K [01;31m[Kerror: [m[Kâ€˜[01m[Kmsop_input_[m[Kâ€™ was not declared in this scope
  284 |                         [01;31m[Kmsop_input_[m[K->UDP_order(*msg);
      |                         [01;31m[K^~~~~~~~~~~[m[K
[01m[K/home/ubuntu/my_n10_topic/workspace/src/LSLIDAR_X_ROS2-20240228/src/lslidar_driver/src/lslidar_driver.cc:298:37:[m[K [01;31m[Kerror: [m[Kâ€˜[01m[Klidar_name[m[Kâ€™ was not declared in this scope
  298 |                                 if ([01;31m[Klidar_name[m[K == "M10" || lidar_name == "M10_GPS" || lidar_name == "M10_P" || lidar_name == "M10_DOUBLE")
      |                                     [01;31m[K^~~~~~~~~~[m[K
[01m[K/home/ubuntu/my_n10_topic/workspace/src/LSLIDAR_X_ROS2-20240228/src/lslidar_driver/src/lslidar_driver.cc:309:53:[m[K [01;31m[Kerror: [m[Kâ€˜[01m[Kis_start[m[Kâ€™ was not declared in this scope; did you mean â€˜[01m[Kva_start[m[Kâ€™?
  309 |                                                 if ([01;31m[Kis_start[m[K)
      |                                                     [01;31m[K^~~~~~~~[m[K
      |                                                     [32m[Kva_start[m[K
[01m[K/home/ubuntu/my_n10_topic/workspace/src/LSLIDAR_X_ROS2-20240228/src/lslidar_driver/src/lslidar_driver.cc:316:53:[m[K [01;31m[Kerror: [m[Kâ€˜[01m[Kis_start[m[Kâ€™ was not declared in this scope; did you mean â€˜[01m[Kva_start[m[Kâ€™?
  316 |                                                 if ([01;31m[Kis_start[m[K)
      |                                                     [01;31m[K^~~~~~~~[m[K
      |                                                     [32m[Kva_start[m[K
[01m[K/home/ubuntu/my_n10_topic/workspace/src/LSLIDAR_X_ROS2-20240228/src/lslidar_driver/src/lslidar_driver.cc:323:53:[m[K [01;31m[Kerror: [m[Kâ€˜[01m[Kis_start[m[Kâ€™ was not declared in this scope; did you mean â€˜[01m[Kva_start[m[Kâ€™?
  323 |                                                 if ([01;31m[Kis_start[m[K)
      |                                                     [01;31m[K^~~~~~~~[m[K
      |                                                     [32m[Kva_start[m[K
[01m[K/home/ubuntu/my_n10_topic/workspace/src/LSLIDAR_X_ROS2-20240228/src/lslidar_driver/src/lslidar_driver.cc:402:39:[m[K [01;31m[Kerror: [m[Kâ€˜[01m[Kserial_[m[Kâ€™ was not declared in this scope
  402 |                                 rtn = [01;31m[Kserial_[m[K->send((const char *)data, 188);
      |                                       [01;31m[K^~~~~~~[m[K
[01m[K/home/ubuntu/my_n10_topic/workspace/src/LSLIDAR_X_ROS2-20240228/src/lslidar_driver/src/lslidar_driver.cc:410:49:[m[K [01;31m[Kerror: [m[Kâ€˜[01m[Kis_start[m[Kâ€™ was not declared in this scope; did you mean â€˜[01m[Kva_start[m[Kâ€™?
  410 |                                                 [01;31m[Kis_start[m[K = false;
      |                                                 [01;31m[K^~~~~~~~[m[K
      |                                                 [32m[Kva_start[m[K
[01m[K/home/ubuntu/my_n10_topic/workspace/src/LSLIDAR_X_ROS2-20240228/src/lslidar_driver/src/lslidar_driver.cc:412:49:[m[K [01;31m[Kerror: [m[Kâ€˜[01m[Kis_start[m[Kâ€™ was not declared in this scope; did you mean â€˜[01m[Kva_start[m[Kâ€™?
  412 |                                                 [01;31m[Kis_start[m[K = true;
      |                                                 [01;31m[K^~~~~~~~[m[K
      |                                                 [32m[Kva_start[m[K
[01m[K/home/ubuntu/my_n10_topic/workspace/src/LSLIDAR_X_ROS2-20240228/src/lslidar_driver/src/lslidar_driver.cc:[m[K At global scope:
[01m[K/home/ubuntu/my_n10_topic/workspace/src/LSLIDAR_X_ROS2-20240228/src/lslidar_driver/src/lslidar_driver.cc:420:14:[m[K [01;31m[Kerror: [m[Kâ€˜[01m[KLslidarDriver[m[Kâ€™ has not been declared
  420 |         void [01;31m[KLslidarDriver[m[K::open_serial()
      |              [01;31m[K^~~~~~~~~~~~~[m[K
[01m[K/home/ubuntu/my_n10_topic/workspace/src/LSLIDAR_X_ROS2-20240228/src/lslidar_driver/src/lslidar_driver.cc:[m[K In function â€˜[01m[Kvoid open_serial()[m[Kâ€™:
[01m[K/home/ubuntu/my_n10_topic/workspace/src/LSLIDAR_X_ROS2-20240228/src/lslidar_driver/src/lslidar_driver.cc:422:17:[m[K [01;31m[Kerror: [m[Kâ€˜[01m[Kdiagnostics[m[Kâ€™ was not declared in this scope; did you mean â€˜[01m[Kdiagnostic_msgs[m[Kâ€™?
  422 |                 [01;31m[Kdiagnostics[m[K.setHardwareID("Lslidar");
      |                 [01;31m[K^~~~~~~~~~~[m[K
      |                 [32m[Kdiagnostic_msgs[m[K
[01m[K/home/ubuntu/my_n10_topic/workspace/src/LSLIDAR_X_ROS2-20240228/src/lslidar_driver/src/lslidar_driver.cc:424:17:[m[K [01;31m[Kerror: [m[Kâ€˜[01m[Kserial_port_[m[Kâ€™ was not declared in this scope
  424 |                 [01;31m[Kserial_port_[m[K = std::string("/dev/ttyUSB0");
      |                 [01;31m[K^~~~~~~~~~~~[m[K
[01m[K/home/ubuntu/my_n10_topic/workspace/src/LSLIDAR_X_ROS2-20240228/src/lslidar_driver/src/lslidar_driver.cc:425:17:[m[K [01;31m[Kerror: [m[Kinvalid use of â€˜[01m[Kthis[m[Kâ€™ in non-member function
  425 |                 [01;31m[Kthis[m[K->declare_parameter<std::string>("serial_port_", "/dev/ttyUSB0");
      |                 [01;31m[K^~~~[m[K
[01m[K/home/ubuntu/my_n10_topic/workspace/src/LSLIDAR_X_ROS2-20240228/src/lslidar_driver/src/lslidar_driver.cc:425:52:[m[K [01;31m[Kerror: [m[Kexpected primary-expression before â€˜[01m[K>[m[Kâ€™ token
  425 |                 this->declare_parameter<std::string[01;31m[K>[m[K("serial_port_", "/dev/ttyUSB0");
      |                                                    [01;31m[K^[m[K
[01m[K/home/ubuntu/my_n10_topic/workspace/src/LSLIDAR_X_ROS2-20240228/src/lslidar_driver/src/lslidar_driver.cc:425:54:[m[K [01;35m[Kwarning: [m[Kleft operand of comma operator has no effect [[01;35m[K]8;;https://gcc.gnu.org/onlinedocs/gcc/Warning-Options.html#index-Wunused-value-Wunused-value]8;;[m[K]
  425 |                 this->declare_parameter<std::string>([01;35m[K"serial_port_"[m[K, "/dev/ttyUSB0");
      |                                                      [01;35m[K^~~~~~~~~~~~~~[m[K
[01m[K/home/ubuntu/my_n10_topic/workspace/src/LSLIDAR_X_ROS2-20240228/src/lslidar_driver/src/lslidar_driver.cc:426:17:[m[K [01;31m[Kerror: [m[Kinvalid use of â€˜[01m[Kthis[m[Kâ€™ in non-member function
  426 |                 [01;31m[Kthis[m[K->get_parameter("serial_port_", serial_port_);
      |                 [01;31m[K^~~~[m[K
[01m[K/home/ubuntu/my_n10_topic/workspace/src/LSLIDAR_X_ROS2-20240228/src/lslidar_driver/src/lslidar_driver.cc:427:17:[m[K [01;31m[Kerror: [m[Kâ€˜[01m[Kserial_[m[Kâ€™ was not declared in this scope
  427 |                 [01;31m[Kserial_[m[K = LSIOSR::instance(serial_port_, baud_rate_);
      |                 [01;31m[K^~~~~~~[m[K
[01m[K/home/ubuntu/my_n10_topic/workspace/src/LSLIDAR_X_ROS2-20240228/src/lslidar_driver/src/lslidar_driver.cc:427:27:[m[K [01;31m[Kerror: [m[Kâ€˜[01m[KLSIOSR[m[Kâ€™ has not been declared
  427 |                 serial_ = [01;31m[KLSIOSR[m[K::instance(serial_port_, baud_rate_);
      |                           [01;31m[K^~~~~~[m[K
[01m[K/home/ubuntu/my_n10_topic/workspace/src/LSLIDAR_X_ROS2-20240228/src/lslidar_driver/src/lslidar_driver.cc:427:58:[m[K [01;31m[Kerror: [m[Kâ€˜[01m[Kbaud_rate_[m[Kâ€™ was not declared in this scope
  427 |                 serial_ = LSIOSR::instance(serial_port_, [01;31m[Kbaud_rate_[m[K);
      |                                                          [01;31m[K^~~~~~~~~~[m[K
[01m[K/home/ubuntu/my_n10_topic/workspace/src/LSLIDAR_X_ROS2-20240228/src/lslidar_driver/src/lslidar_driver.cc:[m[K At global scope:
[01m[K/home/ubuntu/my_n10_topic/workspace/src/LSLIDAR_X_ROS2-20240228/src/lslidar_driver/src/lslidar_driver.cc:438:14:[m[K [01;31m[Kerror: [m[Kâ€˜[01m[KLslidarDriver[m[Kâ€™ has not been declared
  438 |         bool [01;31m[KLslidarDriver[m[K::createRosIO()
      |              [01;31m[K^~~~~~~~~~~~~[m[K
[01m[K/home/ubuntu/my_n10_topic/workspace/src/LSLIDAR_X_ROS2-20240228/src/lslidar_driver/src/lslidar_driver.cc:[m[K In function â€˜[01m[Kbool createRosIO()[m[Kâ€™:
[01m[K/home/ubuntu/my_n10_topic/workspace/src/LSLIDAR_X_ROS2-20240228/src/lslidar_driver/src/lslidar_driver.cc:440:17:[m[K [01;31m[Kerror: [m[Kâ€˜[01m[KUDP_PORT_NUMBER[m[Kâ€™ was not declared in this scope
  440 |                 [01;31m[KUDP_PORT_NUMBER[m[K = 2368;
      |                 [01;31m[K^~~~~~~~~~~~~~~[m[K
[01m[K/home/ubuntu/my_n10_topic/workspace/src/LSLIDAR_X_ROS2-20240228/src/lslidar_driver/src/lslidar_driver.cc:441:17:[m[K [01;31m[Kerror: [m[Kinvalid use of â€˜[01m[Kthis[m[Kâ€™ in non-member function
  441 |                 [01;31m[Kthis[m[K->declare_parameter<int>("msop_port", 2368);
      |                 [01;31m[K^~~~[m[K
[01m[K/home/ubuntu/my_n10_topic/workspace/src/LSLIDAR_X_ROS2-20240228/src/lslidar_driver/src/lslidar_driver.cc:441:41:[m[K [01;31m[Kerror: [m[Kexpected primary-expression before â€˜[01m[Kint[m[Kâ€™
  441 |                 this->declare_parameter<[01;31m[Kint[m[K>("msop_port", 2368);
      |                                         [01;31m[K^~~[m[K
[01m[K/home/ubuntu/my_n10_topic/workspace/src/LSLIDAR_X_ROS2-20240228/src/lslidar_driver/src/lslidar_driver.cc:442:17:[m[K [01;31m[Kerror: [m[Kinvalid use of â€˜[01m[Kthis[m[Kâ€™ in non-member function
  442 |                 [01;31m[Kthis[m[K->get_parameter("msop_port", UDP_PORT_NUMBER);
      |                 [01;31m[K^~~~[m[K
In file included from [01m[K/opt/ros/humble/include/rclcpp/rclcpp/client.hpp:40[m[K,
                 from [01m[K/opt/ros/humble/include/rclcpp/rclcpp/callback_group.hpp:24[m[K,
                 from [01m[K/opt/ros/humble/include/rclcpp/rclcpp/any_executable.hpp:20[m[K,
                 from [01m[K/opt/ros/humble/include/rclcpp/rclcpp/memory_strategy.hpp:25[m[K,
                 from [01m[K/opt/ros/humble/include/rclcpp/rclcpp/memory_strategies.hpp:18[m[K,
                 from [01m[K/opt/ros/humble/include/rclcpp/rclcpp/executor_options.hpp:20[m[K,
                 from [01m[K/opt/ros/humble/include/rclcpp/rclcpp/executor.hpp:37[m[K,
                 from [01m[K/opt/ros/humble/include/rclcpp/rclcpp/executors/multi_threaded_executor.hpp:25[m[K,
                 from [01m[K/opt/ros/humble/include/rclcpp/rclcpp/executors.hpp:21[m[K,
                 from [01m[K/opt/ros/humble/include/rclcpp/rclcpp/rclcpp.hpp:155[m[K,
                 from [01m[K/home/ubuntu/my_n10_topic/workspace/src/LSLIDAR_X_ROS2-20240228/src/lslidar_driver/src/lslidar_driver.cc:30[m[K:
[01m[K/home/ubuntu/my_n10_topic/workspace/src/LSLIDAR_X_ROS2-20240228/src/lslidar_driver/src/lslidar_driver.cc:443:36:[m[K [01;31m[Kerror: [m[Kinvalid use of â€˜[01m[Kthis[m[Kâ€™ in non-member function
  443 |                 RCLCPP_INFO_STREAM([01;31m[Kthis[m[K->get_logger(), "Opening UDP socket: port " << UDP_PORT_NUMBER);
      |                                    [01;31m[K^~~~[m[K
[01m[K/home/ubuntu/my_n10_topic/workspace/src/LSLIDAR_X_ROS2-20240228/src/lslidar_driver/src/lslidar_driver.cc:443:36:[m[K [01;31m[Kerror: [m[Kinvalid use of â€˜[01m[Kthis[m[Kâ€™ in non-member function
[01m[K/home/ubuntu/my_n10_topic/workspace/src/LSLIDAR_X_ROS2-20240228/src/lslidar_driver/src/lslidar_driver.cc:443:17:[m[K [01;31m[Kerror: [m[Ktemplate argument 1 is invalid
  443 |                 [01;31m[KRCLCPP_INFO_STREAM[m[K(this->get_logger(), "Opening UDP socket: port " << UDP_PORT_NUMBER);
      |                 [01;31m[K^~~~~~~~~~~~~~~~~~[m[K
[01m[K/home/ubuntu/my_n10_topic/workspace/src/LSLIDAR_X_ROS2-20240228/src/lslidar_driver/src/lslidar_driver.cc:443:17:[m[K [01;31m[Kerror: [m[Ktemplate argument 1 is invalid
  443 |                 [01;31m[KRCLCPP_INFO_STREAM[m[K(this->get_logger(), "Opening UDP socket: port " << UDP_PORT_NUMBER);
      |                 [01;31m[K^~~~~~~~~~~~~~~~~~[m[K
[01m[K/home/ubuntu/my_n10_topic/workspace/src/LSLIDAR_X_ROS2-20240228/src/lslidar_driver/src/lslidar_driver.cc:443:17:[m[K [01;31m[Kerror: [m[Ktemplate argument 1 is invalid
  443 |                 [01;31m[KRCLCPP_INFO_STREAM[m[K(this->get_logger(), "Opening UDP socket: port " << UDP_PORT_NUMBER);
      |                 [01;31m[K^~~~~~~~~~~~~~~~~~[m[K
In file included from [01m[K/opt/ros/humble/include/rclcpp/rclcpp/logging.hpp:24[m[K,
                 from [01m[K/opt/ros/humble/include/rclcpp/rclcpp/client.hpp:40[m[K,
                 from [01m[K/opt/ros/humble/include/rclcpp/rclcpp/callback_group.hpp:24[m[K,
                 from [01m[K/opt/ros/humble/include/rclcpp/rclcpp/any_executable.hpp:20[m[K,
                 from [01m[K/opt/ros/humble/include/rclcpp/rclcpp/memory_strategy.hpp:25[m[K,
                 from [01m[K/opt/ros/humble/include/rclcpp/rclcpp/memory_strategies.hpp:18[m[K,
                 from [01m[K/opt/ros/humble/include/rclcpp/rclcpp/executor_options.hpp:20[m[K,
                 from [01m[K/opt/ros/humble/include/rclcpp/rclcpp/executor.hpp:37[m[K,
                 from [01m[K/opt/ros/humble/include/rclcpp/rclcpp/executors/multi_threaded_executor.hpp:25[m[K,
                 from [01m[K/opt/ros/humble/include/rclcpp/rclcpp/executors.hpp:21[m[K,
                 from [01m[K/opt/ros/humble/include/rclcpp/rclcpp/rclcpp.hpp:155[m[K,
                 from [01m[K/home/ubuntu/my_n10_topic/workspace/src/LSLIDAR_X_ROS2-20240228/src/lslidar_driver/src/lslidar_driver.cc:30[m[K:
[01m[K/home/ubuntu/my_n10_topic/workspace/src/LSLIDAR_X_ROS2-20240228/src/lslidar_driver/src/lslidar_driver.cc:443:36:[m[K [01;31m[Kerror: [m[Kinvalid use of â€˜[01m[Kthis[m[Kâ€™ in non-member function
  443 |                 RCLCPP_INFO_STREAM([01;31m[Kthis[m[K->get_logger(), "Opening UDP socket: port " << UDP_PORT_NUMBER);
      |                                    [01;31m[K^~~~[m[K
[01m[K/home/ubuntu/my_n10_topic/workspace/src/LSLIDAR_X_ROS2-20240228/src/lslidar_driver/src/lslidar_driver.cc:443:36:[m[K [01;31m[Kerror: [m[Kinvalid use of â€˜[01m[Kthis[m[Kâ€™ in non-member function
  443 |                 RCLCPP_INFO_STREAM([01;31m[Kthis[m[K->get_logger(), "Opening UDP socket: port " << UDP_PORT_NUMBER);
      |                                    [01;31m[K^~~~[m[K
[01m[K/home/ubuntu/my_n10_topic/workspace/src/LSLIDAR_X_ROS2-20240228/src/lslidar_driver/src/lslidar_driver.cc:444:17:[m[K [01;31m[Kerror: [m[Kâ€˜[01m[Kdump_file[m[Kâ€™ was not declared in this scope; did you mean â€˜[01m[Ktmpfile[m[Kâ€™?
  444 |                 [01;31m[Kdump_file[m[K = std::string("");
      |                 [01;31m[K^~~~~~~~~[m[K
      |                 [32m[Ktmpfile[m[K
[01m[K/home/ubuntu/my_n10_topic/workspace/src/LSLIDAR_X_ROS2-20240228/src/lslidar_driver/src/lslidar_driver.cc:445:17:[m[K [01;31m[Kerror: [m[Kinvalid use of â€˜[01m[Kthis[m[Kâ€™ in non-member function
  445 |                 [01;31m[Kthis[m[K->declare_parameter<std::string>("pcap", "");
      |                 [01;31m[K^~~~[m[K
[01m[K/home/ubuntu/my_n10_topic/workspace/src/LSLIDAR_X_ROS2-20240228/src/lslidar_driver/src/lslidar_driver.cc:445:52:[m[K [01;31m[Kerror: [m[Kexpected primary-expression before â€˜[01m[K>[m[Kâ€™ token
  445 |                 this->declare_parameter<std::string[01;31m[K>[m[K("pcap", "");
      |                                                    [01;31m[K^[m[K
[01m[K/home/ubuntu/my_n10_topic/workspace/src/LSLIDAR_X_ROS2-20240228/src/lslidar_driver/src/lslidar_driver.cc:445:54:[m[K [01;35m[Kwarning: [m[Kleft operand of comma operator has no effect [[01;35m[K]8;;https://gcc.gnu.org/onlinedocs/gcc/Warning-Options.html#index-Wunused-value-Wunused-value]8;;[m[K]
  445 |                 this->declare_parameter<std::string>([01;35m[K"pcap"[m[K, "");
      |                                                      [01;35m[K^~~~~~[m[K
[01m[K/home/ubuntu/my_n10_topic/workspace/src/LSLIDAR_X_ROS2-20240228/src/lslidar_driver/src/lslidar_driver.cc:446:17:[m[K [01;31m[Kerror: [m[Kinvalid use of â€˜[01m[Kthis[m[Kâ€™ in non-member function
  446 |                 [01;31m[Kthis[m[K->get_parameter("pcap", dump_file);
      |                 [01;31m[K^~~~[m[K
[01m[K/home/ubuntu/my_n10_topic/workspace/src/LSLIDAR_X_ROS2-20240228/src/lslidar_driver/src/lslidar_driver.cc:448:17:[m[K [01;31m[Kerror: [m[Kâ€˜[01m[Kdiagnostics[m[Kâ€™ was not declared in this scope; did you mean â€˜[01m[Kdiagnostic_msgs[m[Kâ€™?
  448 |                 [01;31m[Kdiagnostics[m[K.setHardwareID("Lslidar");
      |                 [01;31m[K^~~~~~~~~~~[m[K
      |                 [32m[Kdiagnostic_msgs[m[K
[01m[K/home/ubuntu/my_n10_topic/workspace/src/LSLIDAR_X_ROS2-20240228/src/lslidar_driver/src/lslidar_driver.cc:451:17:[m[K [01;31m[Kerror: [m[Kâ€˜[01m[Kdiag_max_freq[m[Kâ€™ was not declared in this scope; did you mean â€˜[01m[Kdiag_freq[m[Kâ€™?
  451 |                 [01;31m[Kdiag_max_freq[m[K = diag_freq;
      |                 [01;31m[K^~~~~~~~~~~~~[m[K
      |                 [32m[Kdiag_freq[m[K
[01m[K/home/ubuntu/my_n10_topic/workspace/src/LSLIDAR_X_ROS2-20240228/src/lslidar_driver/src/lslidar_driver.cc:452:17:[m[K [01;31m[Kerror: [m[Kâ€˜[01m[Kdiag_min_freq[m[Kâ€™ was not declared in this scope; did you mean â€˜[01m[Kdiag_freq[m[Kâ€™?
  452 |                 [01;31m[Kdiag_min_freq[m[K = diag_freq;
      |                 [01;31m[K^~~~~~~~~~~~~[m[K
      |                 [32m[Kdiag_freq[m[K
In file included from [01m[K/opt/ros/humble/include/rclcpp/rclcpp/client.hpp:40[m[K,
                 from [01m[K/opt/ros/humble/include/rclcpp/rclcpp/callback_group.hpp:24[m[K,
                 from [01m[K/opt/ros/humble/include/rclcpp/rclcpp/any_executable.hpp:20[m[K,
                 from [01m[K/opt/ros/humble/include/rclcpp/rclcpp/memory_strategy.hpp:25[m[K,
                 from [01m[K/opt/ros/humble/include/rclcpp/rclcpp/memory_strategies.hpp:18[m[K,
                 from [01m[K/opt/ros/humble/include/rclcpp/rclcpp/executor_options.hpp:20[m[K,
                 from [01m[K/opt/ros/humble/include/rclcpp/rclcpp/executor.hpp:37[m[K,
                 from [01m[K/opt/ros/humble/include/rclcpp/rclcpp/executors/multi_threaded_executor.hpp:25[m[K,
                 from [01m[K/opt/ros/humble/include/rclcpp/rclcpp/executors.hpp:21[m[K,
                 from [01m[K/opt/ros/humble/include/rclcpp/rclcpp/rclcpp.hpp:155[m[K,
                 from [01m[K/home/ubuntu/my_n10_topic/workspace/src/LSLIDAR_X_ROS2-20240228/src/lslidar_driver/src/lslidar_driver.cc:30[m[K:
[01m[K/home/ubuntu/my_n10_topic/workspace/src/LSLIDAR_X_ROS2-20240228/src/lslidar_driver/src/lslidar_driver.cc:453:29:[m[K [01;31m[Kerror: [m[Kinvalid use of â€˜[01m[Kthis[m[Kâ€™ in non-member function
  453 |                 RCLCPP_INFO([01;31m[Kthis[m[K->get_logger(), "expected frequency: %.3f (Hz)", diag_freq);
      |                             [01;31m[K^~~~[m[K
[01m[K/home/ubuntu/my_n10_topic/workspace/src/LSLIDAR_X_ROS2-20240228/src/lslidar_driver/src/lslidar_driver.cc:453:29:[m[K [01;31m[Kerror: [m[Kinvalid use of â€˜[01m[Kthis[m[Kâ€™ in non-member function
[01m[K/home/ubuntu/my_n10_topic/workspace/src/LSLIDAR_X_ROS2-20240228/src/lslidar_driver/src/lslidar_driver.cc:453:17:[m[K [01;31m[Kerror: [m[Ktemplate argument 1 is invalid
  453 |                 [01;31m[KRCLCPP_INFO[m[K(this->get_logger(), "expected frequency: %.3f (Hz)", diag_freq);
      |                 [01;31m[K^~~~~~~~~~~[m[K
[01m[K/home/ubuntu/my_n10_topic/workspace/src/LSLIDAR_X_ROS2-20240228/src/lslidar_driver/src/lslidar_driver.cc:453:17:[m[K [01;31m[Kerror: [m[Ktemplate argument 1 is invalid
  453 |                 [01;31m[KRCLCPP_INFO[m[K(this->get_logger(), "expected frequency: %.3f (Hz)", diag_freq);
      |                 [01;31m[K^~~~~~~~~~~[m[K
[01m[K/home/ubuntu/my_n10_topic/workspace/src/LSLIDAR_X_ROS2-20240228/src/lslidar_driver/src/lslidar_driver.cc:453:17:[m[K [01;31m[Kerror: [m[Ktemplate argument 1 is invalid
  453 |                 [01;31m[KRCLCPP_INFO[m[K(this->get_logger(), "expected frequency: %.3f (Hz)", diag_freq);
      |                 [01;31m[K^~~~~~~~~~~[m[K
In file included from [01m[K/opt/ros/humble/include/rclcpp/rclcpp/logging.hpp:24[m[K,
                 from [01m[K/opt/ros/humble/include/rclcpp/rclcpp/client.hpp:40[m[K,
                 from [01m[K/opt/ros/humble/include/rclcpp/rclcpp/callback_group.hpp:24[m[K,
                 from [01m[K/opt/ros/humble/include/rclcpp/rclcpp/any_executable.hpp:20[m[K,
                 from [01m[K/opt/ros/humble/include/rclcpp/rclcpp/memory_strategy.hpp:25[m[K,
                 from [01m[K/opt/ros/humble/include/rclcpp/rclcpp/memory_strategies.hpp:18[m[K,
                 from [01m[K/opt/ros/humble/include/rclcpp/rclcpp/executor_options.hpp:20[m[K,
                 from [01m[K/opt/ros/humble/include/rclcpp/rclcpp/executor.hpp:37[m[K,
                 from [01m[K/opt/ros/humble/include/rclcpp/rclcpp/executors/multi_threaded_executor.hpp:25[m[K,
                 from [01m[K/opt/ros/humble/include/rclcpp/rclcpp/executors.hpp:21[m[K,
                 from [01m[K/opt/ros/humble/include/rclcpp/rclcpp/rclcpp.hpp:155[m[K,
                 from [01m[K/home/ubuntu/my_n10_topic/workspace/src/LSLIDAR_X_ROS2-20240228/src/lslidar_driver/src/lslidar_driver.cc:30[m[K:
[01m[K/home/ubuntu/my_n10_topic/workspace/src/LSLIDAR_X_ROS2-20240228/src/lslidar_driver/src/lslidar_driver.cc:453:29:[m[K [01;31m[Kerror: [m[Kinvalid use of â€˜[01m[Kthis[m[Kâ€™ in non-member function
  453 |                 RCLCPP_INFO([01;31m[Kthis[m[K->get_logger(), "expected frequency: %.3f (Hz)", diag_freq);
      |                             [01;31m[K^~~~[m[K
[01m[K/home/ubuntu/my_n10_topic/workspace/src/LSLIDAR_X_ROS2-20240228/src/lslidar_driver/src/lslidar_driver.cc:453:29:[m[K [01;31m[Kerror: [m[Kinvalid use of â€˜[01m[Kthis[m[Kâ€™ in non-member function
  453 |                 RCLCPP_INFO([01;31m[Kthis[m[K->get_logger(), "expected frequency: %.3f (Hz)", diag_freq);
      |                             [01;31m[K^~~~[m[K
[01m[K/home/ubuntu/my_n10_topic/workspace/src/LSLIDAR_X_ROS2-20240228/src/lslidar_driver/src/lslidar_driver.cc:456:17:[m[K [01;31m[Kerror: [m[Kâ€˜[01m[Kdiag_topic[m[Kâ€™ was not declared in this scope
  456 |                 [01;31m[Kdiag_topic[m[K.reset(new TopicDiagnostic(
      |                 [01;31m[K^~~~~~~~~~[m[K
[01m[K/home/ubuntu/my_n10_topic/workspace/src/LSLIDAR_X_ROS2-20240228/src/lslidar_driver/src/lslidar_driver.cc:462:21:[m[K [01;31m[Kerror: [m[Kâ€˜[01m[Klidar_name[m[Kâ€™ was not declared in this scope
  462 |                 if ([01;31m[Klidar_name[m[K == "M10_P")
      |                     [01;31m[K^~~~~~~~~~[m[K
[01m[K/home/ubuntu/my_n10_topic/workspace/src/LSLIDAR_X_ROS2-20240228/src/lslidar_driver/src/lslidar_driver.cc:470:25:[m[K [01;31m[Kerror: [m[Kâ€˜[01m[Kmsop_input_[m[Kâ€™ was not declared in this scope
  470 |                         [01;31m[Kmsop_input_[m[K.reset(new lslidar_driver::InputPCAP(this, UDP_PORT_NUMBER, packet_rate, dump_file));
      |                         [01;31m[K^~~~~~~~~~~[m[K
[01m[K/home/ubuntu/my_n10_topic/workspace/src/LSLIDAR_X_ROS2-20240228/src/lslidar_driver/src/lslidar_driver.cc:470:73:[m[K [01;31m[Kerror: [m[Kinvalid use of â€˜[01m[Kthis[m[Kâ€™ in non-member function
  470 |                         msop_input_.reset(new lslidar_driver::InputPCAP([01;31m[Kthis[m[K, UDP_PORT_NUMBER, packet_rate, dump_file));
      |                                                                         [01;31m[K^~~~[m[K
[01m[K/home/ubuntu/my_n10_topic/workspace/src/LSLIDAR_X_ROS2-20240228/src/lslidar_driver/src/lslidar_driver.cc:474:25:[m[K [01;31m[Kerror: [m[Kâ€˜[01m[Kmsop_input_[m[Kâ€™ was not declared in this scope
  474 |                         [01;31m[Kmsop_input_[m[K.reset(new lslidar_driver::InputSocket(this, UDP_PORT_NUMBER));
      |                         [01;31m[K^~~~~~~~~~~[m[K
[01m[K/home/ubuntu/my_n10_topic/workspace/src/LSLIDAR_X_ROS2-20240228/src/lslidar_driver/src/lslidar_driver.cc:474:75:[m[K [01;31m[Kerror: [m[Kinvalid use of â€˜[01m[Kthis[m[Kâ€™ in non-member function
  474 |                         msop_input_.reset(new lslidar_driver::InputSocket([01;31m[Kthis[m[K, UDP_PORT_NUMBER));
      |                                                                           [01;31m[K^~~~[m[K
[01m[K/home/ubuntu/my_n10_topic/workspace/src/LSLIDAR_X_ROS2-20240228/src/lslidar_driver/src/lslidar_driver.cc:[m[K At global scope:
[01m[K/home/ubuntu/my_n10_topic/workspace/src/LSLIDAR_X_ROS2-20240228/src/lslidar_driver/src/lslidar_driver.cc:481:13:[m[K [01;31m[Kerror: [m[Kâ€˜[01m[KLslidarDriver[m[Kâ€™ has not been declared
  481 |         int [01;31m[KLslidarDriver[m[K::getScan(std::vector<ScanPoint> &points, rclcpp::Time &scan_time, float &scan_duration)
      |             [01;31m[K^~~~~~~~~~~~~[m[K
[01m[K/home/ubuntu/my_n10_topic/workspace/src/LSLIDAR_X_ROS2-20240228/src/lslidar_driver/src/lslidar_driver.cc:481:48:[m[K [01;31m[Kerror: [m[Kâ€˜[01m[KScanPoint[m[Kâ€™ was not declared in this scope; did you mean â€˜[01m[Klslidar_driver::ScanPoint[m[Kâ€™?
  481 |         int LslidarDriver::getScan(std::vector<[01;31m[KScanPoint[m[K> &points, rclcpp::Time &scan_time, float &scan_duration)
      |                                                [01;31m[K^~~~~~~~~[m[K
      |                                                [32m[Klslidar_driver::ScanPoint[m[K
In file included from [01m[K/home/ubuntu/my_n10_topic/workspace/src/LSLIDAR_X_ROS2-20240228/src/lslidar_driver/src/lslidar_driver.cc:31[m[K:
[01m[K/home/ubuntu/my_n10_topic/workspace/src/LSLIDAR_X_ROS2-20240228/src/lslidar_driver/include/lslidar_driver/lslidar_driver.h:57:3:[m[K [01;36m[Knote: [m[Kâ€˜[01m[Klslidar_driver::ScanPoint[m[Kâ€™ declared here
   57 | } [01;36m[KScanPoint[m[K;
      |   [01;36m[K^~~~~~~~~[m[K
[01m[K/home/ubuntu/my_n10_topic/workspace/src/LSLIDAR_X_ROS2-20240228/src/lslidar_driver/src/lslidar_driver.cc:481:57:[m[K [01;31m[Kerror: [m[Ktemplate argument 1 is invalid
  481 |         int LslidarDriver::getScan(std::vector<ScanPoint[01;31m[K>[m[K &points, rclcpp::Time &scan_time, float &scan_duration)
      |                                                         [01;31m[K^[m[K
[01m[K/home/ubuntu/my_n10_topic/workspace/src/LSLIDAR_X_ROS2-20240228/src/lslidar_driver/src/lslidar_driver.cc:481:57:[m[K [01;31m[Kerror: [m[Ktemplate argument 2 is invalid
[01m[K/home/ubuntu/my_n10_topic/workspace/src/LSLIDAR_X_ROS2-20240228/src/lslidar_driver/src/lslidar_driver.cc:[m[K In function â€˜[01m[Kint getScan(int&, rclcpp::Time&, float&)[m[Kâ€™:
[01m[K/home/ubuntu/my_n10_topic/workspace/src/LSLIDAR_X_ROS2-20240228/src/lslidar_driver/src/lslidar_driver.cc:483:55:[m[K [01;31m[Kerror: [m[Kâ€˜[01m[Kmutex_[m[Kâ€™ was not declared in this scope
  483 |                 boost::unique_lock<boost::mutex> lock([01;31m[Kmutex_[m[K);
      |                                                       [01;31m[K^~~~~~[m[K
[01m[K/home/ubuntu/my_n10_topic/workspace/src/LSLIDAR_X_ROS2-20240228/src/lslidar_driver/src/lslidar_driver.cc:484:24:[m[K [01;31m[Kerror: [m[Krequest for member â€˜[01m[Kassign[m[Kâ€™ in â€˜[01m[Kpoints[m[Kâ€™, which is of non-class type â€˜[01m[Kint[m[Kâ€™
  484 |                 points.[01;31m[Kassign[m[K(scan_points_bak_.begin(), scan_points_bak_.end());
      |                        [01;31m[K^~~~~~[m[K
[01m[K/home/ubuntu/my_n10_topic/workspace/src/LSLIDAR_X_ROS2-20240228/src/lslidar_driver/src/lslidar_driver.cc:484:31:[m[K [01;31m[Kerror: [m[Kâ€˜[01m[Kscan_points_bak_[m[Kâ€™ was not declared in this scope
  484 |                 points.assign([01;31m[Kscan_points_bak_[m[K.begin(), scan_points_bak_.end());
      |                               [01;31m[K^~~~~~~~~~~~~~~~[m[K
[01m[K/home/ubuntu/my_n10_topic/workspace/src/LSLIDAR_X_ROS2-20240228/src/lslidar_driver/src/lslidar_driver.cc:485:29:[m[K [01;31m[Kerror: [m[Kâ€˜[01m[Kpre_time_[m[Kâ€™ was not declared in this scope
  485 |                 scan_time = [01;31m[Kpre_time_[m[K;
      |                             [01;31m[K^~~~~~~~~[m[K
[01m[K/home/ubuntu/my_n10_topic/workspace/src/LSLIDAR_X_ROS2-20240228/src/lslidar_driver/src/lslidar_driver.cc:486:33:[m[K [01;31m[Kerror: [m[Kâ€˜[01m[Ktime_[m[Kâ€™ was not declared in this scope; did you mean â€˜[01m[Ktimex[m[Kâ€™?
  486 |                 scan_duration = [01;31m[Ktime_[m[K.seconds() - pre_time_.seconds();
      |                                 [01;31m[K^~~~~[m[K
      |                                 [32m[Ktimex[m[K
[01m[K/home/ubuntu/my_n10_topic/workspace/src/LSLIDAR_X_ROS2-20240228/src/lslidar_driver/src/lslidar_driver.cc:[m[K At global scope:
[01m[K/home/ubuntu/my_n10_topic/workspace/src/LSLIDAR_X_ROS2-20240228/src/lslidar_driver/src/lslidar_driver.cc:490:18:[m[K [01;31m[Kerror: [m[Kâ€˜[01m[KLslidarDriver[m[Kâ€™ has not been declared
  490 |         uint64_t [01;31m[KLslidarDriver[m[K::get_gps_stamp(struct tm t)
      |                  [01;31m[K^~~~~~~~~~~~~[m[K
[01m[K/home/ubuntu/my_n10_topic/workspace/src/LSLIDAR_X_ROS2-20240228/src/lslidar_driver/src/lslidar_driver.cc:497:14:[m[K [01;31m[Kerror: [m[Kâ€˜[01m[KLslidarDriver[m[Kâ€™ has not been declared
  497 |         bool [01;31m[KLslidarDriver[m[K::initialize()
      |              [01;31m[K^~~~~~~~~~~~~[m[K
[01m[K/home/ubuntu/my_n10_topic/workspace/src/LSLIDAR_X_ROS2-20240228/src/lslidar_driver/src/lslidar_driver.cc:[m[K In function â€˜[01m[Kbool initialize()[m[Kâ€™:
[01m[K/home/ubuntu/my_n10_topic/workspace/src/LSLIDAR_X_ROS2-20240228/src/lslidar_driver/src/lslidar_driver.cc:499:22:[m[K [01;31m[Kerror: [m[Kâ€˜[01m[KloadParameters[m[Kâ€™ was not declared in this scope
  499 |                 if (![01;31m[KloadParameters[m[K())
      |                      [01;31m[K^~~~~~~~~~~~~~[m[K
In file included from [01m[K/opt/ros/humble/include/rclcpp/rclcpp/client.hpp:40[m[K,
                 from [01m[K/opt/ros/humble/include/rclcpp/rclcpp/callback_group.hpp:24[m[K,
                 from [01m[K/opt/ros/humble/include/rclcpp/rclcpp/any_executable.hpp:20[m[K,
                 from [01m[K/opt/ros/humble/include/rclcpp/rclcpp/memory_strategy.hpp:25[m[K,
                 from [01m[K/opt/ros/humble/include/rclcpp/rclcpp/memory_strategies.hpp:18[m[K,
                 from [01m[K/opt/ros/humble/include/rclcpp/rclcpp/executor_options.hpp:20[m[K,
                 from [01m[K/opt/ros/humble/include/rclcpp/rclcpp/executor.hpp:37[m[K,
                 from [01m[K/opt/ros/humble/include/rclcpp/rclcpp/executors/multi_threaded_executor.hpp:25[m[K,
                 from [01m[K/opt/ros/humble/include/rclcpp/rclcpp/executors.hpp:21[m[K,
                 from [01m[K/opt/ros/humble/include/rclcpp/rclcpp/rclcpp.hpp:155[m[K,
                 from [01m[K/home/ubuntu/my_n10_topic/workspace/src/LSLIDAR_X_ROS2-20240228/src/lslidar_driver/src/lslidar_driver.cc:30[m[K:
[01m[K/home/ubuntu/my_n10_topic/workspace/src/LSLIDAR_X_ROS2-20240228/src/lslidar_driver/src/lslidar_driver.cc:501:38:[m[K [01;31m[Kerror: [m[Kinvalid use of â€˜[01m[Kthis[m[Kâ€™ in non-member function
  501 |                         RCLCPP_ERROR([01;31m[Kthis[m[K->get_logger(), "Cannot load all required ROS parameters...");
      |                                      [01;31m[K^~~~[m[K
[01m[K/home/ubuntu/my_n10_topic/workspace/src/LSLIDAR_X_ROS2-20240228/src/lslidar_driver/src/lslidar_driver.cc:501:38:[m[K [01;31m[Kerror: [m[Kinvalid use of â€˜[01m[Kthis[m[Kâ€™ in non-member function
[01m[K/home/ubuntu/my_n10_topic/workspace/src/LSLIDAR_X_ROS2-20240228/src/lslidar_driver/src/lslidar_driver.cc:501:25:[m[K [01;31m[Kerror: [m[Ktemplate argument 1 is invalid
  501 |                         [01;31m[KRCLCPP_ERROR[m[K(this->get_logger(), "Cannot load all required ROS parameters...");
      |                         [01;31m[K^~~~~~~~~~~~[m[K
[01m[K/home/ubuntu/my_n10_topic/workspace/src/LSLIDAR_X_ROS2-20240228/src/lslidar_driver/src/lslidar_driver.cc:501:25:[m[K [01;31m[Kerror: [m[Ktemplate argument 1 is invalid
  501 |                         [01;31m[KRCLCPP_ERROR[m[K(this->get_logger(), "Cannot load all required ROS parameters...");
      |                         [01;31m[K^~~~~~~~~~~~[m[K
[01m[K/home/ubuntu/my_n10_topic/workspace/src/LSLIDAR_X_ROS2-20240228/src/lslidar_driver/src/lslidar_driver.cc:501:25:[m[K [01;31m[Kerror: [m[Ktemplate argument 1 is invalid
  501 |                         [01;31m[KRCLCPP_ERROR[m[K(this->get_logger(), "Cannot load all required ROS parameters...");
      |                         [01;31m[K^~~~~~~~~~~~[m[K
In file included from [01m[K/opt/ros/humble/include/rclcpp/rclcpp/logging.hpp:24[m[K,
                 from [01m[K/opt/ros/humble/include/rclcpp/rclcpp/client.hpp:40[m[K,
                 from [01m[K/opt/ros/humble/include/rclcpp/rclcpp/callback_group.hpp:24[m[K,
                 from [01m[K/opt/ros/humble/include/rclcpp/rclcpp/any_executable.hpp:20[m[K,
                 from [01m[K/opt/ros/humble/include/rclcpp/rclcpp/memory_strategy.hpp:25[m[K,
                 from [01m[K/opt/ros/humble/include/rclcpp/rclcpp/memory_strategies.hpp:18[m[K,
                 from [01m[K/opt/ros/humble/include/rclcpp/rclcpp/executor_options.hpp:20[m[K,
                 from [01m[K/opt/ros/humble/include/rclcpp/rclcpp/executor.hpp:37[m[K,
                 from [01m[K/opt/ros/humble/include/rclcpp/rclcpp/executors/multi_threaded_executor.hpp:25[m[K,
                 from [01m[K/opt/ros/humble/include/rclcpp/rclcpp/executors.hpp:21[m[K,
                 from [01m[K/opt/ros/humble/include/rclcpp/rclcpp/rclcpp.hpp:155[m[K,
                 from [01m[K/home/ubuntu/my_n10_topic/workspace/src/LSLIDAR_X_ROS2-20240228/src/lslidar_driver/src/lslidar_driver.cc:30[m[K:
[01m[K/home/ubuntu/my_n10_topic/workspace/src/LSLIDAR_X_ROS2-20240228/src/lslidar_driver/src/lslidar_driver.cc:501:38:[m[K [01;31m[Kerror: [m[Kinvalid use of â€˜[01m[Kthis[m[Kâ€™ in non-member function
  501 |                         RCLCPP_ERROR([01;31m[Kthis[m[K->get_logger(), "Cannot load all required ROS parameters...");
      |                                      [01;31m[K^~~~[m[K
[01m[K/home/ubuntu/my_n10_topic/workspace/src/LSLIDAR_X_ROS2-20240228/src/lslidar_driver/src/lslidar_driver.cc:501:38:[m[K [01;31m[Kerror: [m[Kinvalid use of â€˜[01m[Kthis[m[Kâ€™ in non-member function
  501 |                         RCLCPP_ERROR([01;31m[Kthis[m[K->get_logger(), "Cannot load all required ROS parameters...");
      |                                      [01;31m[K^~~~[m[K
[01m[K/home/ubuntu/my_n10_topic/workspace/src/LSLIDAR_X_ROS2-20240228/src/lslidar_driver/src/lslidar_driver.cc:504:21:[m[K [01;31m[Kerror: [m[Kâ€˜[01m[Kinterface_selection[m[Kâ€™ was not declared in this scope
  504 |                 if ([01;31m[Kinterface_selection[m[K == "net")
      |                     [01;31m[K^~~~~~~~~~~~~~~~~~~[m[K
In file included from [01m[K/opt/ros/humble/include/rclcpp/rclcpp/client.hpp:40[m[K,
                 from [01m[K/opt/ros/humble/include/rclcpp/rclcpp/callback_group.hpp:24[m[K,
                 from [01m[K/opt/ros/humble/include/rclcpp/rclcpp/any_executable.hpp:20[m[K,
                 from [01m[K/opt/ros/humble/include/rclcpp/rclcpp/memory_strategy.hpp:25[m[K,
                 from [01m[K/opt/ros/humble/include/rclcpp/rclcpp/memory_strategies.hpp:18[m[K,
                 from [01m[K/opt/ros/humble/include/rclcpp/rclcpp/executor_options.hpp:20[m[K,
                 from [01m[K/opt/ros/humble/include/rclcpp/rclcpp/executor.hpp:37[m[K,
                 from [01m[K/opt/ros/humble/include/rclcpp/rclcpp/executors/multi_threaded_executor.hpp:25[m[K,
                 from [01m[K/opt/ros/humble/include/rclcpp/rclcpp/executors.hpp:21[m[K,
                 from [01m[K/opt/ros/humble/include/rclcpp/rclcpp/rclcpp.hpp:155[m[K,
                 from [01m[K/home/ubuntu/my_n10_topic/workspace/src/LSLIDAR_X_ROS2-20240228/src/lslidar_driver/src/lslidar_driver.cc:30[m[K:
[01m[K/home/ubuntu/my_n10_topic/workspace/src/LSLIDAR_X_ROS2-20240228/src/lslidar_driver/src/lslidar_driver.cc:508:46:[m[K [01;31m[Kerror: [m[Kinvalid use of â€˜[01m[Kthis[m[Kâ€™ in non-member function
  508 |                                 RCLCPP_ERROR([01;31m[Kthis[m[K->get_logger(), "Cannot create all ROS IO...");
      |                                              [01;31m[K^~~~[m[K
[01m[K/home/ubuntu/my_n10_topic/workspace/src/LSLIDAR_X_ROS2-20240228/src/lslidar_driver/src/lslidar_driver.cc:508:46:[m[K [01;31m[Kerror: [m[Kinvalid use of â€˜[01m[Kthis[m[Kâ€™ in non-member function
[01m[K/home/ubuntu/my_n10_topic/workspace/src/LSLIDAR_X_ROS2-20240228/src/lslidar_driver/src/lslidar_driver.cc:508:33:[m[K [01;31m[Kerror: [m[Ktemplate argument 1 is invalid
  508 |                                 [01;31m[KRCLCPP_ERROR[m[K(this->get_logger(), "Cannot create all ROS IO...");
      |                                 [01;31m[K^~~~~~~~~~~~[m[K
[01m[K/home/ubuntu/my_n10_topic/workspace/src/LSLIDAR_X_ROS2-20240228/src/lslidar_driver/src/lslidar_driver.cc:508:33:[m[K [01;31m[Kerror: [m[Ktemplate argument 1 is invalid
  508 |                                 [01;31m[KRCLCPP_ERROR[m[K(this->get_logger(), "Cannot create all ROS IO...");
      |                                 [01;31m[K^~~~~~~~~~~~[m[K
[01m[K/home/ubuntu/my_n10_topic/workspace/src/LSLIDAR_X_ROS2-20240228/src/lslidar_driver/src/lslidar_driver.cc:508:33:[m[K [01;31m[Kerror: [m[Ktemplate argument 1 is invalid
  508 |                                 [01;31m[KRCLCPP_ERROR[m[K(this->get_logger(), "Cannot create all ROS IO...");
      |                                 [01;31m[K^~~~~~~~~~~~[m[K
In file included from [01m[K/opt/ros/humble/include/rclcpp/rclcpp/logging.hpp:24[m[K,
                 from [01m[K/opt/ros/humble/include/rclcpp/rclcpp/client.hpp:40[m[K,
                 from [01m[K/opt/ros/humble/include/rclcpp/rclcpp/callback_group.hpp:24[m[K,
                 from [01m[K/opt/ros/humble/include/rclcpp/rclcpp/any_executable.hpp:20[m[K,
                 from [01m[K/opt/ros/humble/include/rclcpp/rclcpp/memory_strategy.hpp:25[m[K,
                 from [01m[K/opt/ros/humble/include/rclcpp/rclcpp/memory_strategies.hpp:18[m[K,
                 from [01m[K/opt/ros/humble/include/rclcpp/rclcpp/executor_options.hpp:20[m[K,
                 from [01m[K/opt/ros/humble/include/rclcpp/rclcpp/executor.hpp:37[m[K,
                 from [01m[K/opt/ros/humble/include/rclcpp/rclcpp/executors/multi_threaded_executor.hpp:25[m[K,
                 from [01m[K/opt/ros/humble/include/rclcpp/rclcpp/executors.hpp:21[m[K,
                 from [01m[K/opt/ros/humble/include/rclcpp/rclcpp/rclcpp.hpp:155[m[K,
                 from [01m[K/home/ubuntu/my_n10_topic/workspace/src/LSLIDAR_X_ROS2-20240228/src/lslidar_driver/src/lslidar_driver.cc:30[m[K:
[01m[K/home/ubuntu/my_n10_topic/workspace/src/LSLIDAR_X_ROS2-20240228/src/lslidar_driver/src/lslidar_driver.cc:508:46:[m[K [01;31m[Kerror: [m[Kinvalid use of â€˜[01m[Kthis[m[Kâ€™ in non-member function
  508 |                                 RCLCPP_ERROR([01;31m[Kthis[m[K->get_logger(), "Cannot create all ROS IO...");
      |                                              [01;31m[K^~~~[m[K
[01m[K/home/ubuntu/my_n10_topic/workspace/src/LSLIDAR_X_ROS2-20240228/src/lslidar_driver/src/lslidar_driver.cc:508:46:[m[K [01;31m[Kerror: [m[Kinvalid use of â€˜[01m[Kthis[m[Kâ€™ in non-member function
  508 |                                 RCLCPP_ERROR([01;31m[Kthis[m[K->get_logger(), "Cannot create all ROS IO...");
      |                                              [01;31m[K^~~~[m[K
[01m[K/home/ubuntu/my_n10_topic/workspace/src/LSLIDAR_X_ROS2-20240228/src/lslidar_driver/src/lslidar_driver.cc:514:25:[m[K [01;31m[Kerror: [m[Kâ€˜[01m[Kin_file_name[m[Kâ€™ was not declared in this scope
  514 |                         [01;31m[Kin_file_name[m[K = std::string("");
      |                         [01;31m[K^~~~~~~~~~~~[m[K
[01m[K/home/ubuntu/my_n10_topic/workspace/src/LSLIDAR_X_ROS2-20240228/src/lslidar_driver/src/lslidar_driver.cc:515:25:[m[K [01;31m[Kerror: [m[Kinvalid use of â€˜[01m[Kthis[m[Kâ€™ in non-member function
  515 |                         [01;31m[Kthis[m[K->declare_parameter<std::string>("in_file_name", "");
      |                         [01;31m[K^~~~[m[K
[01m[K/home/ubuntu/my_n10_topic/workspace/src/LSLIDAR_X_ROS2-20240228/src/lslidar_driver/src/lslidar_driver.cc:515:60:[m[K [01;31m[Kerror: [m[Kexpected primary-expression before â€˜[01m[K>[m[Kâ€™ token
  515 |                         this->declare_parameter<std::string[01;31m[K>[m[K("in_file_name", "");
      |                                                            [01;31m[K^[m[K
[01m[K/home/ubuntu/my_n10_topic/workspace/src/LSLIDAR_X_ROS2-20240228/src/lslidar_driver/src/lslidar_driver.cc:515:62:[m[K [01;35m[Kwarning: [m[Kleft operand of comma operator has no effect [[01;35m[K]8;;https://gcc.gnu.org/onlinedocs/gcc/Warning-Options.html#index-Wunused-value-Wunused-value]8;;[m[K]
  515 |                         this->declare_parameter<std::string>([01;35m[K"in_file_name"[m[K, "");
      |                                                              [01;35m[K^~~~~~~~~~~~~~[m[K
[01m[K/home/ubuntu/my_n10_topic/workspace/src/LSLIDAR_X_ROS2-20240228/src/lslidar_driver/src/lslidar_driver.cc:516:25:[m[K [01;31m[Kerror: [m[Kinvalid use of â€˜[01m[Kthis[m[Kâ€™ in non-member function
  516 |                         [01;31m[Kthis[m[K->get_parameter("in_file_name", in_file_name);
      |                         [01;31m[K^~~~[m[K
In file included from [01m[K/opt/ros/humble/include/rclcpp/rclcpp/client.hpp:40[m[K,
                 from [01m[K/opt/ros/humble/include/rclcpp/rclcpp/callback_group.hpp:24[m[K,
                 from [01m[K/opt/ros/humble/include/rclcpp/rclcpp/any_executable.hpp:20[m[K,
                 from [01m[K/opt/ros/humble/include/rclcpp/rclcpp/memory_strategy.hpp:25[m[K,
                 from [01m[K/opt/ros/humble/include/rclcpp/rclcpp/memory_strategies.hpp:18[m[K,
                 from [01m[K/opt/ros/humble/include/rclcpp/rclcpp/executor_options.hpp:20[m[K,
                 from [01m[K/opt/ros/humble/include/rclcpp/rclcpp/executor.hpp:37[m[K,
                 from [01m[K/opt/ros/humble/include/rclcpp/rclcpp/executors/multi_threaded_executor.hpp:25[m[K,
                 from [01m[K/opt/ros/humble/include/rclcpp/rclcpp/executors.hpp:21[m[K,
                 from [01m[K/opt/ros/humble/include/rclcpp/rclcpp/rclcpp.hpp:155[m[K,
                 from [01m[K/home/ubuntu/my_n10_topic/workspace/src/LSLIDAR_X_ROS2-20240228/src/lslidar_driver/src/lslidar_driver.cc:30[m[K:
[01m[K/home/ubuntu/my_n10_topic/workspace/src/LSLIDAR_X_ROS2-20240228/src/lslidar_driver/src/lslidar_driver.cc:521:52:[m[K [01;31m[Kerror: [m[Kinvalid use of â€˜[01m[Kthis[m[Kâ€™ in non-member function
  521 |                                 RCLCPP_INFO_STREAM([01;31m[Kthis[m[K->get_logger(), "Opening txt file " << in_file_name.c_str());
      |                                                    [01;31m[K^~~~[m[K
[01m[K/home/ubuntu/my_n10_topic/workspace/src/LSLIDAR_X_ROS2-20240228/src/lslidar_driver/src/lslidar_driver.cc:521:52:[m[K [01;31m[Kerror: [m[Kinvalid use of â€˜[01m[Kthis[m[Kâ€™ in non-member function
[01m[K/home/ubuntu/my_n10_topic/workspace/src/LSLIDAR_X_ROS2-20240228/src/lslidar_driver/src/lslidar_driver.cc:521:33:[m[K [01;31m[Kerror: [m[Ktemplate argument 1 is invalid
  521 |                                 [01;31m[KRCLCPP_INFO_STREAM[m[K(this->get_logger(), "Opening txt file " << in_file_name.c_str());
      |                                 [01;31m[K^~~~~~~~~~~~~~~~~~[m[K
[01m[K/home/ubuntu/my_n10_topic/workspace/src/LSLIDAR_X_ROS2-20240228/src/lslidar_driver/src/lslidar_driver.cc:521:33:[m[K [01;31m[Kerror: [m[Ktemplate argument 1 is invalid
  521 |                                 [01;31m[KRCLCPP_INFO_STREAM[m[K(this->get_logger(), "Opening txt file " << in_file_name.c_str());
      |                                 [01;31m[K^~~~~~~~~~~~~~~~~~[m[K
[01m[K/home/ubuntu/my_n10_topic/workspace/src/LSLIDAR_X_ROS2-20240228/src/lslidar_driver/src/lslidar_driver.cc:521:33:[m[K [01;31m[Kerror: [m[Ktemplate argument 1 is invalid
  521 |                                 [01;31m[KRCLCPP_INFO_STREAM[m[K(this->get_logger(), "Opening txt file " << in_file_name.c_str());
      |                                 [01;31m[K^~~~~~~~~~~~~~~~~~[m[K
In file included from [01m[K/opt/ros/humble/include/rclcpp/rclcpp/logging.hpp:24[m[K,
                 from [01m[K/opt/ros/humble/include/rclcpp/rclcpp/client.hpp:40[m[K,
                 from [01m[K/opt/ros/humble/include/rclcpp/rclcpp/callback_group.hpp:24[m[K,
                 from [01m[K/opt/ros/humble/include/rclcpp/rclcpp/any_executable.hpp:20[m[K,
                 from [01m[K/opt/ros/humble/include/rclcpp/rclcpp/memory_strategy.hpp:25[m[K,
                 from [01m[K/opt/ros/humble/include/rclcpp/rclcpp/memory_strategies.hpp:18[m[K,
                 from [01m[K/opt/ros/humble/include/rclcpp/rclcpp/executor_options.hpp:20[m[K,
                 from [01m[K/opt/ros/humble/include/rclcpp/rclcpp/executor.hpp:37[m[K,
                 from [01m[K/opt/ros/humble/include/rclcpp/rclcpp/executors/multi_threaded_executor.hpp:25[m[K,
                 from [01m[K/opt/ros/humble/include/rclcpp/rclcpp/executors.hpp:21[m[K,
                 from [01m[K/opt/ros/humble/include/rclcpp/rclcpp/rclcpp.hpp:155[m[K,
                 from [01m[K/home/ubuntu/my_n10_topic/workspace/src/LSLIDAR_X_ROS2-20240228/src/lslidar_driver/src/lslidar_driver.cc:30[m[K:
[01m[K/home/ubuntu/my_n10_topic/workspace/src/LSLIDAR_X_ROS2-20240228/src/lslidar_driver/src/lslidar_driver.cc:521:52:[m[K [01;31m[Kerror: [m[Kinvalid use of â€˜[01m[Kthis[m[Kâ€™ in non-member function
  521 |                                 RCLCPP_INFO_STREAM([01;31m[Kthis[m[K->get_logger(), "Opening txt file " << in_file_name.c_str());
      |                                                    [01;31m[K^~~~[m[K
[01m[K/home/ubuntu/my_n10_topic/workspace/src/LSLIDAR_X_ROS2-20240228/src/lslidar_driver/src/lslidar_driver.cc:521:52:[m[K [01;31m[Kerror: [m[Kinvalid use of â€˜[01m[Kthis[m[Kâ€™ in non-member function
  521 |                                 RCLCPP_INFO_STREAM([01;31m[Kthis[m[K->get_logger(), "Opening txt file " << in_file_name.c_str());
      |                                                    [01;31m[K^~~~[m[K
In file included from [01m[K/opt/ros/humble/include/rclcpp/rclcpp/client.hpp:40[m[K,
                 from [01m[K/opt/ros/humble/include/rclcpp/rclcpp/callback_group.hpp:24[m[K,
                 from [01m[K/opt/ros/humble/include/rclcpp/rclcpp/any_executable.hpp:20[m[K,
                 from [01m[K/opt/ros/humble/include/rclcpp/rclcpp/memory_strategy.hpp:25[m[K,
                 from [01m[K/opt/ros/humble/include/rclcpp/rclcpp/memory_strategies.hpp:18[m[K,
                 from [01m[K/opt/ros/humble/include/rclcpp/rclcpp/executor_options.hpp:20[m[K,
                 from [01m[K/opt/ros/humble/include/rclcpp/rclcpp/executor.hpp:37[m[K,
                 from [01m[K/opt/ros/humble/include/rclcpp/rclcpp/executors/multi_threaded_executor.hpp:25[m[K,
                 from [01m[K/opt/ros/humble/include/rclcpp/rclcpp/executors.hpp:21[m[K,
                 from [01m[K/opt/ros/humble/include/rclcpp/rclcpp/rclcpp.hpp:155[m[K,
                 from [01m[K/home/ubuntu/my_n10_topic/workspace/src/LSLIDAR_X_ROS2-20240228/src/lslidar_driver/src/lslidar_driver.cc:30[m[K:
[01m[K/home/ubuntu/my_n10_topic/workspace/src/LSLIDAR_X_ROS2-20240228/src/lslidar_driver/src/lslidar_driver.cc:525:54:[m[K [01;31m[Kerror: [m[Kinvalid use of â€˜[01m[Kthis[m[Kâ€™ in non-member function
  525 |                                         RCLCPP_ERROR([01;31m[Kthis[m[K->get_logger(), "Cannot open the file");
      |                                                      [01;31m[K^~~~[m[K
[01m[K/home/ubuntu/my_n10_topic/workspace/src/LSLIDAR_X_ROS2-20240228/src/lslidar_driver/src/lslidar_driver.cc:525:54:[m[K [01;31m[Kerror: [m[Kinvalid use of â€˜[01m[Kthis[m[Kâ€™ in non-member function
[01m[K/home/ubuntu/my_n10_topic/workspace/src/LSLIDAR_X_ROS2-20240228/src/lslidar_driver/src/lslidar_driver.cc:525:41:[m[K [01;31m[Kerror: [m[Ktemplate argument 1 is invalid
  525 |                                         [01;31m[KRCLCPP_ERROR[m[K(this->get_logger(), "Cannot open the file");
      |                                         [01;31m[K^~~~~~~~~~~~[m[K
[01m[K/home/ubuntu/my_n10_topic/workspace/src/LSLIDAR_X_ROS2-20240228/src/lslidar_driver/src/lslidar_driver.cc:525:41:[m[K [01;31m[Kerror: [m[Ktemplate argument 1 is invalid
  525 |                                         [01;31m[KRCLCPP_ERROR[m[K(this->get_logger(), "Cannot open the file");
      |                                         [01;31m[K^~~~~~~~~~~~[m[K
[01m[K/home/ubuntu/my_n10_topic/workspace/src/LSLIDAR_X_ROS2-20240228/src/lslidar_driver/src/lslidar_driver.cc:525:41:[m[K [01;31m[Kerror: [m[Ktemplate argument 1 is invalid
  525 |                                         [01;31m[KRCLCPP_ERROR[m[K(this->get_logger(), "Cannot open the file");
      |                                         [01;31m[K^~~~~~~~~~~~[m[K
In file included from [01m[K/opt/ros/humble/include/rclcpp/rclcpp/logging.hpp:24[m[K,
                 from [01m[K/opt/ros/humble/include/rclcpp/rclcpp/client.hpp:40[m[K,
                 from [01m[K/opt/ros/humble/include/rclcpp/rclcpp/callback_group.hpp:24[m[K,
                 from [01m[K/opt/ros/humble/include/rclcpp/rclcpp/any_executable.hpp:20[m[K,
                 from [01m[K/opt/ros/humble/include/rclcpp/rclcpp/memory_strategy.hpp:25[m[K,
                 from [01m[K/opt/ros/humble/include/rclcpp/rclcpp/memory_strategies.hpp:18[m[K,
                 from [01m[K/opt/ros/humble/include/rclcpp/rclcpp/executor_options.hpp:20[m[K,
                 from [01m[K/opt/ros/humble/include/rclcpp/rclcpp/executor.hpp:37[m[K,
                 from [01m[K/opt/ros/humble/include/rclcpp/rclcpp/executors/multi_threaded_executor.hpp:25[m[K,
                 from [01m[K/opt/ros/humble/include/rclcpp/rclcpp/executors.hpp:21[m[K,
                 from [01m[K/opt/ros/humble/include/rclcpp/rclcpp/rclcpp.hpp:155[m[K,
                 from [01m[K/home/ubuntu/my_n10_topic/workspace/src/LSLIDAR_X_ROS2-20240228/src/lslidar_driver/src/lslidar_driver.cc:30[m[K:
[01m[K/home/ubuntu/my_n10_topic/workspace/src/LSLIDAR_X_ROS2-20240228/src/lslidar_driver/src/lslidar_driver.cc:525:54:[m[K [01;31m[Kerror: [m[Kinvalid use of â€˜[01m[Kthis[m[Kâ€™ in non-member function
  525 |                                         RCLCPP_ERROR([01;31m[Kthis[m[K->get_logger(), "Cannot open the file");
      |                                                      [01;31m[K^~~~[m[K
[01m[K/home/ubuntu/my_n10_topic/workspace/src/LSLIDAR_X_ROS2-20240228/src/lslidar_driver/src/lslidar_driver.cc:525:54:[m[K [01;31m[Kerror: [m[Kinvalid use of â€˜[01m[Kthis[m[Kâ€™ in non-member function
  525 |                                         RCLCPP_ERROR([01;31m[Kthis[m[K->get_logger(), "Cannot open the file");
      |                                                      [01;31m[K^~~~[m[K
In file included from [01m[K/opt/ros/humble/include/rclcpp/rclcpp/client.hpp:40[m[K,
                 from [01m[K/opt/ros/humble/include/rclcpp/rclcpp/callback_group.hpp:24[m[K,
                 from [01m[K/opt/ros/humble/include/rclcpp/rclcpp/any_executable.hpp:20[m[K,
                 from [01m[K/opt/ros/humble/include/rclcpp/rclcpp/memory_strategy.hpp:25[m[K,
                 from [01m[K/opt/ros/humble/include/rclcpp/rclcpp/memory_strategies.hpp:18[m[K,
                 from [01m[K/opt/ros/humble/include/rclcpp/rclcpp/executor_options.hpp:20[m[K,
                 from [01m[K/opt/ros/humble/include/rclcpp/rclcpp/executor.hpp:37[m[K,
                 from [01m[K/opt/ros/humble/include/rclcpp/rclcpp/executors/multi_threaded_executor.hpp:25[m[K,
                 from [01m[K/opt/ros/humble/include/rclcpp/rclcpp/executors.hpp:21[m[K,
                 from [01m[K/opt/ros/humble/include/rclcpp/rclcpp/rclcpp.hpp:155[m[K,
                 from [01m[K/home/ubuntu/my_n10_topic/workspace/src/LSLIDAR_X_ROS2-20240228/src/lslidar_driver/src/lslidar_driver.cc:30[m[K:
[01m[K/home/ubuntu/my_n10_topic/workspace/src/LSLIDAR_X_ROS2-20240228/src/lslidar_driver/src/lslidar_driver.cc:530:29:[m[K [01;31m[Kerror: [m[Kinvalid use of â€˜[01m[Kthis[m[Kâ€™ in non-member function
  530 |                 RCLCPP_INFO([01;31m[Kthis[m[K->get_logger(), "Initialised lslidar without error");
      |                             [01;31m[K^~~~[m[K
[01m[K/home/ubuntu/my_n10_topic/workspace/src/LSLIDAR_X_ROS2-20240228/src/lslidar_driver/src/lslidar_driver.cc:530:29:[m[K [01;31m[Kerror: [m[Kinvalid use of â€˜[01m[Kthis[m[Kâ€™ in non-member function
[01m[K/home/ubuntu/my_n10_topic/workspace/src/LSLIDAR_X_ROS2-20240228/src/lslidar_driver/src/lslidar_driver.cc:530:17:[m[K [01;31m[Kerror: [m[Ktemplate argument 1 is invalid
  530 |                 [01;31m[KRCLCPP_INFO[m[K(this->get_logger(), "Initialised lslidar without error");
      |                 [01;31m[K^~~~~~~~~~~[m[K
[01m[K/home/ubuntu/my_n10_topic/workspace/src/LSLIDAR_X_ROS2-20240228/src/lslidar_driver/src/lslidar_driver.cc:530:17:[m[K [01;31m[Kerror: [m[Ktemplate argument 1 is invalid
  530 |                 [01;31m[KRCLCPP_INFO[m[K(this->get_logger(), "Initialised lslidar without error");
      |                 [01;31m[K^~~~~~~~~~~[m[K
[01m[K/home/ubuntu/my_n10_topic/workspace/src/LSLIDAR_X_ROS2-20240228/src/lslidar_driver/src/lslidar_driver.cc:530:17:[m[K [01;31m[Kerror: [m[Ktemplate argument 1 is invalid
  530 |                 [01;31m[KRCLCPP_INFO[m[K(this->get_logger(), "Initialised lslidar without error");
      |                 [01;31m[K^~~~~~~~~~~[m[K
In file included from [01m[K/opt/ros/humble/include/rclcpp/rclcpp/logging.hpp:24[m[K,
                 from [01m[K/opt/ros/humble/include/rclcpp/rclcpp/client.hpp:40[m[K,
                 from [01m[K/opt/ros/humble/include/rclcpp/rclcpp/callback_group.hpp:24[m[K,
                 from [01m[K/opt/ros/humble/include/rclcpp/rclcpp/any_executable.hpp:20[m[K,
                 from [01m[K/opt/ros/humble/include/rclcpp/rclcpp/memory_strategy.hpp:25[m[K,
                 from [01m[K/opt/ros/humble/include/rclcpp/rclcpp/memory_strategies.hpp:18[m[K,
                 from [01m[K/opt/ros/humble/include/rclcpp/rclcpp/executor_options.hpp:20[m[K,
                 from [01m[K/opt/ros/humble/include/rclcpp/rclcpp/executor.hpp:37[m[K,
                 from [01m[K/opt/ros/humble/include/rclcpp/rclcpp/executors/multi_threaded_executor.hpp:25[m[K,
                 from [01m[K/opt/ros/humble/include/rclcpp/rclcpp/executors.hpp:21[m[K,
                 from [01m[K/opt/ros/humble/include/rclcpp/rclcpp/rclcpp.hpp:155[m[K,
                 from [01m[K/home/ubuntu/my_n10_topic/workspace/src/LSLIDAR_X_ROS2-20240228/src/lslidar_driver/src/lslidar_driver.cc:30[m[K:
[01m[K/home/ubuntu/my_n10_topic/workspace/src/LSLIDAR_X_ROS2-20240228/src/lslidar_driver/src/lslidar_driver.cc:530:29:[m[K [01;31m[Kerror: [m[Kinvalid use of â€˜[01m[Kthis[m[Kâ€™ in non-member function
  530 |                 RCLCPP_INFO([01;31m[Kthis[m[K->get_logger(), "Initialised lslidar without error");
      |                             [01;31m[K^~~~[m[K
[01m[K/home/ubuntu/my_n10_topic/workspace/src/LSLIDAR_X_ROS2-20240228/src/lslidar_driver/src/lslidar_driver.cc:530:29:[m[K [01;31m[Kerror: [m[Kinvalid use of â€˜[01m[Kthis[m[Kâ€™ in non-member function
  530 |                 RCLCPP_INFO([01;31m[Kthis[m[K->get_logger(), "Initialised lslidar without error");
      |                             [01;31m[K^~~~[m[K
[01m[K/home/ubuntu/my_n10_topic/workspace/src/LSLIDAR_X_ROS2-20240228/src/lslidar_driver/src/lslidar_driver.cc:[m[K At global scope:
[01m[K/home/ubuntu/my_n10_topic/workspace/src/LSLIDAR_X_ROS2-20240228/src/lslidar_driver/src/lslidar_driver.cc:534:14:[m[K [01;31m[Kerror: [m[Kâ€˜[01m[KLslidarDriver[m[Kâ€™ has not been declared
  534 |         void [01;31m[KLslidarDriver[m[K::recvThread_crc(int &count, int &link_time)
      |              [01;31m[K^~~~~~~~~~~~~[m[K
[01m[K/home/ubuntu/my_n10_topic/workspace/src/LSLIDAR_X_ROS2-20240228/src/lslidar_driver/src/lslidar_driver.cc:[m[K In function â€˜[01m[Kvoid recvThread_crc(int&, int&)[m[Kâ€™:
[01m[K/home/ubuntu/my_n10_topic/workspace/src/LSLIDAR_X_ROS2-20240228/src/lslidar_driver/src/lslidar_driver.cc:543:25:[m[K [01;31m[Kerror: [m[Kâ€˜[01m[Kserial_[m[Kâ€™ was not declared in this scope
  543 |                         [01;31m[Kserial_[m[K->close();
      |                         [01;31m[K^~~~~~~[m[K
In file included from [01m[K/opt/ros/humble/include/rclcpp/rclcpp/client.hpp:40[m[K,
                 from [01m[K/opt/ros/humble/include/rclcpp/rclcpp/callback_group.hpp:24[m[K,
                 from [01m[K/opt/ros/humble/include/rclcpp/rclcpp/any_executable.hpp:20[m[K,
                 from [01m[K/opt/ros/humble/include/rclcpp/rclcpp/memory_strategy.hpp:25[m[K,
                 from [01m[K/opt/ros/humble/include/rclcpp/rclcpp/memory_strategies.hpp:18[m[K,
                 from [01m[K/opt/ros/humble/include/rclcpp/rclcpp/executor_options.hpp:20[m[K,
                 from [01m[K/opt/ros/humble/include/rclcpp/rclcpp/executor.hpp:37[m[K,
                 from [01m[K/opt/ros/humble/include/rclcpp/rclcpp/executors/multi_threaded_executor.hpp:25[m[K,
                 from [01m[K/opt/ros/humble/include/rclcpp/rclcpp/executors.hpp:21[m[K,
                 from [01m[K/opt/ros/humble/include/rclcpp/rclcpp/rclcpp.hpp:155[m[K,
                 from [01m[K/home/ubuntu/my_n10_topic/workspace/src/LSLIDAR_X_ROS2-20240228/src/lslidar_driver/src/lslidar_driver.cc:30[m[K:
[01m[K/home/ubuntu/my_n10_topic/workspace/src/LSLIDAR_X_ROS2-20240228/src/lslidar_driver/src/lslidar_driver.cc:547:46:[m[K [01;31m[Kerror: [m[Kinvalid use of â€˜[01m[Kthis[m[Kâ€™ in non-member function
  547 |                                 RCLCPP_ERROR([01;31m[Kthis[m[K->get_logger(), "serial open fail");
      |                                              [01;31m[K^~~~[m[K
[01m[K/home/ubuntu/my_n10_topic/workspace/src/LSLIDAR_X_ROS2-20240228/src/lslidar_driver/src/lslidar_driver.cc:547:46:[m[K [01;31m[Kerror: [m[Kinvalid use of â€˜[01m[Kthis[m[Kâ€™ in non-member function
[01m[K/home/ubuntu/my_n10_topic/workspace/src/LSLIDAR_X_ROS2-20240228/src/lslidar_driver/src/lslidar_driver.cc:547:33:[m[K [01;31m[Kerror: [m[Ktemplate argument 1 is invalid
  547 |                                 [01;31m[KRCLCPP_ERROR[m[K(this->get_logger(), "serial open fail");
      |                                 [01;31m[K^~~~~~~~~~~~[m[K
[01m[K/home/ubuntu/my_n10_topic/workspace/src/LSLIDAR_X_ROS2-20240228/src/lslidar_driver/src/lslidar_driver.cc:547:33:[m[K [01;31m[Kerror: [m[Ktemplate argument 1 is invalid
  547 |                                 [01;31m[KRCLCPP_ERROR[m[K(this->get_logger(), "serial open fail");
      |                                 [01;31m[K^~~~~~~~~~~~[m[K
[01m[K/home/ubuntu/my_n10_topic/workspace/src/LSLIDAR_X_ROS2-20240228/src/lslidar_driver/src/lslidar_driver.cc:547:33:[m[K [01;31m[Kerror: [m[Ktemplate argument 1 is invalid
  547 |                                 [01;31m[KRCLCPP_ERROR[m[K(this->get_logger(), "serial open fail");
      |                                 [01;31m[K^~~~~~~~~~~~[m[K
In file included from [01m[K/opt/ros/humble/include/rclcpp/rclcpp/logging.hpp:24[m[K,
                 from [01m[K/opt/ros/humble/include/rclcpp/rclcpp/client.hpp:40[m[K,
                 from [01m[K/opt/ros/humble/include/rclcpp/rclcpp/callback_group.hpp:24[m[K,
                 from [01m[K/opt/ros/humble/include/rclcpp/rclcpp/any_executable.hpp:20[m[K,
                 from [01m[K/opt/ros/humble/include/rclcpp/rclcpp/memory_strategy.hpp:25[m[K,
                 from [01m[K/opt/ros/humble/include/rclcpp/rclcpp/memory_strategies.hpp:18[m[K,
                 from [01m[K/opt/ros/humble/include/rclcpp/rclcpp/executor_options.hpp:20[m[K,
                 from [01m[K/opt/ros/humble/include/rclcpp/rclcpp/executor.hpp:37[m[K,
                 from [01m[K/opt/ros/humble/include/rclcpp/rclcpp/executors/multi_threaded_executor.hpp:25[m[K,
                 from [01m[K/opt/ros/humble/include/rclcpp/rclcpp/executors.hpp:21[m[K,
                 from [01m[K/opt/ros/humble/include/rclcpp/rclcpp/rclcpp.hpp:155[m[K,
                 from [01m[K/home/ubuntu/my_n10_topic/workspace/src/LSLIDAR_X_ROS2-20240228/src/lslidar_driver/src/lslidar_driver.cc:30[m[K:
[01m[K/home/ubuntu/my_n10_topic/workspace/src/LSLIDAR_X_ROS2-20240228/src/lslidar_driver/src/lslidar_driver.cc:547:46:[m[K [01;31m[Kerror: [m[Kinvalid use of â€˜[01m[Kthis[m[Kâ€™ in non-member function
  547 |                                 RCLCPP_ERROR([01;31m[Kthis[m[K->get_logger(), "serial open fail");
      |                                              [01;31m[K^~~~[m[K
[01m[K/home/ubuntu/my_n10_topic/workspace/src/LSLIDAR_X_ROS2-20240228/src/lslidar_driver/src/lslidar_driver.cc:547:46:[m[K [01;31m[Kerror: [m[Kinvalid use of â€˜[01m[Kthis[m[Kâ€™ in non-member function
  547 |                                 RCLCPP_ERROR([01;31m[Kthis[m[K->get_logger(), "serial open fail");
      |                                              [01;31m[K^~~~[m[K
[01m[K/home/ubuntu/my_n10_topic/workspace/src/LSLIDAR_X_ROS2-20240228/src/lslidar_driver/src/lslidar_driver.cc:[m[K At global scope:
[01m[K/home/ubuntu/my_n10_topic/workspace/src/LSLIDAR_X_ROS2-20240228/src/lslidar_driver/src/lslidar_driver.cc:554:13:[m[K [01;31m[Kerror: [m[Kâ€˜[01m[KLslidarDriver[m[Kâ€™ has not been declared
  554 |         int [01;31m[KLslidarDriver[m[K::receive_data(unsigned char *packet_bytes)
      |             [01;31m[K^~~~~~~~~~~~~[m[K
[01m[K/home/ubuntu/my_n10_topic/workspace/src/LSLIDAR_X_ROS2-20240228/src/lslidar_driver/src/lslidar_driver.cc:[m[K In function â€˜[01m[Kint receive_data(unsigned char*)[m[Kâ€™:
[01m[K/home/ubuntu/my_n10_topic/workspace/src/LSLIDAR_X_ROS2-20240228/src/lslidar_driver/src/lslidar_driver.cc:564:33:[m[K [01;31m[Kerror: [m[Kâ€˜[01m[Kserial_[m[Kâ€™ was not declared in this scope
  564 |                         count = [01;31m[Kserial_[m[K->read(packet_bytes, 1);
      |                                 [01;31m[K^~~~~~~[m[K
[01m[K/home/ubuntu/my_n10_topic/workspace/src/LSLIDAR_X_ROS2-20240228/src/lslidar_driver/src/lslidar_driver.cc:565:25:[m[K [01;31m[Kerror: [m[Kâ€˜[01m[KLslidarDriver[m[Kâ€™ has not been declared
  565 |                         [01;31m[KLslidarDriver[m[K::recvThread_crc(count, link_time);
      |                         [01;31m[K^~~~~~~~~~~~~[m[K
[01m[K/home/ubuntu/my_n10_topic/workspace/src/LSLIDAR_X_ROS2-20240228/src/lslidar_driver/src/lslidar_driver.cc:572:35:[m[K [01;31m[Kerror: [m[Kâ€˜[01m[Kserial_[m[Kâ€™ was not declared in this scope
  572 |                         count_2 = [01;31m[Kserial_[m[K->read(packet_bytes + count, 1);
      |                                   [01;31m[K^~~~~~~[m[K
[01m[K/home/ubuntu/my_n10_topic/workspace/src/LSLIDAR_X_ROS2-20240228/src/lslidar_driver/src/lslidar_driver.cc:575:25:[m[K [01;31m[Kerror: [m[Kâ€˜[01m[KLslidarDriver[m[Kâ€™ has not been declared
  575 |                         [01;31m[KLslidarDriver[m[K::recvThread_crc(count_2, link_time);
      |                         [01;31m[K^~~~~~~~~~~~~[m[K
[01m[K/home/ubuntu/my_n10_topic/workspace/src/LSLIDAR_X_ROS2-20240228/src/lslidar_driver/src/lslidar_driver.cc:583:35:[m[K [01;31m[Kerror: [m[Kâ€˜[01m[Kserial_[m[Kâ€™ was not declared in this scope
  583 |                         count_2 = [01;31m[Kserial_[m[K->read(packet_bytes + count, 2);
      |                                   [01;31m[K^~~~~~~[m[K
[01m[K/home/ubuntu/my_n10_topic/workspace/src/LSLIDAR_X_ROS2-20240228/src/lslidar_driver/src/lslidar_driver.cc:586:25:[m[K [01;31m[Kerror: [m[Kâ€˜[01m[KLslidarDriver[m[Kâ€™ has not been declared
  586 |                         [01;31m[KLslidarDriver[m[K::recvThread_crc(count_2, link_time);
      |                         [01;31m[K^~~~~~~~~~~~~[m[K
[01m[K/home/ubuntu/my_n10_topic/workspace/src/LSLIDAR_X_ROS2-20240228/src/lslidar_driver/src/lslidar_driver.cc:591:21:[m[K [01;31m[Kerror: [m[Kâ€˜[01m[Klidar_name[m[Kâ€™ was not declared in this scope
  591 |                 if ([01;31m[Klidar_name[m[K == "M10")
      |                     [01;31m[K^~~~~~~~~~[m[K
[01m[K/home/ubuntu/my_n10_topic/workspace/src/LSLIDAR_X_ROS2-20240228/src/lslidar_driver/src/lslidar_driver.cc:605:21:[m[K [01;31m[Kerror: [m[Kâ€˜[01m[Klidar_name[m[Kâ€™ was not declared in this scope
  605 |                 if ([01;31m[Klidar_name[m[K == "M10" || lidar_name == "M10_DOUBLE" || lidar_name == "M10_GPS" || lidar_name == "M10_P" || lidar_name == "M10_PLUS")
      |                     [01;31m[K^~~~~~~~~~[m[K
[01m[K/home/ubuntu/my_n10_topic/workspace/src/LSLIDAR_X_ROS2-20240228/src/lslidar_driver/src/lslidar_driver.cc:612:35:[m[K [01;31m[Kerror: [m[Kâ€˜[01m[Kserial_[m[Kâ€™ was not declared in this scope
  612 |                         count_2 = [01;31m[Kserial_[m[K->read(packet_bytes + count, len - count);
      |                                   [01;31m[K^~~~~~~[m[K
[01m[K/home/ubuntu/my_n10_topic/workspace/src/LSLIDAR_X_ROS2-20240228/src/lslidar_driver/src/lslidar_driver.cc:615:25:[m[K [01;31m[Kerror: [m[Kâ€˜[01m[KLslidarDriver[m[Kâ€™ has not been declared
  615 |                         [01;31m[KLslidarDriver[m[K::recvThread_crc(count_2, link_time);
      |                         [01;31m[K^~~~~~~~~~~~~[m[K
[01m[K/home/ubuntu/my_n10_topic/workspace/src/LSLIDAR_X_ROS2-20240228/src/lslidar_driver/src/lslidar_driver.cc:617:21:[m[K [01;31m[Kerror: [m[Kâ€˜[01m[Klidar_name[m[Kâ€™ was not declared in this scope
  617 |                 if ([01;31m[Klidar_name[m[K == "N10" || lidar_name == "L10" || lidar_name == "N10_P")
      |                     [01;31m[K^~~~~~~~~~[m[K
[01m[K/home/ubuntu/my_n10_topic/workspace/src/LSLIDAR_X_ROS2-20240228/src/lslidar_driver/src/lslidar_driver.cc:619:42:[m[K [01;31m[Kerror: [m[Kâ€˜[01m[KPACKET_SIZE[m[Kâ€™ was not declared in this scope
  619 |                         if (packet_bytes[[01;31m[KPACKET_SIZE[m[K - 1] != N10_CalCRC8(packet_bytes, PACKET_SIZE - 1))
      |                                          [01;31m[K^~~~~~~~~~~[m[K
[01m[K/home/ubuntu/my_n10_topic/workspace/src/LSLIDAR_X_ROS2-20240228/src/lslidar_driver/src/lslidar_driver.cc:619:62:[m[K [01;31m[Kerror: [m[Kâ€˜[01m[KN10_CalCRC8[m[Kâ€™ was not declared in this scope
  619 |                         if (packet_bytes[PACKET_SIZE - 1] != [01;31m[KN10_CalCRC8[m[K(packet_bytes, PACKET_SIZE - 1))
      |                                                              [01;31m[K^~~~~~~~~~~[m[K
[01m[K/home/ubuntu/my_n10_topic/workspace/src/LSLIDAR_X_ROS2-20240228/src/lslidar_driver/src/lslidar_driver.cc:[m[K At global scope:
[01m[K/home/ubuntu/my_n10_topic/workspace/src/LSLIDAR_X_ROS2-20240228/src/lslidar_driver/src/lslidar_driver.cc:625:17:[m[K [01;31m[Kerror: [m[Kâ€˜[01m[KLslidarDriver[m[Kâ€™ has not been declared
  625 |         uint8_t [01;31m[KLslidarDriver[m[K::N10_CalCRC8(unsigned char *p, int len)
      |                 [01;31m[K^~~~~~~~~~~~~[m[K
[01m[K/home/ubuntu/my_n10_topic/workspace/src/LSLIDAR_X_ROS2-20240228/src/lslidar_driver/src/lslidar_driver.cc:638:14:[m[K [01;31m[Kerror: [m[Kâ€˜[01m[KLslidarDriver[m[Kâ€™ has not been declared
  638 |         void [01;31m[KLslidarDriver[m[K::difop_processing(unsigned char *packet_bytes) // å¤„ç†è®¾å¤‡åŒ…çš„æ•°æ®
      |              [01;31m[K^~~~~~~~~~~~~[m[K
[01m[K/home/ubuntu/my_n10_topic/workspace/src/LSLIDAR_X_ROS2-20240228/src/lslidar_driver/src/lslidar_driver.cc:[m[K In function â€˜[01m[Kvoid difop_processing(unsigned char*)[m[Kâ€™:
[01m[K/home/ubuntu/my_n10_topic/workspace/src/LSLIDAR_X_ROS2-20240228/src/lslidar_driver/src/lslidar_driver.cc:644:17:[m[K [01;31m[Kerror: [m[Kâ€˜[01m[Kdegree_compensation[m[Kâ€™ was not declared in this scope
  644 |                 [01;31m[Kdegree_compensation[m[K = double(degree_temp * 256 + z) / 100.f;
      |                 [01;31m[K^~~~~~~~~~~~~~~~~~~[m[K
[01m[K/home/ubuntu/my_n10_topic/workspace/src/LSLIDAR_X_ROS2-20240228/src/lslidar_driver/src/lslidar_driver.cc:647:17:[m[K [01;31m[Kerror: [m[Kâ€˜[01m[Kfirst_compensation[m[Kâ€™ was not declared in this scope
  647 |                 [01;31m[Kfirst_compensation[m[K = false;
      |                 [01;31m[K^~~~~~~~~~~~~~~~~~[m[K
[01m[K/home/ubuntu/my_n10_topic/workspace/src/LSLIDAR_X_ROS2-20240228/src/lslidar_driver/src/lslidar_driver.cc:[m[K At global scope:
[01m[K/home/ubuntu/my_n10_topic/workspace/src/LSLIDAR_X_ROS2-20240228/src/lslidar_driver/src/lslidar_driver.cc:652:14:[m[K [01;31m[Kerror: [m[Kâ€˜[01m[KLslidarDriver[m[Kâ€™ has not been declared
  652 |         void [01;31m[KLslidarDriver[m[K::data_processing(unsigned char *packet_bytes, int len) // å¤„ç†æ¯ä¸€åŒ…çš„æ•°æ®
      |              [01;31m[K^~~~~~~~~~~~~[m[K
[01m[K/home/ubuntu/my_n10_topic/workspace/src/LSLIDAR_X_ROS2-20240228/src/lslidar_driver/src/lslidar_driver.cc:[m[K In function â€˜[01m[Kvoid data_processing(unsigned char*, int)[m[Kâ€™:
[01m[K/home/ubuntu/my_n10_topic/workspace/src/LSLIDAR_X_ROS2-20240228/src/lslidar_driver/src/lslidar_driver.cc:660:38:[m[K [01;31m[Kerror: [m[Kâ€˜[01m[Kdegree_bits_start[m[Kâ€™ was not declared in this scope
  660 |                 int s = packet_bytes[[01;31m[Kdegree_bits_start[m[K];
      |                                      [01;31m[K^~~~~~~~~~~~~~~~~[m[K
[01m[K/home/ubuntu/my_n10_topic/workspace/src/LSLIDAR_X_ROS2-20240228/src/lslidar_driver/src/lslidar_driver.cc:663:50:[m[K [01;31m[Kerror: [m[Kâ€˜[01m[Kdegree_compensation[m[Kâ€™ was not declared in this scope
  663 |                 degree = (s * 256 + z) / 100.f + [01;31m[Kdegree_compensation[m[K;
      |                                                  [01;31m[K^~~~~~~~~~~~~~~~~~~[m[K
[01m[K/home/ubuntu/my_n10_topic/workspace/src/LSLIDAR_X_ROS2-20240228/src/lslidar_driver/src/lslidar_driver.cc:666:21:[m[K [01;31m[Kerror: [m[Kâ€˜[01m[Klidar_name[m[Kâ€™ was not declared in this scope
  666 |                 if ([01;31m[Klidar_name[m[K == "N10" || lidar_name == "L10")
      |                     [01;31m[K^~~~~~~~~~[m[K
[01m[K/home/ubuntu/my_n10_topic/workspace/src/LSLIDAR_X_ROS2-20240228/src/lslidar_driver/src/lslidar_driver.cc:668:48:[m[K [01;31m[Kerror: [m[Kâ€˜[01m[Kend_degree_bits_start[m[Kâ€™ was not declared in this scope
  668 |                         int s_e = packet_bytes[[01;31m[Kend_degree_bits_start[m[K];
      |                                                [01;31m[K^~~~~~~~~~~~~~~~~~~~~[m[K
[01m[K/home/ubuntu/my_n10_topic/workspace/src/LSLIDAR_X_ROS2-20240228/src/lslidar_driver/src/lslidar_driver.cc:681:21:[m[K [01;31m[Kerror: [m[Kâ€˜[01m[Klidar_name[m[Kâ€™ was not declared in this scope
  681 |                 if ([01;31m[Klidar_name[m[K == "M10_PLUS" || lidar_name == "M10_P")
      |                     [01;31m[K^~~~~~~~~~[m[K
[01m[K/home/ubuntu/my_n10_topic/workspace/src/LSLIDAR_X_ROS2-20240228/src/lslidar_driver/src/lslidar_driver.cc:683:25:[m[K [01;31m[Kerror: [m[Kâ€˜[01m[KPACKET_SIZE[m[Kâ€™ was not declared in this scope
  683 |                         [01;31m[KPACKET_SIZE[m[K = len;
      |                         [01;31m[K^~~~~~~~~~~[m[K
[01m[K/home/ubuntu/my_n10_topic/workspace/src/LSLIDAR_X_ROS2-20240228/src/lslidar_driver/src/lslidar_driver.cc:684:25:[m[K [01;31m[Kerror: [m[Kâ€˜[01m[Kpackage_points[m[Kâ€™ was not declared in this scope
  684 |                         [01;31m[Kpackage_points[m[K = (PACKET_SIZE - 20) / 2;
      |                         [01;31m[K^~~~~~~~~~~~~~[m[K
[01m[K/home/ubuntu/my_n10_topic/workspace/src/LSLIDAR_X_ROS2-20240228/src/lslidar_driver/src/lslidar_driver.cc:688:21:[m[K [01;31m[Kerror: [m[Kâ€˜[01m[Klidar_name[m[Kâ€™ was not declared in this scope
  688 |                 if ([01;31m[Klidar_name[m[K == "N10" || lidar_name == "L10")
      |                     [01;31m[K^~~~~~~~~~[m[K
[01m[K/home/ubuntu/my_n10_topic/workspace/src/LSLIDAR_X_ROS2-20240228/src/lslidar_driver/src/lslidar_driver.cc:691:21:[m[K [01;31m[Kerror: [m[Kâ€˜[01m[Klidar_name[m[Kâ€™ was not declared in this scope
  691 |                 if ([01;31m[Klidar_name[m[K == "M10_GPS" || lidar_name == "M10")
      |                     [01;31m[K^~~~~~~~~~[m[K
[01m[K/home/ubuntu/my_n10_topic/workspace/src/LSLIDAR_X_ROS2-20240228/src/lslidar_driver/src/lslidar_driver.cc:702:53:[m[K [01;31m[Kerror: [m[Kâ€˜[01m[Kpackage_points[m[Kâ€™ was not declared in this scope
  702 |                 for (int num = 0; num < point_len * [01;31m[Kpackage_points[m[K; num += point_len)
      |                                                     [01;31m[K^~~~~~~~~~~~~~[m[K
[01m[K/home/ubuntu/my_n10_topic/workspace/src/LSLIDAR_X_ROS2-20240228/src/lslidar_driver/src/lslidar_driver.cc:704:52:[m[K [01;31m[Kerror: [m[Kâ€˜[01m[Kdata_bits_start[m[Kâ€™ was not declared in this scope
  704 |                         int s = packet_bytes[num + [01;31m[Kdata_bits_start[m[K];
      |                                                    [01;31m[K^~~~~~~~~~~~~~~[m[K
[01m[K/home/ubuntu/my_n10_topic/workspace/src/LSLIDAR_X_ROS2-20240228/src/lslidar_driver/src/lslidar_driver.cc:710:21:[m[K [01;31m[Kerror: [m[Kâ€˜[01m[Kuse_gps_ts[m[Kâ€™ was not declared in this scope
  710 |                 if ([01;31m[Kuse_gps_ts[m[K && lidar_name != "N10")
      |                     [01;31m[K^~~~~~~~~~[m[K
[01m[K/home/ubuntu/my_n10_topic/workspace/src/LSLIDAR_X_ROS2-20240228/src/lslidar_driver/src/lslidar_driver.cc:710:35:[m[K [01;31m[Kerror: [m[Kâ€˜[01m[Klidar_name[m[Kâ€™ was not declared in this scope
  710 |                 if (use_gps_ts && [01;31m[Klidar_name[m[K != "N10")
      |                                   [01;31m[K^~~~~~~~~~[m[K
[01m[K/home/ubuntu/my_n10_topic/workspace/src/LSLIDAR_X_ROS2-20240228/src/lslidar_driver/src/lslidar_driver.cc:712:25:[m[K [01;31m[Kerror: [m[Kâ€˜[01m[KpTime[m[Kâ€™ was not declared in this scope
  712 |                         [01;31m[KpTime[m[K.tm_year = packet_bytes[PACKET_SIZE - 12] + 2000 - 1900; // x+2000
      |                         [01;31m[K^~~~~[m[K
[01m[K/home/ubuntu/my_n10_topic/workspace/src/LSLIDAR_X_ROS2-20240228/src/lslidar_driver/src/lslidar_driver.cc:712:54:[m[K [01;31m[Kerror: [m[Kâ€˜[01m[KPACKET_SIZE[m[Kâ€™ was not declared in this scope
  712 |                         pTime.tm_year = packet_bytes[[01;31m[KPACKET_SIZE[m[K - 12] + 2000 - 1900; // x+2000
      |                                                      [01;31m[K^~~~~~~~~~~[m[K
[01m[K/home/ubuntu/my_n10_topic/workspace/src/LSLIDAR_X_ROS2-20240228/src/lslidar_driver/src/lslidar_driver.cc:718:25:[m[K [01;31m[Kerror: [m[Kâ€˜[01m[Ksub_second[m[Kâ€™ was not declared in this scope
  718 |                         [01;31m[Ksub_second[m[K = (packet_bytes[PACKET_SIZE - 6] * 256 + packet_bytes[PACKET_SIZE - 5]) * 1000000 + (packet_bytes[PACKET_SIZE - 4] * 256 + packet_bytes[PACKET_SIZE - 3]) * 1000;
      |                         [01;31m[K^~~~~~~~~~[m[K
[01m[K/home/ubuntu/my_n10_topic/workspace/src/LSLIDAR_X_ROS2-20240228/src/lslidar_driver/src/lslidar_driver.cc:719:25:[m[K [01;31m[Kerror: [m[Kâ€˜[01m[Ksweep_end_time_gps[m[Kâ€™ was not declared in this scope
  719 |                         [01;31m[Ksweep_end_time_gps[m[K = get_gps_stamp(pTime);
      |                         [01;31m[K^~~~~~~~~~~~~~~~~~[m[K
[01m[K/home/ubuntu/my_n10_topic/workspace/src/LSLIDAR_X_ROS2-20240228/src/lslidar_driver/src/lslidar_driver.cc:720:25:[m[K [01;31m[Kerror: [m[Kâ€˜[01m[Ksweep_end_time_hardware[m[Kâ€™ was not declared in this scope
  720 |                         [01;31m[Ksweep_end_time_hardware[m[K = sub_second % 1000000000;
      |                         [01;31m[K^~~~~~~~~~~~~~~~~~~~~~~[m[K
[01m[K/home/ubuntu/my_n10_topic/workspace/src/LSLIDAR_X_ROS2-20240228/src/lslidar_driver/src/lslidar_driver.cc:722:32:[m[K [01;31m[Kerror: [m[Kâ€˜[01m[Kpackage_points[m[Kâ€™ was not declared in this scope
  722 |                 invalidValue = [01;31m[Kpackage_points[m[K - invalidValue;
      |                                [01;31m[K^~~~~~~~~~~~~~[m[K
[01m[K/home/ubuntu/my_n10_topic/workspace/src/LSLIDAR_X_ROS2-20240228/src/lslidar_driver/src/lslidar_driver.cc:723:21:[m[K [01;31m[Kerror: [m[Kâ€˜[01m[Klidar_name[m[Kâ€™ was not declared in this scope
  723 |                 if ([01;31m[Klidar_name[m[K == "N10" || lidar_name == "L10")
      |                     [01;31m[K^~~~~~~~~~[m[K
[01m[K/home/ubuntu/my_n10_topic/workspace/src/LSLIDAR_X_ROS2-20240228/src/lslidar_driver/src/lslidar_driver.cc:733:64:[m[K [01;31m[Kerror: [m[Kâ€˜[01m[Kdata_bits_start[m[Kâ€™ was not declared in this scope
  733 |                         int s = packet_bytes[num * point_len + [01;31m[Kdata_bits_start[m[K];
      |                                                                [01;31m[K^~~~~~~~~~~~~~~[m[K
[01m[K/home/ubuntu/my_n10_topic/workspace/src/LSLIDAR_X_ROS2-20240228/src/lslidar_driver/src/lslidar_driver.cc:736:29:[m[K [01;31m[Kerror: [m[Kâ€˜[01m[Klidar_name[m[Kâ€™ was not declared in this scope
  736 |                         if ([01;31m[Klidar_name[m[K == "N10" || lidar_name == "L10")
      |                             [01;31m[K^~~~~~~~~~[m[K
[01m[K/home/ubuntu/my_n10_topic/workspace/src/LSLIDAR_X_ROS2-20240228/src/lslidar_driver/src/lslidar_driver.cc:743:37:[m[K [01;31m[Kerror: [m[Kâ€˜[01m[Klidar_name[m[Kâ€™ was not declared in this scope
  743 |                                 if ([01;31m[Klidar_name[m[K == "N10" || lidar_name == "L10")
      |                                     [01;31m[K^~~~~~~~~~[m[K
[01m[K/home/ubuntu/my_n10_topic/workspace/src/LSLIDAR_X_ROS2-20240228/src/lslidar_driver/src/lslidar_driver.cc:745:41:[m[K [01;31m[Kerror: [m[Kâ€˜[01m[Kscan_points_[m[Kâ€™ was not declared in this scope
  745 |                                         [01;31m[Kscan_points_[m[K[idx].range = double(s * 256 + (z)) / 1000.f;
      |                                         [01;31m[K^~~~~~~~~~~~[m[K
[01m[K/home/ubuntu/my_n10_topic/workspace/src/LSLIDAR_X_ROS2-20240228/src/lslidar_driver/src/lslidar_driver.cc:745:54:[m[K [01;31m[Kerror: [m[Kâ€˜[01m[Kidx[m[Kâ€™ was not declared in this scope
  745 |                                         scan_points_[[01;31m[Kidx[m[K].range = double(s * 256 + (z)) / 1000.f;
      |                                                      [01;31m[K^~~[m[K
[01m[K/home/ubuntu/my_n10_topic/workspace/src/LSLIDAR_X_ROS2-20240228/src/lslidar_driver/src/lslidar_driver.cc:748:98:[m[K [01;31m[Kerror: [m[Kâ€˜[01m[Khigh_reflection[m[Kâ€™ was not declared in this scope
  748 |                                 else if ((lidar_name == "M10_P" || lidar_name == "M10_PLUS") && ![01;31m[Khigh_reflection[m[K)
      |                                                                                                  [01;31m[K^~~~~~~~~~~~~~~[m[K
[01m[K/home/ubuntu/my_n10_topic/workspace/src/LSLIDAR_X_ROS2-20240228/src/lslidar_driver/src/lslidar_driver.cc:750:41:[m[K [01;31m[Kerror: [m[Kâ€˜[01m[Kscan_points_[m[Kâ€™ was not declared in this scope
  750 |                                         [01;31m[Kscan_points_[m[K[idx].range = double(s * 256 + (z)) / 1000.f;
      |                                         [01;31m[K^~~~~~~~~~~~[m[K
[01m[K/home/ubuntu/my_n10_topic/workspace/src/LSLIDAR_X_ROS2-20240228/src/lslidar_driver/src/lslidar_driver.cc:750:54:[m[K [01;31m[Kerror: [m[Kâ€˜[01m[Kidx[m[Kâ€™ was not declared in this scope
  750 |                                         scan_points_[[01;31m[Kidx[m[K].range = double(s * 256 + (z)) / 1000.f;
      |                                                      [01;31m[K^~~[m[K
[01m[K/home/ubuntu/my_n10_topic/workspace/src/LSLIDAR_X_ROS2-20240228/src/lslidar_driver/src/lslidar_driver.cc:755:41:[m[K [01;31m[Kerror: [m[Kâ€˜[01m[Kscan_points_[m[Kâ€™ was not declared in this scope
  755 |                                         [01;31m[Kscan_points_[m[K[idx].range = double(dist_temp * 256 + (z)) / 1000.f;
      |                                         [01;31m[K^~~~~~~~~~~~[m[K
[01m[K/home/ubuntu/my_n10_topic/workspace/src/LSLIDAR_X_ROS2-20240228/src/lslidar_driver/src/lslidar_driver.cc:755:54:[m[K [01;31m[Kerror: [m[Kâ€˜[01m[Kidx[m[Kâ€™ was not declared in this scope
  755 |                                         scan_points_[[01;31m[Kidx[m[K].range = double(dist_temp * 256 + (z)) / 1000.f;
      |                                                      [01;31m[K^~~[m[K
[01m[K/home/ubuntu/my_n10_topic/workspace/src/LSLIDAR_X_ROS2-20240228/src/lslidar_driver/src/lslidar_driver.cc:762:41:[m[K [01;31m[Kerror: [m[Kâ€˜[01m[Kscan_points_[m[Kâ€™ was not declared in this scope
  762 |                                         [01;31m[Kscan_points_[m[K[idx].degree = degree + (degree_interval / invalidValue * num) - 360;
      |                                         [01;31m[K^~~~~~~~~~~~[m[K
[01m[K/home/ubuntu/my_n10_topic/workspace/src/LSLIDAR_X_ROS2-20240228/src/lslidar_driver/src/lslidar_driver.cc:762:54:[m[K [01;31m[Kerror: [m[Kâ€˜[01m[Kidx[m[Kâ€™ was not declared in this scope
  762 |                                         scan_points_[[01;31m[Kidx[m[K].degree = degree + (degree_interval / invalidValue * num) - 360;
      |                                                      [01;31m[K^~~[m[K
[01m[K/home/ubuntu/my_n10_topic/workspace/src/LSLIDAR_X_ROS2-20240228/src/lslidar_driver/src/lslidar_driver.cc:764:41:[m[K [01;31m[Kerror: [m[Kâ€˜[01m[Kscan_points_[m[Kâ€™ was not declared in this scope
  764 |                                         [01;31m[Kscan_points_[m[K[idx].degree = degree + (degree_interval / invalidValue * num);
      |                                         [01;31m[K^~~~~~~~~~~~[m[K
[01m[K/home/ubuntu/my_n10_topic/workspace/src/LSLIDAR_X_ROS2-20240228/src/lslidar_driver/src/lslidar_driver.cc:764:54:[m[K [01;31m[Kerror: [m[Kâ€˜[01m[Kidx[m[Kâ€™ was not declared in this scope
  764 |                                         scan_points_[[01;31m[Kidx[m[K].degree = degree + (degree_interval / invalidValue * num);
      |                                                      [01;31m[K^~~[m[K
[01m[K/home/ubuntu/my_n10_topic/workspace/src/LSLIDAR_X_ROS2-20240228/src/lslidar_driver/src/lslidar_driver.cc:769:30:[m[K [01;31m[Kerror: [m[Kâ€˜[01m[Kscan_points_[m[Kâ€™ was not declared in this scope
  769 |                         if (([01;31m[Kscan_points_[m[K[idx].degree < last_degree && scan_points_[idx].degree < 5 && last_degree > 355) || idx >= points_size_)
      |                              [01;31m[K^~~~~~~~~~~~[m[K
[01m[K/home/ubuntu/my_n10_topic/workspace/src/LSLIDAR_X_ROS2-20240228/src/lslidar_driver/src/lslidar_driver.cc:769:43:[m[K [01;31m[Kerror: [m[Kâ€˜[01m[Kidx[m[Kâ€™ was not declared in this scope
  769 |                         if ((scan_points_[[01;31m[Kidx[m[K].degree < last_degree && scan_points_[idx].degree < 5 && last_degree > 355) || idx >= points_size_)
      |                                           [01;31m[K^~~[m[K
[01m[K/home/ubuntu/my_n10_topic/workspace/src/LSLIDAR_X_ROS2-20240228/src/lslidar_driver/src/lslidar_driver.cc:769:57:[m[K [01;31m[Kerror: [m[Kâ€˜[01m[Klast_degree[m[Kâ€™ was not declared in this scope
  769 |                         if ((scan_points_[idx].degree < [01;31m[Klast_degree[m[K && scan_points_[idx].degree < 5 && last_degree > 355) || idx >= points_size_)
      |                                                         [01;31m[K^~~~~~~~~~~[m[K
[01m[K/home/ubuntu/my_n10_topic/workspace/src/LSLIDAR_X_ROS2-20240228/src/lslidar_driver/src/lslidar_driver.cc:769:133:[m[K [01;31m[Kerror: [m[Kâ€˜[01m[Kpoints_size_[m[Kâ€™ was not declared in this scope
  769 |                         if ((scan_points_[idx].degree < last_degree && scan_points_[idx].degree < 5 && last_degree > 355) || idx >= [01;31m[Kpoints_size_[m[K)
      |                                                                                                                                     [01;31m[K^~~~~~~~~~~~[m[K
[01m[K/home/ubuntu/my_n10_topic/workspace/src/LSLIDAR_X_ROS2-20240228/src/lslidar_driver/src/lslidar_driver.cc:772:33:[m[K [01;31m[Kerror: [m[Kâ€˜[01m[Kcount_num[m[Kâ€™ was not declared in this scope
  772 |                                 [01;31m[Kcount_num[m[K = idx;
      |                                 [01;31m[K^~~~~~~~~[m[K
[01m[K/home/ubuntu/my_n10_topic/workspace/src/LSLIDAR_X_ROS2-20240228/src/lslidar_driver/src/lslidar_driver.cc:776:69:[m[K [01;31m[Kerror: [m[Kâ€˜[01m[Kmin_range[m[Kâ€™ was not declared in this scope
  776 |                                         if (scan_points_[k].range < [01;31m[Kmin_range[m[K || scan_points_[k].range > max_range)
      |                                                                     [01;31m[K^~~~~~~~~[m[K
[01m[K/home/ubuntu/my_n10_topic/workspace/src/LSLIDAR_X_ROS2-20240228/src/lslidar_driver/src/lslidar_driver.cc:776:106:[m[K [01;31m[Kerror: [m[Kâ€˜[01m[Kmax_range[m[Kâ€™ was not declared in this scope
  776 |                                         if (scan_points_[k].range < min_range || scan_points_[k].range > [01;31m[Kmax_range[m[K)
      |                                                                                                          [01;31m[K^~~~~~~~~[m[K
[01m[K/home/ubuntu/my_n10_topic/workspace/src/LSLIDAR_X_ROS2-20240228/src/lslidar_driver/src/lslidar_driver.cc:779:71:[m[K [01;31m[Kerror: [m[Kâ€˜[01m[Kmutex_[m[Kâ€™ was not declared in this scope
  779 |                                 boost::unique_lock<boost::mutex> lock([01;31m[Kmutex_[m[K);
      |                                                                       [01;31m[K^~~~~~[m[K
[01m[K/home/ubuntu/my_n10_topic/workspace/src/LSLIDAR_X_ROS2-20240228/src/lslidar_driver/src/lslidar_driver.cc:780:33:[m[K [01;31m[Kerror: [m[Kâ€˜[01m[Kscan_points_bak_[m[Kâ€™ was not declared in this scope
  780 |                                 [01;31m[Kscan_points_bak_[m[K.resize(scan_points_.size());
      |                                 [01;31m[K^~~~~~~~~~~~~~~~[m[K
[01m[K/home/ubuntu/my_n10_topic/workspace/src/LSLIDAR_X_ROS2-20240228/src/lslidar_driver/src/lslidar_driver.cc:788:33:[m[K [01;31m[Kerror: [m[Kâ€˜[01m[Kpre_time_[m[Kâ€™ was not declared in this scope
  788 |                                 [01;31m[Kpre_time_[m[K = time_;
      |                                 [01;31m[K^~~~~~~~~[m[K
[01m[K/home/ubuntu/my_n10_topic/workspace/src/LSLIDAR_X_ROS2-20240228/src/lslidar_driver/src/lslidar_driver.cc:788:45:[m[K [01;31m[Kerror: [m[Kâ€˜[01m[Ktime_[m[Kâ€™ was not declared in this scope; did you mean â€˜[01m[Ktimex[m[Kâ€™?
  788 |                                 pre_time_ = [01;31m[Ktime_[m[K;
      |                                             [01;31m[K^~~~~[m[K
      |                                             [32m[Ktimex[m[K
[01m[K/home/ubuntu/my_n10_topic/workspace/src/LSLIDAR_X_ROS2-20240228/src/lslidar_driver/src/lslidar_driver.cc:790:33:[m[K [01;31m[Kerror: [m[Kâ€˜[01m[Kpubscan_cond_[m[Kâ€™ was not declared in this scope
  790 |                                 [01;31m[Kpubscan_cond_[m[K.notify_one();
      |                                 [01;31m[K^~~~~~~~~~~~~[m[K
[01m[K/home/ubuntu/my_n10_topic/workspace/src/LSLIDAR_X_ROS2-20240228/src/lslidar_driver/src/lslidar_driver.cc:791:41:[m[K [01;31m[Kerror: [m[Kâ€˜[01m[Kget_clock[m[Kâ€™ was not declared in this scope
  791 |                                 time_ = [01;31m[Kget_clock[m[K()->now();
      |                                         [01;31m[K^~~~~~~~~[m[K
[01m[K/home/ubuntu/my_n10_topic/workspace/src/LSLIDAR_X_ROS2-20240228/src/lslidar_driver/src/lslidar_driver.cc:[m[K At global scope:
[01m[K/home/ubuntu/my_n10_topic/workspace/src/LSLIDAR_X_ROS2-20240228/src/lslidar_driver/src/lslidar_driver.cc:807:14:[m[K [01;31m[Kerror: [m[Kâ€˜[01m[KLslidarDriver[m[Kâ€™ has not been declared
  807 |         void [01;31m[KLslidarDriver[m[K::data_processing_2(unsigned char *packet_bytes, int len) // å¤„ç†æ¯ä¸€åŒ…çš„æ•°æ®
      |              [01;31m[K^~~~~~~~~~~~~[m[K
[01m[K/home/ubuntu/my_n10_topic/workspace/src/LSLIDAR_X_ROS2-20240228/src/lslidar_driver/src/lslidar_driver.cc:[m[K In function â€˜[01m[Kvoid data_processing_2(unsigned char*, int)[m[Kâ€™:
[01m[K/home/ubuntu/my_n10_topic/workspace/src/LSLIDAR_X_ROS2-20240228/src/lslidar_driver/src/lslidar_driver.cc:815:38:[m[K [01;31m[Kerror: [m[Kâ€˜[01m[Kdegree_bits_start[m[Kâ€™ was not declared in this scope
  815 |                 int s = packet_bytes[[01;31m[Kdegree_bits_start[m[K];
      |                                      [01;31m[K^~~~~~~~~~~~~~~~~[m[K
[01m[K/home/ubuntu/my_n10_topic/workspace/src/LSLIDAR_X_ROS2-20240228/src/lslidar_driver/src/lslidar_driver.cc:818:50:[m[K [01;31m[Kerror: [m[Kâ€˜[01m[Kdegree_compensation[m[Kâ€™ was not declared in this scope
  818 |                 degree = (s * 256 + z) / 100.f + [01;31m[Kdegree_compensation[m[K;
      |                                                  [01;31m[K^~~~~~~~~~~~~~~~~~~[m[K
[01m[K/home/ubuntu/my_n10_topic/workspace/src/LSLIDAR_X_ROS2-20240228/src/lslidar_driver/src/lslidar_driver.cc:821:21:[m[K [01;31m[Kerror: [m[Kâ€˜[01m[Klidar_name[m[Kâ€™ was not declared in this scope
  821 |                 if ([01;31m[Klidar_name[m[K == "N10_P")
      |                     [01;31m[K^~~~~~~~~~[m[K
[01m[K/home/ubuntu/my_n10_topic/workspace/src/LSLIDAR_X_ROS2-20240228/src/lslidar_driver/src/lslidar_driver.cc:823:48:[m[K [01;31m[Kerror: [m[Kâ€˜[01m[Kend_degree_bits_start[m[Kâ€™ was not declared in this scope
  823 |                         int s_e = packet_bytes[[01;31m[Kend_degree_bits_start[m[K];
      |                                                [01;31m[K^~~~~~~~~~~~~~~~~~~~~[m[K
[01m[K/home/ubuntu/my_n10_topic/workspace/src/LSLIDAR_X_ROS2-20240228/src/lslidar_driver/src/lslidar_driver.cc:836:21:[m[K [01;31m[Kerror: [m[Kâ€˜[01m[Klidar_name[m[Kâ€™ was not declared in this scope
  836 |                 if ([01;31m[Klidar_name[m[K == "M10_DOUBLE")
      |                     [01;31m[K^~~~~~~~~~[m[K
[01m[K/home/ubuntu/my_n10_topic/workspace/src/LSLIDAR_X_ROS2-20240228/src/lslidar_driver/src/lslidar_driver.cc:838:25:[m[K [01;31m[Kerror: [m[Kâ€˜[01m[KPACKET_SIZE[m[Kâ€™ was not declared in this scope
  838 |                         [01;31m[KPACKET_SIZE[m[K = len;
      |                         [01;31m[K^~~~~~~~~~~[m[K
[01m[K/home/ubuntu/my_n10_topic/workspace/src/LSLIDAR_X_ROS2-20240228/src/lslidar_driver/src/lslidar_driver.cc:839:25:[m[K [01;31m[Kerror: [m[Kâ€˜[01m[Kpackage_points[m[Kâ€™ was not declared in this scope
  839 |                         [01;31m[Kpackage_points[m[K = (PACKET_SIZE - 20) / 4;
      |                         [01;31m[K^~~~~~~~~~~~~~[m[K
[01m[K/home/ubuntu/my_n10_topic/workspace/src/LSLIDAR_X_ROS2-20240228/src/lslidar_driver/src/lslidar_driver.cc:843:21:[m[K [01;31m[Kerror: [m[Kâ€˜[01m[Klidar_name[m[Kâ€™ was not declared in this scope
  843 |                 if ([01;31m[Klidar_name[m[K == "N10_P")
      |                     [01;31m[K^~~~~~~~~~[m[K
[01m[K/home/ubuntu/my_n10_topic/workspace/src/LSLIDAR_X_ROS2-20240228/src/lslidar_driver/src/lslidar_driver.cc:846:53:[m[K [01;31m[Kerror: [m[Kâ€˜[01m[Kpackage_points[m[Kâ€™ was not declared in this scope
  846 |                 for (int num = 0; num < point_len * [01;31m[Kpackage_points[m[K; num += point_len)
      |                                                     [01;31m[K^~~~~~~~~~~~~~[m[K
[01m[K/home/ubuntu/my_n10_topic/workspace/src/LSLIDAR_X_ROS2-20240228/src/lslidar_driver/src/lslidar_driver.cc:848:52:[m[K [01;31m[Kerror: [m[Kâ€˜[01m[Kdata_bits_start[m[Kâ€™ was not declared in this scope
  848 |                         int s = packet_bytes[num + [01;31m[Kdata_bits_start[m[K];
      |                                                    [01;31m[K^~~~~~~~~~~~~~~[m[K
[01m[K/home/ubuntu/my_n10_topic/workspace/src/LSLIDAR_X_ROS2-20240228/src/lslidar_driver/src/lslidar_driver.cc:854:21:[m[K [01;31m[Kerror: [m[Kâ€˜[01m[Kuse_gps_ts[m[Kâ€™ was not declared in this scope
  854 |                 if ([01;31m[Kuse_gps_ts[m[K)
      |                     [01;31m[K^~~~~~~~~~[m[K
[01m[K/home/ubuntu/my_n10_topic/workspace/src/LSLIDAR_X_ROS2-20240228/src/lslidar_driver/src/lslidar_driver.cc:856:25:[m[K [01;31m[Kerror: [m[Kâ€˜[01m[KpTime[m[Kâ€™ was not declared in this scope
  856 |                         [01;31m[KpTime[m[K.tm_year = packet_bytes[PACKET_SIZE - 12] + 2000 - 1900; // x+2000
      |                         [01;31m[K^~~~~[m[K
[01m[K/home/ubuntu/my_n10_topic/workspace/src/LSLIDAR_X_ROS2-20240228/src/lslidar_driver/src/lslidar_driver.cc:856:54:[m[K [01;31m[Kerror: [m[Kâ€˜[01m[KPACKET_SIZE[m[Kâ€™ was not declared in this scope
  856 |                         pTime.tm_year = packet_bytes[[01;31m[KPACKET_SIZE[m[K - 12] + 2000 - 1900; // x+2000
      |                                                      [01;31m[K^~~~~~~~~~~[m[K
[01m[K/home/ubuntu/my_n10_topic/workspace/src/LSLIDAR_X_ROS2-20240228/src/lslidar_driver/src/lslidar_driver.cc:862:25:[m[K [01;31m[Kerror: [m[Kâ€˜[01m[Ksub_second[m[Kâ€™ was not declared in this scope
  862 |                         [01;31m[Ksub_second[m[K = (packet_bytes[PACKET_SIZE - 6] * 256 + packet_bytes[PACKET_SIZE - 5]) * 1000000 + (packet_bytes[PACKET_SIZE - 4] * 256 + packet_bytes[PACKET_SIZE - 3]) * 1000;
      |                         [01;31m[K^~~~~~~~~~[m[K
[01m[K/home/ubuntu/my_n10_topic/workspace/src/LSLIDAR_X_ROS2-20240228/src/lslidar_driver/src/lslidar_driver.cc:863:25:[m[K [01;31m[Kerror: [m[Kâ€˜[01m[Ksweep_end_time_gps[m[Kâ€™ was not declared in this scope
  863 |                         [01;31m[Ksweep_end_time_gps[m[K = get_gps_stamp(pTime);
      |                         [01;31m[K^~~~~~~~~~~~~~~~~~[m[K
[01m[K/home/ubuntu/my_n10_topic/workspace/src/LSLIDAR_X_ROS2-20240228/src/lslidar_driver/src/lslidar_driver.cc:864:25:[m[K [01;31m[Kerror: [m[Kâ€˜[01m[Ksweep_end_time_hardware[m[Kâ€™ was not declared in this scope
  864 |                         [01;31m[Ksweep_end_time_hardware[m[K = sub_second % 1000000000;
      |                         [01;31m[K^~~~~~~~~~~~~~~~~~~~~~~[m[K
[01m[K/home/ubuntu/my_n10_topic/workspace/src/LSLIDAR_X_ROS2-20240228/src/lslidar_driver/src/lslidar_driver.cc:866:32:[m[K [01;31m[Kerror: [m[Kâ€˜[01m[Kpackage_points[m[Kâ€™ was not declared in this scope
  866 |                 invalidValue = [01;31m[Kpackage_points[m[K - invalidValue;
      |                                [01;31m[K^~~~~~~~~~~~~~[m[K
[01m[K/home/ubuntu/my_n10_topic/workspace/src/LSLIDAR_X_ROS2-20240228/src/lslidar_driver/src/lslidar_driver.cc:867:21:[m[K [01;31m[Kerror: [m[Kâ€˜[01m[Klidar_name[m[Kâ€™ was not declared in this scope
  867 |                 if ([01;31m[Klidar_name[m[K == "N10_P")
      |                     [01;31m[K^~~~~~~~~~[m[K
[01m[K/home/ubuntu/my_n10_topic/workspace/src/LSLIDAR_X_ROS2-20240228/src/lslidar_driver/src/lslidar_driver.cc:877:64:[m[K [01;31m[Kerror: [m[Kâ€˜[01m[Kdata_bits_start[m[Kâ€™ was not declared in this scope
  877 |                         int s = packet_bytes[num * point_len + [01;31m[Kdata_bits_start[m[K];
      |                                                                [01;31m[K^~~~~~~~~~~~~~~[m[K
[01m[K/home/ubuntu/my_n10_topic/workspace/src/LSLIDAR_X_ROS2-20240228/src/lslidar_driver/src/lslidar_driver.cc:880:29:[m[K [01;31m[Kerror: [m[Kâ€˜[01m[Klidar_name[m[Kâ€™ was not declared in this scope
  880 |                         if ([01;31m[Klidar_name[m[K == "N10_P")
      |                             [01;31m[K^~~~~~~~~~[m[K
[01m[K/home/ubuntu/my_n10_topic/workspace/src/LSLIDAR_X_ROS2-20240228/src/lslidar_driver/src/lslidar_driver.cc:885:33:[m[K [01;31m[Kerror: [m[Kâ€˜[01m[Kscan_points_[m[Kâ€™ was not declared in this scope
  885 |                                 [01;31m[Kscan_points_[m[K[idx].range = double(s * 256 + (z)) / 1000.f;
      |                                 [01;31m[K^~~~~~~~~~~~[m[K
[01m[K/home/ubuntu/my_n10_topic/workspace/src/LSLIDAR_X_ROS2-20240228/src/lslidar_driver/src/lslidar_driver.cc:885:46:[m[K [01;31m[Kerror: [m[Kâ€˜[01m[Kidx[m[Kâ€™ was not declared in this scope
  885 |                                 scan_points_[[01;31m[Kidx[m[K].range = double(s * 256 + (z)) / 1000.f;
      |                                              [01;31m[K^~~[m[K
[01m[K/home/ubuntu/my_n10_topic/workspace/src/LSLIDAR_X_ROS2-20240228/src/lslidar_driver/src/lslidar_driver.cc:886:37:[m[K [01;31m[Kerror: [m[Kâ€˜[01m[Klidar_name[m[Kâ€™ was not declared in this scope
  886 |                                 if ([01;31m[Klidar_name[m[K == "N10_P")
      |                                     [01;31m[K^~~~~~~~~~[m[K
[01m[K/home/ubuntu/my_n10_topic/workspace/src/LSLIDAR_X_ROS2-20240228/src/lslidar_driver/src/lslidar_driver.cc:892:37:[m[K [01;31m[Kerror: [m[Kâ€˜[01m[Klidar_name[m[Kâ€™ was not declared in this scope
  892 |                                 if ([01;31m[Klidar_name[m[K == "N10_P")
      |                                     [01;31m[K^~~~~~~~~~[m[K
[01m[K/home/ubuntu/my_n10_topic/workspace/src/LSLIDAR_X_ROS2-20240228/src/lslidar_driver/src/lslidar_driver.cc:896:37:[m[K [01;31m[Kerror: [m[Kâ€˜[01m[Klidar_name[m[Kâ€™ was not declared in this scope
  896 |                                 if ([01;31m[Klidar_name[m[K == "N10_P")
      |                                     [01;31m[K^~~~~~~~~~[m[K
[01m[K/home/ubuntu/my_n10_topic/workspace/src/LSLIDAR_X_ROS2-20240228/src/lslidar_driver/src/lslidar_driver.cc:908:31:[m[K [01;31m[Kerror: [m[Kâ€˜[01m[Kscan_points_[m[Kâ€™ was not declared in this scope
  908 |                         if ((([01;31m[Kscan_points_[m[K[idx].degree < last_degree && scan_points_[idx].degree < 5 && last_degree > 355) || idx >= points_size_) && idx > 10)
      |                               [01;31m[K^~~~~~~~~~~~[m[K
[01m[K/home/ubuntu/my_n10_topic/workspace/src/LSLIDAR_X_ROS2-20240228/src/lslidar_driver/src/lslidar_driver.cc:908:44:[m[K [01;31m[Kerror: [m[Kâ€˜[01m[Kidx[m[Kâ€™ was not declared in this scope
  908 |                         if (((scan_points_[[01;31m[Kidx[m[K].degree < last_degree && scan_points_[idx].degree < 5 && last_degree > 355) || idx >= points_size_) && idx > 10)
      |                                            [01;31m[K^~~[m[K
[01m[K/home/ubuntu/my_n10_topic/workspace/src/LSLIDAR_X_ROS2-20240228/src/lslidar_driver/src/lslidar_driver.cc:908:58:[m[K [01;31m[Kerror: [m[Kâ€˜[01m[Klast_degree[m[Kâ€™ was not declared in this scope
  908 |                         if (((scan_points_[idx].degree < [01;31m[Klast_degree[m[K && scan_points_[idx].degree < 5 && last_degree > 355) || idx >= points_size_) && idx > 10)
      |                                                          [01;31m[K^~~~~~~~~~~[m[K
[01m[K/home/ubuntu/my_n10_topic/workspace/src/LSLIDAR_X_ROS2-20240228/src/lslidar_driver/src/lslidar_driver.cc:908:134:[m[K [01;31m[Kerror: [m[Kâ€˜[01m[Kpoints_size_[m[Kâ€™ was not declared in this scope
  908 |                         if (((scan_points_[idx].degree < last_degree && scan_points_[idx].degree < 5 && last_degree > 355) || idx >= [01;31m[Kpoints_size_[m[K) && idx > 10)
      |                                                                                                                                      [01;31m[K^~~~~~~~~~~~[m[K
[01m[K/home/ubuntu/my_n10_topic/workspace/src/LSLIDAR_X_ROS2-20240228/src/lslidar_driver/src/lslidar_driver.cc:911:33:[m[K [01;31m[Kerror: [m[Kâ€˜[01m[Kcount_num[m[Kâ€™ was not declared in this scope
  911 |                                 [01;31m[Kcount_num[m[K = idx;
      |                                 [01;31m[K^~~~~~~~~[m[K
[01m[K/home/ubuntu/my_n10_topic/workspace/src/LSLIDAR_X_ROS2-20240228/src/lslidar_driver/src/lslidar_driver.cc:915:45:[m[K [01;31m[Kerror: [m[Kâ€˜[01m[Kangle_able_max[m[Kâ€™ was not declared in this scope
  915 |                                         if ([01;31m[Kangle_able_max[m[K > 360)
      |                                             [01;31m[K^~~~~~~~~~~~~~[m[K
[01m[K/home/ubuntu/my_n10_topic/workspace/src/LSLIDAR_X_ROS2-20240228/src/lslidar_driver/src/lslidar_driver.cc:917:145:[m[K [01;31m[Kerror: [m[Kâ€˜[01m[Kangle_able_min[m[Kâ€™ was not declared in this scope
  917 |                                                 if ((360 - scan_points_[k].degree) > (angle_able_max - 360) && (360 - scan_points_[k].degree) < [01;31m[Kangle_able_min[m[K)
      |                                                                                                                                                 [01;31m[K^~~~~~~~~~~~~~[m[K
[01m[K/home/ubuntu/my_n10_topic/workspace/src/LSLIDAR_X_ROS2-20240228/src/lslidar_driver/src/lslidar_driver.cc:925:137:[m[K [01;31m[Kerror: [m[Kâ€˜[01m[Kangle_able_min[m[Kâ€™ was not declared in this scope
  925 |                                                 if ((360 - scan_points_[k].degree) > angle_able_max || (360 - scan_points_[k].degree) < [01;31m[Kangle_able_min[m[K)
      |                                                                                                                                         [01;31m[K^~~~~~~~~~~~~~[m[K
[01m[K/home/ubuntu/my_n10_topic/workspace/src/LSLIDAR_X_ROS2-20240228/src/lslidar_driver/src/lslidar_driver.cc:931:69:[m[K [01;31m[Kerror: [m[Kâ€˜[01m[Kmin_range[m[Kâ€™ was not declared in this scope
  931 |                                         if (scan_points_[k].range < [01;31m[Kmin_range[m[K || scan_points_[k].range > max_range)
      |                                                                     [01;31m[K^~~~~~~~~[m[K
[01m[K/home/ubuntu/my_n10_topic/workspace/src/LSLIDAR_X_ROS2-20240228/src/lslidar_driver/src/lslidar_driver.cc:931:106:[m[K [01;31m[Kerror: [m[Kâ€˜[01m[Kmax_range[m[Kâ€™ was not declared in this scope
  931 |                                         if (scan_points_[k].range < min_range || scan_points_[k].range > [01;31m[Kmax_range[m[K)
      |                                                                                                          [01;31m[K^~~~~~~~~[m[K
[01m[K/home/ubuntu/my_n10_topic/workspace/src/LSLIDAR_X_ROS2-20240228/src/lslidar_driver/src/lslidar_driver.cc:933:76:[m[K [01;31m[Kerror: [m[Kâ€˜[01m[Kmin_range[m[Kâ€™ was not declared in this scope
  933 |                                         if (scan_points_[k + 3000].range < [01;31m[Kmin_range[m[K || scan_points_[k + 3000].range > max_range)
      |                                                                            [01;31m[K^~~~~~~~~[m[K
[01m[K/home/ubuntu/my_n10_topic/workspace/src/LSLIDAR_X_ROS2-20240228/src/lslidar_driver/src/lslidar_driver.cc:933:120:[m[K [01;31m[Kerror: [m[Kâ€˜[01m[Kmax_range[m[Kâ€™ was not declared in this scope
  933 |                                         if (scan_points_[k + 3000].range < min_range || scan_points_[k + 3000].range > [01;31m[Kmax_range[m[K)
      |                                                                                                                        [01;31m[K^~~~~~~~~[m[K
[01m[K/home/ubuntu/my_n10_topic/workspace/src/LSLIDAR_X_ROS2-20240228/src/lslidar_driver/src/lslidar_driver.cc:936:71:[m[K [01;31m[Kerror: [m[Kâ€˜[01m[Kmutex_[m[Kâ€™ was not declared in this scope
  936 |                                 boost::unique_lock<boost::mutex> lock([01;31m[Kmutex_[m[K);
      |                                                                       [01;31m[K^~~~~~[m[K
[01m[K/home/ubuntu/my_n10_topic/workspace/src/LSLIDAR_X_ROS2-20240228/src/lslidar_driver/src/lslidar_driver.cc:937:33:[m[K [01;31m[Kerror: [m[Kâ€˜[01m[Kscan_points_bak_[m[Kâ€™ was not declared in this scope
  937 |                                 [01;31m[Kscan_points_bak_[m[K.resize(scan_points_.size());
      |                                 [01;31m[K^~~~~~~~~~~~~~~~[m[K
[01m[K/home/ubuntu/my_n10_topic/workspace/src/LSLIDAR_X_ROS2-20240228/src/lslidar_driver/src/lslidar_driver.cc:945:33:[m[K [01;31m[Kerror: [m[Kâ€˜[01m[Kpre_time_[m[Kâ€™ was not declared in this scope
  945 |                                 [01;31m[Kpre_time_[m[K = time_;
      |                                 [01;31m[K^~~~~~~~~[m[K
[01m[K/home/ubuntu/my_n10_topic/workspace/src/LSLIDAR_X_ROS2-20240228/src/lslidar_driver/src/lslidar_driver.cc:945:45:[m[K [01;31m[Kerror: [m[Kâ€˜[01m[Ktime_[m[Kâ€™ was not declared in this scope; did you mean â€˜[01m[Ktimex[m[Kâ€™?
  945 |                                 pre_time_ = [01;31m[Ktime_[m[K;
      |                                             [01;31m[K^~~~~[m[K
      |                                             [32m[Ktimex[m[K
[01m[K/home/ubuntu/my_n10_topic/workspace/src/LSLIDAR_X_ROS2-20240228/src/lslidar_driver/src/lslidar_driver.cc:947:33:[m[K [01;31m[Kerror: [m[Kâ€˜[01m[Kpubscan_cond_[m[Kâ€™ was not declared in this scope
  947 |                                 [01;31m[Kpubscan_cond_[m[K.notify_one();
      |                                 [01;31m[K^~~~~~~~~~~~~[m[K
[01m[K/home/ubuntu/my_n10_topic/workspace/src/LSLIDAR_X_ROS2-20240228/src/lslidar_driver/src/lslidar_driver.cc:948:41:[m[K [01;31m[Kerror: [m[Kâ€˜[01m[Kget_clock[m[Kâ€™ was not declared in this scope
  948 |                                 time_ = [01;31m[Kget_clock[m[K()->now();
      |                                         [01;31m[K^~~~~~~~~[m[K
[01m[K/home/ubuntu/my_n10_topic/workspace/src/LSLIDAR_X_ROS2-20240228/src/lslidar_driver/src/lslidar_driver.cc:[m[K At global scope:
[01m[K/home/ubuntu/my_n10_topic/workspace/src/LSLIDAR_X_ROS2-20240228/src/lslidar_driver/src/lslidar_driver.cc:964:14:[m[K [01;31m[Kerror: [m[Kâ€˜[01m[KLslidarDriver[m[Kâ€™ has not been declared
  964 |         void [01;31m[KLslidarDriver[m[K::pubScanThread()
      |              [01;31m[K^~~~~~~~~~~~~[m[K
[01m[K/home/ubuntu/my_n10_topic/workspace/src/LSLIDAR_X_ROS2-20240228/src/lslidar_driver/src/lslidar_driver.cc:[m[K In function â€˜[01m[Kvoid pubScanThread()[m[Kâ€™:
[01m[K/home/ubuntu/my_n10_topic/workspace/src/LSLIDAR_X_ROS2-20240228/src/lslidar_driver/src/lslidar_driver.cc:967:55:[m[K [01;31m[Kerror: [m[Kâ€˜[01m[Kpubscan_mutex_[m[Kâ€™ was not declared in this scope
  967 |                 boost::unique_lock<boost::mutex> lock([01;31m[Kpubscan_mutex_[m[K);
      |                                                       [01;31m[K^~~~~~~~~~~~~~[m[K
[01m[K/home/ubuntu/my_n10_topic/workspace/src/LSLIDAR_X_ROS2-20240228/src/lslidar_driver/src/lslidar_driver.cc:974:33:[m[K [01;31m[Kerror: [m[Kâ€˜[01m[Kpubscan_cond_[m[Kâ€™ was not declared in this scope
  974 |                                 [01;31m[Kpubscan_cond_[m[K.wait(lock);
      |                                 [01;31m[K^~~~~~~~~~~~~[m[K
[01m[K/home/ubuntu/my_n10_topic/workspace/src/LSLIDAR_X_ROS2-20240228/src/lslidar_driver/src/lslidar_driver.cc:977:29:[m[K [01;31m[Kerror: [m[Kâ€˜[01m[Klidar_name[m[Kâ€™ was not declared in this scope
  977 |                         if ([01;31m[Klidar_name[m[K == "N10_P" || lidar_name == "M10_DOUBLE")
      |                             [01;31m[K^~~~~~~~~~[m[K
[01m[K/home/ubuntu/my_n10_topic/workspace/src/LSLIDAR_X_ROS2-20240228/src/lslidar_driver/src/lslidar_driver.cc:979:37:[m[K [01;31m[Kerror: [m[Kâ€˜[01m[KpubScan[m[Kâ€™ was not declared in this scope
  979 |                                 if ([01;31m[KpubScan[m[K)
      |                                     [01;31m[K^~~~~~~[m[K
[01m[K/home/ubuntu/my_n10_topic/workspace/src/LSLIDAR_X_ROS2-20240228/src/lslidar_driver/src/lslidar_driver.cc:983:56:[m[K [01;31m[Kerror: [m[Kâ€˜[01m[Kcount_num[m[Kâ€™ was not declared in this scope
  983 |                                         int scan_num = [01;31m[Kcount_num[m[K ;
      |                                                        [01;31m[K^~~~~~~~~[m[K
[01m[K/home/ubuntu/my_n10_topic/workspace/src/LSLIDAR_X_ROS2-20240228/src/lslidar_driver/src/lslidar_driver.cc:985:53:[m[K [01;31m[Kerror: [m[Kâ€˜[01m[KScanPoint[m[Kâ€™ was not declared in this scope; did you mean â€˜[01m[Klslidar_driver::ScanPoint[m[Kâ€™?
  985 |                                         std::vector<[01;31m[KScanPoint[m[K> points;
      |                                                     [01;31m[K^~~~~~~~~[m[K
      |                                                     [32m[Klslidar_driver::ScanPoint[m[K
In file included from [01m[K/home/ubuntu/my_n10_topic/workspace/src/LSLIDAR_X_ROS2-20240228/src/lslidar_driver/src/lslidar_driver.cc:31[m[K:
[01m[K/home/ubuntu/my_n10_topic/workspace/src/LSLIDAR_X_ROS2-20240228/src/lslidar_driver/include/lslidar_driver/lslidar_driver.h:57:3:[m[K [01;36m[Knote: [m[Kâ€˜[01m[Klslidar_driver::ScanPoint[m[Kâ€™ declared here
   57 | } [01;36m[KScanPoint[m[K;
      |   [01;36m[K^~~~~~~~~[m[K
[01m[K/home/ubuntu/my_n10_topic/workspace/src/LSLIDAR_X_ROS2-20240228/src/lslidar_driver/src/lslidar_driver.cc:985:62:[m[K [01;31m[Kerror: [m[Ktemplate argument 1 is invalid
  985 |                                         std::vector<ScanPoint[01;31m[K>[m[K points;
      |                                                              [01;31m[K^[m[K
[01m[K/home/ubuntu/my_n10_topic/workspace/src/LSLIDAR_X_ROS2-20240228/src/lslidar_driver/src/lslidar_driver.cc:985:62:[m[K [01;31m[Kerror: [m[Ktemplate argument 2 is invalid
[01m[K/home/ubuntu/my_n10_topic/workspace/src/LSLIDAR_X_ROS2-20240228/src/lslidar_driver/src/lslidar_driver.cc:988:41:[m[K [01;31m[Kerror: [m[Kinvalid use of â€˜[01m[Kthis[m[Kâ€™ in non-member function
  988 |                                         [01;31m[Kthis[m[K->getScan(points, start_time, scan_time);
      |                                         [01;31m[K^~~~[m[K
[01m[K/home/ubuntu/my_n10_topic/workspace/src/LSLIDAR_X_ROS2-20240228/src/lslidar_driver/src/lslidar_driver.cc:989:65:[m[K [01;31m[Kerror: [m[Kâ€˜[01m[Kframe_id[m[Kâ€™ was not declared in this scope
  989 |                                         scan->header.frame_id = [01;31m[Kframe_id[m[K;
      |                                                                 [01;31m[K^~~~~~~~[m[K
[01m[K/home/ubuntu/my_n10_topic/workspace/src/LSLIDAR_X_ROS2-20240228/src/lslidar_driver/src/lslidar_driver.cc:990:45:[m[K [01;31m[Kerror: [m[Kâ€˜[01m[Kuse_gps_ts[m[Kâ€™ was not declared in this scope
  990 |                                         if ([01;31m[Kuse_gps_ts[m[K)
      |                                             [01;31m[K^~~~~~~~~~[m[K
[01m[K/home/ubuntu/my_n10_topic/workspace/src/LSLIDAR_X_ROS2-20240228/src/lslidar_driver/src/lslidar_driver.cc:992:83:[m[K [01;31m[Kerror: [m[Kâ€˜[01m[Ksweep_end_time_gps[m[Kâ€™ was not declared in this scope
  992 |                                                 scan->header.stamp = rclcpp::Time([01;31m[Ksweep_end_time_gps[m[K, sweep_end_time_hardware);
      |                                                                                   [01;31m[K^~~~~~~~~~~~~~~~~~[m[K
[01m[K/home/ubuntu/my_n10_topic/workspace/src/LSLIDAR_X_ROS2-20240228/src/lslidar_driver/src/lslidar_driver.cc:992:103:[m[K [01;31m[Kerror: [m[Kâ€˜[01m[Ksweep_end_time_hardware[m[Kâ€™ was not declared in this scope
  992 |                                                 scan->header.stamp = rclcpp::Time(sweep_end_time_gps, [01;31m[Ksweep_end_time_hardware[m[K);
      |                                                                                                       [01;31m[K^~~~~~~~~~~~~~~~~~~~~~~[m[K
[01m[K/home/ubuntu/my_n10_topic/workspace/src/LSLIDAR_X_ROS2-20240228/src/lslidar_driver/src/lslidar_driver.cc:996:70:[m[K [01;31m[Kerror: [m[Kinvalid use of â€˜[01m[Kthis[m[Kâ€™ in non-member function
  996 |                                                 scan->header.stamp = [01;31m[Kthis[m[K->now(); // timestamp will obtained from sweep data stamp
      |                                                                      [01;31m[K^~~~[m[K
[01m[K/home/ubuntu/my_n10_topic/workspace/src/LSLIDAR_X_ROS2-20240228/src/lslidar_driver/src/lslidar_driver.cc:1002:59:[m[K [01;31m[Kerror: [m[Kâ€˜[01m[Kmin_range[m[Kâ€™ was not declared in this scope
 1002 |                                         scan->range_min = [01;31m[Kmin_range[m[K;
      |                                                           [01;31m[K^~~~~~~~~[m[K
[01m[K/home/ubuntu/my_n10_topic/workspace/src/LSLIDAR_X_ROS2-20240228/src/lslidar_driver/src/lslidar_driver.cc:1003:59:[m[K [01;31m[Kerror: [m[Kâ€˜[01m[Kmax_range[m[Kâ€™ was not declared in this scope
 1003 |                                         scan->range_max = [01;31m[Kmax_range[m[K;
      |                                                           [01;31m[K^~~~~~~~~[m[K
[01m[K/home/ubuntu/my_n10_topic/workspace/src/LSLIDAR_X_ROS2-20240228/src/lslidar_driver/src/lslidar_driver.cc:1019:84:[m[K [01;31m[Kerror: [m[Kinvalid types â€˜[01m[Kint[int][m[Kâ€™ for array subscript
 1019 |                                                 int point_idx = round((360 - points[01;31m[K[[m[Ki].degree) * count_num / 360);
      |                                                                                    [01;31m[K^[m[K
[01m[K/home/ubuntu/my_n10_topic/workspace/src/LSLIDAR_X_ROS2-20240228/src/lslidar_driver/src/lslidar_driver.cc:1020:59:[m[K [01;31m[Kerror: [m[Kinvalid types â€˜[01m[Kint[int][m[Kâ€™ for array subscript
 1020 |                                                 if (points[01;31m[K[[m[Ki].range == 0.0)
      |                                                           [01;31m[K^[m[K
[01m[K/home/ubuntu/my_n10_topic/workspace/src/LSLIDAR_X_ROS2-20240228/src/lslidar_driver/src/lslidar_driver.cc:1027:77:[m[K [01;31m[Kerror: [m[Kinvalid types â€˜[01m[Kint[int][m[Kâ€™ for array subscript
 1027 |                                                         double dist = points[01;31m[K[[m[Ki].range;
      |                                                                             [01;31m[K^[m[K
[01m[K/home/ubuntu/my_n10_topic/workspace/src/LSLIDAR_X_ROS2-20240228/src/lslidar_driver/src/lslidar_driver.cc:1029:94:[m[K [01;31m[Kerror: [m[Kinvalid types â€˜[01m[Kint[int][m[Kâ€™ for array subscript
 1029 |                                                         scan->intensities[point_idx] = points[01;31m[K[[m[Ki].intensity;
      |                                                                                              [01;31m[K^[m[K
[01m[K/home/ubuntu/my_n10_topic/workspace/src/LSLIDAR_X_ROS2-20240228/src/lslidar_driver/src/lslidar_driver.cc:1054:41:[m[K [01;31m[Kerror: [m[Kâ€˜[01m[Kscan_pub[m[Kâ€™ was not declared in this scope; did you mean â€˜[01m[Kscan_num[m[Kâ€™?
 1054 |                                         [01;31m[Kscan_pub[m[K->publish(std::move(scan));
      |                                         [01;31m[K^~~~~~~~[m[K
      |                                         [32m[Kscan_num[m[K
[01m[K/home/ubuntu/my_n10_topic/workspace/src/LSLIDAR_X_ROS2-20240228/src/lslidar_driver/src/lslidar_driver.cc:1056:37:[m[K [01;31m[Kerror: [m[Kâ€˜[01m[KpubPointCloud2[m[Kâ€™ was not declared in this scope
 1056 |                                 if ([01;31m[KpubPointCloud2[m[K)
      |                                     [01;31m[K^~~~~~~~~~~~~~[m[K
[01m[K/home/ubuntu/my_n10_topic/workspace/src/LSLIDAR_X_ROS2-20240228/src/lslidar_driver/src/lslidar_driver.cc:1058:53:[m[K [01;31m[Kerror: [m[Kâ€˜[01m[KScanPoint[m[Kâ€™ was not declared in this scope; did you mean â€˜[01m[Klslidar_driver::ScanPoint[m[Kâ€™?
 1058 |                                         std::vector<[01;31m[KScanPoint[m[K> points;
      |                                                     [01;31m[K^~~~~~~~~[m[K
      |                                                     [32m[Klslidar_driver::ScanPoint[m[K
In file included from [01m[K/home/ubuntu/my_n10_topic/workspace/src/LSLIDAR_X_ROS2-20240228/src/lslidar_driver/src/lslidar_driver.cc:31[m[K:
[01m[K/home/ubuntu/my_n10_topic/workspace/src/LSLIDAR_X_ROS2-20240228/src/lslidar_driver/include/lslidar_driver/lslidar_driver.h:57:3:[m[K [01;36m[Knote: [m[Kâ€˜[01m[Klslidar_driver::ScanPoint[m[Kâ€™ declared here
   57 | } [01;36m[KScanPoint[m[K;
      |   [01;36m[K^~~~~~~~~[m[K
[01m[K/home/ubuntu/my_n10_topic/workspace/src/LSLIDAR_X_ROS2-20240228/src/lslidar_driver/src/lslidar_driver.cc:1058:62:[m[K [01;31m[Kerror: [m[Ktemplate argument 1 is invalid
 1058 |                                         std::vector<ScanPoint[01;31m[K>[m[K points;
      |                                                              [01;31m[K^[m[K
[01m[K/home/ubuntu/my_n10_topic/workspace/src/LSLIDAR_X_ROS2-20240228/src/lslidar_driver/src/lslidar_driver.cc:1058:62:[m[K [01;31m[Kerror: [m[Ktemplate argument 2 is invalid
[01m[K/home/ubuntu/my_n10_topic/workspace/src/LSLIDAR_X_ROS2-20240228/src/lslidar_driver/src/lslidar_driver.cc:1061:41:[m[K [01;31m[Kerror: [m[Kinvalid use of â€˜[01m[Kthis[m[Kâ€™ in non-member function
 1061 |                                         [01;31m[Kthis[m[K->getScan(points, start_time, scan_time);
      |                                         [01;31m[K^~~~[m[K
[01m[K/home/ubuntu/my_n10_topic/workspace/src/LSLIDAR_X_ROS2-20240228/src/lslidar_driver/src/lslidar_driver.cc:1062:41:[m[K [01;31m[Kerror: [m[Kâ€˜[01m[KVPointCloud[m[Kâ€™ has not been declared
 1062 |                                         [01;31m[KVPointCloud[m[K::Ptr point_cloud(new VPointCloud());
      |                                         [01;31m[K^~~~~~~~~~~[m[K
[01m[K/home/ubuntu/my_n10_topic/workspace/src/LSLIDAR_X_ROS2-20240228/src/lslidar_driver/src/lslidar_driver.cc:1063:45:[m[K [01;31m[Kerror: [m[Kâ€˜[01m[Kuse_gps_ts[m[Kâ€™ was not declared in this scope
 1063 |                                         if ([01;31m[Kuse_gps_ts[m[K)
      |                                             [01;31m[K^~~~~~~~~~[m[K
[01m[K/home/ubuntu/my_n10_topic/workspace/src/LSLIDAR_X_ROS2-20240228/src/lslidar_driver/src/lslidar_driver.cc:1065:75:[m[K [01;31m[Kerror: [m[Kâ€˜[01m[Ksweep_end_time_gps[m[Kâ€™ was not declared in this scope
 1065 |                                                 start_time = rclcpp::Time([01;31m[Ksweep_end_time_gps[m[K, sweep_end_time_hardware);
      |                                                                           [01;31m[K^~~~~~~~~~~~~~~~~~[m[K
[01m[K/home/ubuntu/my_n10_topic/workspace/src/LSLIDAR_X_ROS2-20240228/src/lslidar_driver/src/lslidar_driver.cc:1065:95:[m[K [01;31m[Kerror: [m[Kâ€˜[01m[Ksweep_end_time_hardware[m[Kâ€™ was not declared in this scope
 1065 |                                                 start_time = rclcpp::Time(sweep_end_time_gps, [01;31m[Ksweep_end_time_hardware[m[K);
      |                                                                                               [01;31m[K^~~~~~~~~~~~~~~~~~~~~~~[m[K
[01m[K/home/ubuntu/my_n10_topic/workspace/src/LSLIDAR_X_ROS2-20240228/src/lslidar_driver/src/lslidar_driver.cc:1068:41:[m[K [01;31m[Kerror: [m[Kâ€˜[01m[Kpoint_cloud[m[Kâ€™ was not declared in this scope
 1068 |                                         [01;31m[Kpoint_cloud[m[K->header.stamp = static_cast<uint64_t>(timestamp * 1e6);
      |                                         [01;31m[K^~~~~~~~~~~[m[K
[01m[K/home/ubuntu/my_n10_topic/workspace/src/LSLIDAR_X_ROS2-20240228/src/lslidar_driver/src/lslidar_driver.cc:1069:72:[m[K [01;31m[Kerror: [m[Kâ€˜[01m[Kframe_id[m[Kâ€™ was not declared in this scope
 1069 |                                         point_cloud->header.frame_id = [01;31m[Kframe_id[m[K;
      |                                                                        [01;31m[K^~~~~~~~[m[K
[01m[K/home/ubuntu/my_n10_topic/workspace/src/LSLIDAR_X_ROS2-20240228/src/lslidar_driver/src/lslidar_driver.cc:1072:66:[m[K [01;31m[Kerror: [m[Kâ€˜[01m[Kcount_num[m[Kâ€™ was not declared in this scope
 1072 |                                         for (uint16_t i = 0; i < [01;31m[Kcount_num[m[K; i++)
      |                                                                  [01;31m[K^~~~~~~~~[m[K
[01m[K/home/ubuntu/my_n10_topic/workspace/src/LSLIDAR_X_ROS2-20240228/src/lslidar_driver/src/lslidar_driver.cc:1075:79:[m[K [01;31m[Kerror: [m[Kinvalid types â€˜[01m[Kint[uint16_t {aka short unsigned int}][m[Kâ€™ for array subscript
 1075 |                                                 double degree = 360.0 - points[01;31m[K[[m[Ki].degree;
      |                                                                               [01;31m[K^[m[K
[01m[K/home/ubuntu/my_n10_topic/workspace/src/LSLIDAR_X_ROS2-20240228/src/lslidar_driver/src/lslidar_driver.cc:1077:53:[m[K [01;31m[Kerror: [m[Kâ€˜[01m[Kangle_able_max[m[Kâ€™ was not declared in this scope
 1077 |                                                 if ([01;31m[Kangle_able_max[m[K < 360)
      |                                                     [01;31m[K^~~~~~~~~~~~~~[m[K
[01m[K/home/ubuntu/my_n10_topic/workspace/src/LSLIDAR_X_ROS2-20240228/src/lslidar_driver/src/lslidar_driver.cc:1079:70:[m[K [01;31m[Kerror: [m[Kâ€˜[01m[Kangle_able_min[m[Kâ€™ was not declared in this scope
 1079 |                                                         if (degree < [01;31m[Kangle_able_min[m[K || degree > angle_able_max)
      |                                                                      [01;31m[K^~~~~~~~~~~~~~[m[K
[01m[K/home/ubuntu/my_n10_topic/workspace/src/LSLIDAR_X_ROS2-20240228/src/lslidar_driver/src/lslidar_driver.cc:1084:70:[m[K [01;31m[Kerror: [m[Kâ€˜[01m[Kangle_able_min[m[Kâ€™ was not declared in this scope
 1084 |                                                         if (degree < [01;31m[Kangle_able_min[m[K && degree > (angle_able_max - 360))
      |                                                                      [01;31m[K^~~~~~~~~~~~~~[m[K
[01m[K/home/ubuntu/my_n10_topic/workspace/src/LSLIDAR_X_ROS2-20240228/src/lslidar_driver/src/lslidar_driver.cc:1087:59:[m[K [01;31m[Kerror: [m[Kinvalid types â€˜[01m[Kint[uint16_t {aka short unsigned int}][m[Kâ€™ for array subscript
 1087 |                                                 if (points[01;31m[K[[m[Ki].range < 0.001)
      |                                                           [01;31m[K^[m[K
[01m[K/home/ubuntu/my_n10_topic/workspace/src/LSLIDAR_X_ROS2-20240228/src/lslidar_driver/src/lslidar_driver.cc:1093:57:[m[K [01;31m[Kerror: [m[Kâ€˜[01m[KVPoint[m[Kâ€™ was not declared in this scope; did you mean â€˜[01m[Klslidar_driver::VPoint[m[Kâ€™?
 1093 |                                                         [01;31m[KVPoint[m[K point;
      |                                                         [01;31m[K^~~~~~[m[K
      |                                                         [32m[Klslidar_driver::VPoint[m[K
In file included from [01m[K/home/ubuntu/my_n10_topic/workspace/src/LSLIDAR_X_ROS2-20240228/src/lslidar_driver/src/lslidar_driver.cc:31[m[K:
[01m[K/home/ubuntu/my_n10_topic/workspace/src/LSLIDAR_X_ROS2-20240228/src/lslidar_driver/include/lslidar_driver/lslidar_driver.h:150:20:[m[K [01;36m[Knote: [m[Kâ€˜[01m[Klslidar_driver::VPoint[m[Kâ€™ declared here
  150 | typedef PointXYZIT [01;36m[KVPoint[m[K;
      |                    [01;36m[K^~~~~~[m[K
[01m[K/home/ubuntu/my_n10_topic/workspace/src/LSLIDAR_X_ROS2-20240228/src/lslidar_driver/src/lslidar_driver.cc:1095:57:[m[K [01;31m[Kerror: [m[Kâ€˜[01m[Kpoint[m[Kâ€™ was not declared in this scope; did you mean â€˜[01m[Kpoints[m[Kâ€™?
 1095 |                                                         [01;31m[Kpoint[m[K.timestamp = timestamp - point_idx * (scan_time / count_num);
      |                                                         [01;31m[K^~~~~[m[K
      |                                                         [32m[Kpoints[m[K
[01m[K/home/ubuntu/my_n10_topic/workspace/src/LSLIDAR_X_ROS2-20240228/src/lslidar_driver/src/lslidar_driver.cc:1097:73:[m[K [01;31m[Kerror: [m[Kinvalid types â€˜[01m[Kint[uint16_t {aka short unsigned int}][m[Kâ€™ for array subscript
 1097 |                                                         point.x = points[01;31m[K[[m[Ki].range * cos(M_PI / 180 * points[i].degree);
      |                                                                         [01;31m[K^[m[K
[01m[K/home/ubuntu/my_n10_topic/workspace/src/LSLIDAR_X_ROS2-20240228/src/lslidar_driver/src/lslidar_driver.cc:1097:108:[m[K [01;31m[Kerror: [m[Kinvalid types â€˜[01m[Kint[uint16_t {aka short unsigned int}][m[Kâ€™ for array subscript
 1097 |                                                         point.x = points[i].range * cos(M_PI / 180 * points[01;31m[K[[m[Ki].degree);
      |                                                                                                            [01;31m[K^[m[K
[01m[K/home/ubuntu/my_n10_topic/workspace/src/LSLIDAR_X_ROS2-20240228/src/lslidar_driver/src/lslidar_driver.cc:1098:74:[m[K [01;31m[Kerror: [m[Kinvalid types â€˜[01m[Kint[uint16_t {aka short unsigned int}][m[Kâ€™ for array subscript
 1098 |                                                         point.y = -points[01;31m[K[[m[Ki].range * sin(M_PI / 180 * points[i].degree);
      |                                                                          [01;31m[K^[m[K
[01m[K/home/ubuntu/my_n10_topic/workspace/src/LSLIDAR_X_ROS2-20240228/src/lslidar_driver/src/lslidar_driver.cc:1098:109:[m[K [01;31m[Kerror: [m[Kinvalid types â€˜[01m[Kint[uint16_t {aka short unsigned int}][m[Kâ€™ for array subscript
 1098 |                                                         point.y = -points[i].range * sin(M_PI / 180 * points[01;31m[K[[m[Ki].degree);
      |                                                                                                             [01;31m[K^[m[K
[01m[K/home/ubuntu/my_n10_topic/workspace/src/LSLIDAR_X_ROS2-20240228/src/lslidar_driver/src/lslidar_driver.cc:1100:81:[m[K [01;31m[Kerror: [m[Kinvalid types â€˜[01m[Kint[uint16_t {aka short unsigned int}][m[Kâ€™ for array subscript
 1100 |                                                         point.intensity = points[01;31m[K[[m[Ki].intensity;
      |                                                                                 [01;31m[K^[m[K
[01m[K/home/ubuntu/my_n10_topic/workspace/src/LSLIDAR_X_ROS2-20240228/src/lslidar_driver/src/lslidar_driver.cc:1104:59:[m[K [01;31m[Kerror: [m[Kinvalid types â€˜[01m[Kint[int][m[Kâ€™ for array subscript
 1104 |                                                 if (points[01;31m[K[[m[Ki + 3000].range < 0.001)
      |                                                           [01;31m[K^[m[K
[01m[K/home/ubuntu/my_n10_topic/workspace/src/LSLIDAR_X_ROS2-20240228/src/lslidar_driver/src/lslidar_driver.cc:1110:57:[m[K [01;31m[Kerror: [m[Kâ€˜[01m[KVPoint[m[Kâ€™ was not declared in this scope; did you mean â€˜[01m[Klslidar_driver::VPoint[m[Kâ€™?
 1110 |                                                         [01;31m[KVPoint[m[K point;
      |                                                         [01;31m[K^~~~~~[m[K
      |                                                         [32m[Klslidar_driver::VPoint[m[K
In file included from [01m[K/home/ubuntu/my_n10_topic/workspace/src/LSLIDAR_X_ROS2-20240228/src/lslidar_driver/src/lslidar_driver.cc:31[m[K:
[01m[K/home/ubuntu/my_n10_topic/workspace/src/LSLIDAR_X_ROS2-20240228/src/lslidar_driver/include/lslidar_driver/lslidar_driver.h:150:20:[m[K [01;36m[Knote: [m[Kâ€˜[01m[Klslidar_driver::VPoint[m[Kâ€™ declared here
  150 | typedef PointXYZIT [01;36m[KVPoint[m[K;
      |                    [01;36m[K^~~~~~[m[K
[01m[K/home/ubuntu/my_n10_topic/workspace/src/LSLIDAR_X_ROS2-20240228/src/lslidar_driver/src/lslidar_driver.cc:1112:57:[m[K [01;31m[Kerror: [m[Kâ€˜[01m[Kpoint[m[Kâ€™ was not declared in this scope; did you mean â€˜[01m[Kpoints[m[Kâ€™?
 1112 |                                                         [01;31m[Kpoint[m[K.timestamp = timestamp - point_idx * (scan_time / count_num);
      |                                                         [01;31m[K^~~~~[m[K
      |                                                         [32m[Kpoints[m[K
[01m[K/home/ubuntu/my_n10_topic/workspace/src/LSLIDAR_X_ROS2-20240228/src/lslidar_driver/src/lslidar_driver.cc:1114:73:[m[K [01;31m[Kerror: [m[Kinvalid types â€˜[01m[Kint[int][m[Kâ€™ for array subscript
 1114 |                                                         point.x = points[01;31m[K[[m[Ki + 3000].range * cos(M_PI / 180 * points[i].degree);
      |                                                                         [01;31m[K^[m[K
[01m[K/home/ubuntu/my_n10_topic/workspace/src/LSLIDAR_X_ROS2-20240228/src/lslidar_driver/src/lslidar_driver.cc:1114:115:[m[K [01;31m[Kerror: [m[Kinvalid types â€˜[01m[Kint[uint16_t {aka short unsigned int}][m[Kâ€™ for array subscript
 1114 |                                                         point.x = points[i + 3000].range * cos(M_PI / 180 * points[01;31m[K[[m[Ki].degree);
      |                                                                                                                   [01;31m[K^[m[K
[01m[K/home/ubuntu/my_n10_topic/workspace/src/LSLIDAR_X_ROS2-20240228/src/lslidar_driver/src/lslidar_driver.cc:1115:74:[m[K [01;31m[Kerror: [m[Kinvalid types â€˜[01m[Kint[int][m[Kâ€™ for array subscript
 1115 |                                                         point.y = -points[01;31m[K[[m[Ki + 3000].range * sin(M_PI / 180 * points[i].degree);
      |                                                                          [01;31m[K^[m[K
[01m[K/home/ubuntu/my_n10_topic/workspace/src/LSLIDAR_X_ROS2-20240228/src/lslidar_driver/src/lslidar_driver.cc:1115:116:[m[K [01;31m[Kerror: [m[Kinvalid types â€˜[01m[Kint[uint16_t {aka short unsigned int}][m[Kâ€™ for array subscript
 1115 |                                                         point.y = -points[i + 3000].range * sin(M_PI / 180 * points[01;31m[K[[m[Ki].degree);
      |                                                                                                                    [01;31m[K^[m[K
[01m[K/home/ubuntu/my_n10_topic/workspace/src/LSLIDAR_X_ROS2-20240228/src/lslidar_driver/src/lslidar_driver.cc:1117:81:[m[K [01;31m[Kerror: [m[Kinvalid types â€˜[01m[Kint[int][m[Kâ€™ for array subscript
 1117 |                                                         point.intensity = points[01;31m[K[[m[Ki + 3000].intensity;
      |                                                                                 [01;31m[K^[m[K
[01m[K/home/ubuntu/my_n10_topic/workspace/src/LSLIDAR_X_ROS2-20240228/src/lslidar_driver/src/lslidar_driver.cc:1124:41:[m[K [01;31m[Kerror: [m[Kâ€˜[01m[Kpoint_cloud_pub[m[Kâ€™ was not declared in this scope
 1124 |                                         [01;31m[Kpoint_cloud_pub[m[K->publish(pc_msg);
      |                                         [01;31m[K^~~~~~~~~~~~~~~[m[K
[01m[K/home/ubuntu/my_n10_topic/workspace/src/LSLIDAR_X_ROS2-20240228/src/lslidar_driver/src/lslidar_driver.cc:1129:37:[m[K [01;31m[Kerror: [m[Kâ€˜[01m[KpubScan[m[Kâ€™ was not declared in this scope
 1129 |                                 if ([01;31m[KpubScan[m[K)
      |                                     [01;31m[K^~~~~~~[m[K
[01m[K/home/ubuntu/my_n10_topic/workspace/src/LSLIDAR_X_ROS2-20240228/src/lslidar_driver/src/lslidar_driver.cc:1132:62:[m[K [01;31m[Kerror: [m[Kâ€˜[01m[Kangle_able_max[m[Kâ€™ was not declared in this scope
 1132 |                                         int scan_num = ceil(([01;31m[Kangle_able_max[m[K - angle_able_min) / 360 * count_num) + 1;
      |                                                              [01;31m[K^~~~~~~~~~~~~~[m[K
[01m[K/home/ubuntu/my_n10_topic/workspace/src/LSLIDAR_X_ROS2-20240228/src/lslidar_driver/src/lslidar_driver.cc:1132:79:[m[K [01;31m[Kerror: [m[Kâ€˜[01m[Kangle_able_min[m[Kâ€™ was not declared in this scope
 1132 |                                         int scan_num = ceil((angle_able_max - [01;31m[Kangle_able_min[m[K) / 360 * count_num) + 1;
      |                                                                               [01;31m[K^~~~~~~~~~~~~~[m[K
[01m[K/home/ubuntu/my_n10_topic/workspace/src/LSLIDAR_X_ROS2-20240228/src/lslidar_driver/src/lslidar_driver.cc:1132:103:[m[K [01;31m[Kerror: [m[Kâ€˜[01m[Kcount_num[m[Kâ€™ was not declared in this scope
 1132 |                                         int scan_num = ceil((angle_able_max - angle_able_min) / 360 * [01;31m[Kcount_num[m[K) + 1;
      |                                                                                                       [01;31m[K^~~~~~~~~[m[K
[01m[K/home/ubuntu/my_n10_topic/workspace/src/LSLIDAR_X_ROS2-20240228/src/lslidar_driver/src/lslidar_driver.cc:1134:53:[m[K [01;31m[Kerror: [m[Kâ€˜[01m[KScanPoint[m[Kâ€™ was not declared in this scope; did you mean â€˜[01m[Klslidar_driver::ScanPoint[m[Kâ€™?
 1134 |                                         std::vector<[01;31m[KScanPoint[m[K> points;
      |                                                     [01;31m[K^~~~~~~~~[m[K
      |                                                     [32m[Klslidar_driver::ScanPoint[m[K
In file included from [01m[K/home/ubuntu/my_n10_topic/workspace/src/LSLIDAR_X_ROS2-20240228/src/lslidar_driver/src/lslidar_driver.cc:31[m[K:
[01m[K/home/ubuntu/my_n10_topic/workspace/src/LSLIDAR_X_ROS2-20240228/src/lslidar_driver/include/lslidar_driver/lslidar_driver.h:57:3:[m[K [01;36m[Knote: [m[Kâ€˜[01m[Klslidar_driver::ScanPoint[m[Kâ€™ declared here
   57 | } [01;36m[KScanPoint[m[K;
      |   [01;36m[K^~~~~~~~~[m[K
[01m[K/home/ubuntu/my_n10_topic/workspace/src/LSLIDAR_X_ROS2-20240228/src/lslidar_driver/src/lslidar_driver.cc:1134:62:[m[K [01;31m[Kerror: [m[Ktemplate argument 1 is invalid
 1134 |                                         std::vector<ScanPoint[01;31m[K>[m[K points;
      |                                                              [01;31m[K^[m[K
[01m[K/home/ubuntu/my_n10_topic/workspace/src/LSLIDAR_X_ROS2-20240228/src/lslidar_driver/src/lslidar_driver.cc:1134:62:[m[K [01;31m[Kerror: [m[Ktemplate argument 2 is invalid
[01m[K/home/ubuntu/my_n10_topic/workspace/src/LSLIDAR_X_ROS2-20240228/src/lslidar_driver/src/lslidar_driver.cc:1137:41:[m[K [01;31m[Kerror: [m[Kinvalid use of â€˜[01m[Kthis[m[Kâ€™ in non-member function
 1137 |                                         [01;31m[Kthis[m[K->getScan(points, start_time, scan_time);
      |                                         [01;31m[K^~~~[m[K
[01m[K/home/ubuntu/my_n10_topic/workspace/src/LSLIDAR_X_ROS2-20240228/src/lslidar_driver/src/lslidar_driver.cc:1138:65:[m[K [01;31m[Kerror: [m[Kâ€˜[01m[Kframe_id[m[Kâ€™ was not declared in this scope
 1138 |                                         scan->header.frame_id = [01;31m[Kframe_id[m[K;
      |                                                                 [01;31m[K^~~~~~~~[m[K
[01m[K/home/ubuntu/my_n10_topic/workspace/src/LSLIDAR_X_ROS2-20240228/src/lslidar_driver/src/lslidar_driver.cc:1139:45:[m[K [01;31m[Kerror: [m[Kâ€˜[01m[Kuse_gps_ts[m[Kâ€™ was not declared in this scope
 1139 |                                         if ([01;31m[Kuse_gps_ts[m[K)
      |                                             [01;31m[K^~~~~~~~~~[m[K
[01m[K/home/ubuntu/my_n10_topic/workspace/src/LSLIDAR_X_ROS2-20240228/src/lslidar_driver/src/lslidar_driver.cc:1141:83:[m[K [01;31m[Kerror: [m[Kâ€˜[01m[Ksweep_end_time_gps[m[Kâ€™ was not declared in this scope
 1141 |                                                 scan->header.stamp = rclcpp::Time([01;31m[Ksweep_end_time_gps[m[K, sweep_end_time_hardware);
      |                                                                                   [01;31m[K^~~~~~~~~~~~~~~~~~[m[K
[01m[K/home/ubuntu/my_n10_topic/workspace/src/LSLIDAR_X_ROS2-20240228/src/lslidar_driver/src/lslidar_driver.cc:1141:103:[m[K [01;31m[Kerror: [m[Kâ€˜[01m[Ksweep_end_time_hardware[m[Kâ€™ was not declared in this scope
 1141 |                                                 scan->header.stamp = rclcpp::Time(sweep_end_time_gps, [01;31m[Ksweep_end_time_hardware[m[K);
      |                                                                                                       [01;31m[K^~~~~~~~~~~~~~~~~~~~~~~[m[K
[01m[K/home/ubuntu/my_n10_topic/workspace/src/LSLIDAR_X_ROS2-20240228/src/lslidar_driver/src/lslidar_driver.cc:1145:70:[m[K [01;31m[Kerror: [m[Kinvalid use of â€˜[01m[Kthis[m[Kâ€™ in non-member function
 1145 |                                                 scan->header.stamp = [01;31m[Kthis[m[K->now(); // timestamp will obtained from sweep data stamp
      |                                                                      [01;31m[K^~~~[m[K
[01m[K/home/ubuntu/my_n10_topic/workspace/src/LSLIDAR_X_ROS2-20240228/src/lslidar_driver/src/lslidar_driver.cc:1160:59:[m[K [01;31m[Kerror: [m[Kâ€˜[01m[Kmin_range[m[Kâ€™ was not declared in this scope
 1160 |                                         scan->range_min = [01;31m[Kmin_range[m[K;
      |                                                           [01;31m[K^~~~~~~~~[m[K
[01m[K/home/ubuntu/my_n10_topic/workspace/src/LSLIDAR_X_ROS2-20240228/src/lslidar_driver/src/lslidar_driver.cc:1161:59:[m[K [01;31m[Kerror: [m[Kâ€˜[01m[Kmax_range[m[Kâ€™ was not declared in this scope
 1161 |                                         scan->range_max = [01;31m[Kmax_range[m[K;
      |                                                           [01;31m[K^~~~~~~~~[m[K
[01m[K/home/ubuntu/my_n10_topic/workspace/src/LSLIDAR_X_ROS2-20240228/src/lslidar_driver/src/lslidar_driver.cc:1174:84:[m[K [01;31m[Kerror: [m[Kinvalid types â€˜[01m[Kint[int][m[Kâ€™ for array subscript
 1174 |                                                 int point_idx = round((360 - points[01;31m[K[[m[Ki].degree) * count_num / 360);
      |                                                                                    [01;31m[K^[m[K
[01m[K/home/ubuntu/my_n10_topic/workspace/src/LSLIDAR_X_ROS2-20240228/src/lslidar_driver/src/lslidar_driver.cc:1180:59:[m[K [01;31m[Kerror: [m[Kinvalid types â€˜[01m[Kint[int][m[Kâ€™ for array subscript
 1180 |                                                 if (points[01;31m[K[[m[Ki].range == 0.0)
      |                                                           [01;31m[K^[m[K
[01m[K/home/ubuntu/my_n10_topic/workspace/src/LSLIDAR_X_ROS2-20240228/src/lslidar_driver/src/lslidar_driver.cc:1186:77:[m[K [01;31m[Kerror: [m[Kinvalid types â€˜[01m[Kint[int][m[Kâ€™ for array subscript
 1186 |                                                         double dist = points[01;31m[K[[m[Ki].range;
      |                                                                             [01;31m[K^[m[K
[01m[K/home/ubuntu/my_n10_topic/workspace/src/LSLIDAR_X_ROS2-20240228/src/lslidar_driver/src/lslidar_driver.cc:1189:86:[m[K [01;31m[Kerror: [m[Kinvalid types â€˜[01m[Kint[int][m[Kâ€™ for array subscript
 1189 |                                                 scan->intensities[point_idx] = points[01;31m[K[[m[Ki].intensity;
      |                                                                                      [01;31m[K^[m[K
[01m[K/home/ubuntu/my_n10_topic/workspace/src/LSLIDAR_X_ROS2-20240228/src/lslidar_driver/src/lslidar_driver.cc:1203:41:[m[K [01;31m[Kerror: [m[Kâ€˜[01m[Kscan_pub[m[Kâ€™ was not declared in this scope; did you mean â€˜[01m[Kscan_num[m[Kâ€™?
 1203 |                                         [01;31m[Kscan_pub[m[K->publish(std::move(scan));
      |                                         [01;31m[K^~~~~~~~[m[K
      |                                         [32m[Kscan_num[m[K
[01m[K/home/ubuntu/my_n10_topic/workspace/src/LSLIDAR_X_ROS2-20240228/src/lslidar_driver/src/lslidar_driver.cc:1205:37:[m[K [01;31m[Kerror: [m[Kâ€˜[01m[KpubPointCloud2[m[Kâ€™ was not declared in this scope
 1205 |                                 if ([01;31m[KpubPointCloud2[m[K)
      |                                     [01;31m[K^~~~~~~~~~~~~~[m[K
[01m[K/home/ubuntu/my_n10_topic/workspace/src/LSLIDAR_X_ROS2-20240228/src/lslidar_driver/src/lslidar_driver.cc:1207:53:[m[K [01;31m[Kerror: [m[Kâ€˜[01m[KScanPoint[m[Kâ€™ was not declared in this scope; did you mean â€˜[01m[Klslidar_driver::ScanPoint[m[Kâ€™?
 1207 |                                         std::vector<[01;31m[KScanPoint[m[K> points;
      |                                                     [01;31m[K^~~~~~~~~[m[K
      |                                                     [32m[Klslidar_driver::ScanPoint[m[K
In file included from [01m[K/home/ubuntu/my_n10_topic/workspace/src/LSLIDAR_X_ROS2-20240228/src/lslidar_driver/src/lslidar_driver.cc:31[m[K:
[01m[K/home/ubuntu/my_n10_topic/workspace/src/LSLIDAR_X_ROS2-20240228/src/lslidar_driver/include/lslidar_driver/lslidar_driver.h:57:3:[m[K [01;36m[Knote: [m[Kâ€˜[01m[Klslidar_driver::ScanPoint[m[Kâ€™ declared here
   57 | } [01;36m[KScanPoint[m[K;
      |   [01;36m[K^~~~~~~~~[m[K
[01m[K/home/ubuntu/my_n10_topic/workspace/src/LSLIDAR_X_ROS2-20240228/src/lslidar_driver/src/lslidar_driver.cc:1207:62:[m[K [01;31m[Kerror: [m[Ktemplate argument 1 is invalid
 1207 |                                         std::vector<ScanPoint[01;31m[K>[m[K points;
      |                                                              [01;31m[K^[m[K
[01m[K/home/ubuntu/my_n10_topic/workspace/src/LSLIDAR_X_ROS2-20240228/src/lslidar_driver/src/lslidar_driver.cc:1207:62:[m[K [01;31m[Kerror: [m[Ktemplate argument 2 is invalid
[01m[K/home/ubuntu/my_n10_topic/workspace/src/LSLIDAR_X_ROS2-20240228/src/lslidar_driver/src/lslidar_driver.cc:1210:41:[m[K [01;31m[Kerror: [m[Kinvalid use of â€˜[01m[Kthis[m[Kâ€™ in non-member function
 1210 |                                         [01;31m[Kthis[m[K->getScan(points, start_time, scan_time);
      |                                         [01;31m[K^~~~[m[K
[01m[K/home/ubuntu/my_n10_topic/workspace/src/LSLIDAR_X_ROS2-20240228/src/lslidar_driver/src/lslidar_driver.cc:1211:41:[m[K [01;31m[Kerror: [m[Kâ€˜[01m[KVPointCloud[m[Kâ€™ has not been declared
 1211 |                                         [01;31m[KVPointCloud[m[K::Ptr point_cloud(new VPointCloud());
      |                                         [01;31m[K^~~~~~~~~~~[m[K
[01m[K/home/ubuntu/my_n10_topic/workspace/src/LSLIDAR_X_ROS2-20240228/src/lslidar_driver/src/lslidar_driver.cc:1212:45:[m[K [01;31m[Kerror: [m[Kâ€˜[01m[Kuse_gps_ts[m[Kâ€™ was not declared in this scope
 1212 |                                         if ([01;31m[Kuse_gps_ts[m[K)
      |                                             [01;31m[K^~~~~~~~~~[m[K
[01m[K/home/ubuntu/my_n10_topic/workspace/src/LSLIDAR_X_ROS2-20240228/src/lslidar_driver/src/lslidar_driver.cc:1214:75:[m[K [01;31m[Kerror: [m[Kâ€˜[01m[Ksweep_end_time_gps[m[Kâ€™ was not declared in this scope
 1214 |                                                 start_time = rclcpp::Time([01;31m[Ksweep_end_time_gps[m[K, sweep_end_time_hardware);
      |                                                                           [01;31m[K^~~~~~~~~~~~~~~~~~[m[K
[01m[K/home/ubuntu/my_n10_topic/workspace/src/LSLIDAR_X_ROS2-20240228/src/lslidar_driver/src/lslidar_driver.cc:1214:95:[m[K [01;31m[Kerror: [m[Kâ€˜[01m[Ksweep_end_time_hardware[m[Kâ€™ was not declared in this scope
 1214 |                                                 start_time = rclcpp::Time(sweep_end_time_gps, [01;31m[Ksweep_end_time_hardware[m[K);
      |                                                                                               [01;31m[K^~~~~~~~~~~~~~~~~~~~~~~[m[K
[01m[K/home/ubuntu/my_n10_topic/workspace/src/LSLIDAR_X_ROS2-20240228/src/lslidar_driver/src/lslidar_driver.cc:1217:41:[m[K [01;31m[Kerror: [m[Kâ€˜[01m[Kpoint_cloud[m[Kâ€™ was not declared in this scope
 1217 |                                         [01;31m[Kpoint_cloud[m[K->header.stamp = static_cast<uint64_t>(timestamp * 1e6);
      |                                         [01;31m[K^~~~~~~~~~~[m[K
[01m[K/home/ubuntu/my_n10_topic/workspace/src/LSLIDAR_X_ROS2-20240228/src/lslidar_driver/src/lslidar_driver.cc:1218:72:[m[K [01;31m[Kerror: [m[Kâ€˜[01m[Kframe_id[m[Kâ€™ was not declared in this scope
 1218 |                                         point_cloud->header.frame_id = [01;31m[Kframe_id[m[K;
      |                                                                        [01;31m[K^~~~~~~~[m[K
[01m[K/home/ubuntu/my_n10_topic/workspace/src/LSLIDAR_X_ROS2-20240228/src/lslidar_driver/src/lslidar_driver.cc:1220:66:[m[K [01;31m[Kerror: [m[Kâ€˜[01m[Kcount_num[m[Kâ€™ was not declared in this scope
 1220 |                                         for (uint16_t i = 0; i < [01;31m[Kcount_num[m[K; i++)
      |                                                                  [01;31m[K^~~~~~~~~[m[K
[01m[K/home/ubuntu/my_n10_topic/workspace/src/LSLIDAR_X_ROS2-20240228/src/lslidar_driver/src/lslidar_driver.cc:1222:79:[m[K [01;31m[Kerror: [m[Kinvalid types â€˜[01m[Kint[uint16_t {aka short unsigned int}][m[Kâ€™ for array subscript
 1222 |                                                 double degree = 360.0 - points[01;31m[K[[m[Ki].degree;
      |                                                                               [01;31m[K^[m[K
[01m[K/home/ubuntu/my_n10_topic/workspace/src/LSLIDAR_X_ROS2-20240228/src/lslidar_driver/src/lslidar_driver.cc:1224:53:[m[K [01;31m[Kerror: [m[Kâ€˜[01m[Kangle_able_max[m[Kâ€™ was not declared in this scope
 1224 |                                                 if ([01;31m[Kangle_able_max[m[K < 360)
      |                                                     [01;31m[K^~~~~~~~~~~~~~[m[K
[01m[K/home/ubuntu/my_n10_topic/workspace/src/LSLIDAR_X_ROS2-20240228/src/lslidar_driver/src/lslidar_driver.cc:1226:70:[m[K [01;31m[Kerror: [m[Kâ€˜[01m[Kangle_able_min[m[Kâ€™ was not declared in this scope
 1226 |                                                         if (degree < [01;31m[Kangle_able_min[m[K || degree > angle_able_max)
      |                                                                      [01;31m[K^~~~~~~~~~~~~~[m[K
[01m[K/home/ubuntu/my_n10_topic/workspace/src/LSLIDAR_X_ROS2-20240228/src/lslidar_driver/src/lslidar_driver.cc:1231:70:[m[K [01;31m[Kerror: [m[Kâ€˜[01m[Kangle_able_min[m[Kâ€™ was not declared in this scope
 1231 |                                                         if (degree < [01;31m[Kangle_able_min[m[K && degree > (angle_able_max - 360))
      |                                                                      [01;31m[K^~~~~~~~~~~~~~[m[K
[01m[K/home/ubuntu/my_n10_topic/workspace/src/LSLIDAR_X_ROS2-20240228/src/lslidar_driver/src/lslidar_driver.cc:1234:59:[m[K [01;31m[Kerror: [m[Kinvalid types â€˜[01m[Kint[uint16_t {aka short unsigned int}][m[Kâ€™ for array subscript
 1234 |                                                 if (points[01;31m[K[[m[Ki].range < 0.001)
      |                                                           [01;31m[K^[m[K
[01m[K/home/ubuntu/my_n10_topic/workspace/src/LSLIDAR_X_ROS2-20240228/src/lslidar_driver/src/lslidar_driver.cc:1240:57:[m[K [01;31m[Kerror: [m[Kâ€˜[01m[KVPoint[m[Kâ€™ was not declared in this scope; did you mean â€˜[01m[Klslidar_driver::VPoint[m[Kâ€™?
 1240 |                                                         [01;31m[KVPoint[m[K point;
      |                                                         [01;31m[K^~~~~~[m[K
      |                                                         [32m[Klslidar_driver::VPoint[m[K
In file included from [01m[K/home/ubuntu/my_n10_topic/workspace/src/LSLIDAR_X_ROS2-20240228/src/lslidar_driver/src/lslidar_driver.cc:31[m[K:
[01m[K/home/ubuntu/my_n10_topic/workspace/src/LSLIDAR_X_ROS2-20240228/src/lslidar_driver/include/lslidar_driver/lslidar_driver.h:150:20:[m[K [01;36m[Knote: [m[Kâ€˜[01m[Klslidar_driver::VPoint[m[Kâ€™ declared here
  150 | typedef PointXYZIT [01;36m[KVPoint[m[K;
      |                    [01;36m[K^~~~~~[m[K
[01m[K/home/ubuntu/my_n10_topic/workspace/src/LSLIDAR_X_ROS2-20240228/src/lslidar_driver/src/lslidar_driver.cc:1242:57:[m[K [01;31m[Kerror: [m[Kâ€˜[01m[Kpoint[m[Kâ€™ was not declared in this scope; did you mean â€˜[01m[Kpoints[m[Kâ€™?
 1242 |                                                         [01;31m[Kpoint[m[K.timestamp = timestamp - point_idx * (scan_time / count_num);
      |                                                         [01;31m[K^~~~~[m[K
      |                                                         [32m[Kpoints[m[K
[01m[K/home/ubuntu/my_n10_topic/workspace/src/LSLIDAR_X_ROS2-20240228/src/lslidar_driver/src/lslidar_driver.cc:1244:73:[m[K [01;31m[Kerror: [m[Kinvalid types â€˜[01m[Kint[uint16_t {aka short unsigned int}][m[Kâ€™ for array subscript
 1244 |                                                         point.x = points[01;31m[K[[m[Ki].range * cos(M_PI / 180 * points[i].degree);
      |                                                                         [01;31m[K^[m[K
[01m[K/home/ubuntu/my_n10_topic/workspace/src/LSLIDAR_X_ROS2-20240228/src/lslidar_driver/src/lslidar_driver.cc:1244:108:[m[K [01;31m[Kerror: [m[Kinvalid types â€˜[01m[Kint[uint16_t {aka short unsigned int}][m[Kâ€™ for array subscript
 1244 |                                                         point.x = points[i].range * cos(M_PI / 180 * points[01;31m[K[[m[Ki].degree);
      |                                                                                                            [01;31m[K^[m[K
[01m[K/home/ubuntu/my_n10_topic/workspace/src/LSLIDAR_X_ROS2-20240228/src/lslidar_driver/src/lslidar_driver.cc:1245:74:[m[K [01;31m[Kerror: [m[Kinvalid types â€˜[01m[Kint[uint16_t {aka short unsigned int}][m[Kâ€™ for array subscript
 1245 |                                                         point.y = -points[01;31m[K[[m[Ki].range * sin(M_PI / 180 * points[i].degree);
      |                                                                          [01;31m[K^[m[K
[01m[K/home/ubuntu/my_n10_topic/workspace/src/LSLIDAR_X_ROS2-20240228/src/lslidar_driver/src/lslidar_driver.cc:1245:109:[m[K [01;31m[Kerror: [m[Kinvalid types â€˜[01m[Kint[uint16_t {aka short unsigned int}][m[Kâ€™ for array subscript
 1245 |                                                         point.y = -points[i].range * sin(M_PI / 180 * points[01;31m[K[[m[Ki].degree);
      |                                                                                                             [01;31m[K^[m[K
[01m[K/home/ubuntu/my_n10_topic/workspace/src/LSLIDAR_X_ROS2-20240228/src/lslidar_driver/src/lslidar_driver.cc:1247:81:[m[K [01;31m[Kerror: [m[Kinvalid types â€˜[01m[Kint[uint16_t {aka short unsigned int}][m[Kâ€™ for array subscript
 1247 |                                                         point.intensity = points[01;31m[K[[m[Ki].intensity;
      |                                                                                 [01;31m[K^[m[K
[01m[K/home/ubuntu/my_n10_topic/workspace/src/LSLIDAR_X_ROS2-20240228/src/lslidar_driver/src/lslidar_driver.cc:1254:41:[m[K [01;31m[Kerror: [m[Kâ€˜[01m[Kpoint_cloud_pub[m[Kâ€™ was not declared in this scope
 1254 |                                         [01;31m[Kpoint_cloud_pub[m[K->publish(pc_msg);
      |                                         [01;31m[K^~~~~~~~~~~~~~~[m[K
[01m[K/home/ubuntu/my_n10_topic/workspace/src/LSLIDAR_X_ROS2-20240228/src/lslidar_driver/src/lslidar_driver.cc:1257:25:[m[K [01;31m[Kerror: [m[Kâ€˜[01m[Kcount_num[m[Kâ€™ was not declared in this scope
 1257 |                         [01;31m[Kcount_num[m[K = 0;
      |                         [01;31m[K^~~~~~~~~[m[K
[01m[K/home/ubuntu/my_n10_topic/workspace/src/LSLIDAR_X_ROS2-20240228/src/lslidar_driver/src/lslidar_driver.cc:1259:29:[m[K [01;31m[Kerror: [m[Kâ€˜[01m[Kfirst_compensation[m[Kâ€™ was not declared in this scope
 1259 |                         if ([01;31m[Kfirst_compensation[m[K && compensation)
      |                             [01;31m[K^~~~~~~~~~~~~~~~~~[m[K
[01m[K/home/ubuntu/my_n10_topic/workspace/src/LSLIDAR_X_ROS2-20240228/src/lslidar_driver/src/lslidar_driver.cc:1259:51:[m[K [01;31m[Kerror: [m[Kâ€˜[01m[Kcompensation[m[Kâ€™ was not declared in this scope
 1259 |                         if (first_compensation && [01;31m[Kcompensation[m[K)
      |                                                   [01;31m[K^~~~~~~~~~~~[m[K
[01m[K/home/ubuntu/my_n10_topic/workspace/src/LSLIDAR_X_ROS2-20240228/src/lslidar_driver/src/lslidar_driver.cc:[m[K At global scope:
[01m[K/home/ubuntu/my_n10_topic/workspace/src/LSLIDAR_X_ROS2-20240228/src/lslidar_driver/src/lslidar_driver.cc:1266:14:[m[K [01;31m[Kerror: [m[Kâ€˜[01m[KLslidarDriver[m[Kâ€™ has not been declared
 1266 |         bool [01;31m[KLslidarDriver[m[K::polling()
      |              [01;31m[K^~~~~~~~~~~~~[m[K
[01m[K/home/ubuntu/my_n10_topic/workspace/src/LSLIDAR_X_ROS2-20240228/src/lslidar_driver/src/lslidar_driver.cc:[m[K In function â€˜[01m[Kbool polling()[m[Kâ€™:
[01m[K/home/ubuntu/my_n10_topic/workspace/src/LSLIDAR_X_ROS2-20240228/src/lslidar_driver/src/lslidar_driver.cc:1268:22:[m[K [01;31m[Kerror: [m[Kâ€˜[01m[Kis_start[m[Kâ€™ was not declared in this scope; did you mean â€˜[01m[Kva_start[m[Kâ€™?
 1268 |                 if (![01;31m[Kis_start[m[K)
      |                      [01;31m[K^~~~~~~~[m[K
      |                      [32m[Kva_start[m[K
[01m[K/home/ubuntu/my_n10_topic/workspace/src/LSLIDAR_X_ROS2-20240228/src/lslidar_driver/src/lslidar_driver.cc:1274:21:[m[K [01;31m[Kerror: [m[Kâ€˜[01m[Kinterface_selection[m[Kâ€™ was not declared in this scope
 1274 |                 if ([01;31m[Kinterface_selection[m[K == "net")
      |                     [01;31m[K^~~~~~~~~~~~~~~~~~~[m[K
[01m[K/home/ubuntu/my_n10_topic/workspace/src/LSLIDAR_X_ROS2-20240228/src/lslidar_driver/src/lslidar_driver.cc:1285:39:[m[K [01;31m[Kerror: [m[Kâ€˜[01m[Kmsop_input_[m[Kâ€™ was not declared in this scope
 1285 |                                 len = [01;31m[Kmsop_input_[m[K->getPacket(packet);
      |                                       [01;31m[K^~~~~~~~~~~[m[K
[01m[K/home/ubuntu/my_n10_topic/workspace/src/LSLIDAR_X_ROS2-20240228/src/lslidar_driver/src/lslidar_driver.cc:1288:45:[m[K [01;31m[Kerror: [m[Kâ€˜[01m[Klidar_name[m[Kâ€™ was not declared in this scope
 1288 |                                         if ([01;31m[Klidar_name[m[K == "N10" || lidar_name == "L10")
      |                                             [01;31m[K^~~~~~~~~~[m[K
[01m[K/home/ubuntu/my_n10_topic/workspace/src/LSLIDAR_X_ROS2-20240228/src/lslidar_driver/src/lslidar_driver.cc:1307:37:[m[K [01;31m[Kerror: [m[Kâ€˜[01m[Klidar_name[m[Kâ€™ was not declared in this scope
 1307 |                                 if ([01;31m[Klidar_name[m[K == "N10" || lidar_name == "L10")
      |                                     [01;31m[K^~~~~~~~~~[m[K
[01m[K/home/ubuntu/my_n10_topic/workspace/src/LSLIDAR_X_ROS2-20240228/src/lslidar_driver/src/lslidar_driver.cc:1321:38:[m[K [01;31m[Kerror: [m[Kâ€˜[01m[Klidar_name[m[Kâ€™ was not declared in this scope
 1321 |                                 if (([01;31m[Klidar_name[m[K == "M10" || lidar_name == "M10_DOUBLE" || lidar_name == "M10_GPS" || lidar_name == "M10_P" || lidar_name == "M10_PLUS") && compensation)
      |                                      [01;31m[K^~~~~~~~~~[m[K
[01m[K/home/ubuntu/my_n10_topic/workspace/src/LSLIDAR_X_ROS2-20240228/src/lslidar_driver/src/lslidar_driver.cc:1321:172:[m[K [01;31m[Kerror: [m[Kâ€˜[01m[Kcompensation[m[Kâ€™ was not declared in this scope
 1321 |                                 if ((lidar_name == "M10" || lidar_name == "M10_DOUBLE" || lidar_name == "M10_GPS" || lidar_name == "M10_P" || lidar_name == "M10_PLUS") && [01;31m[Kcompensation[m[K)
      |                                                                                                                                                                            [01;31m[K^~~~~~~~~~~~[m[K
[01m[K/home/ubuntu/my_n10_topic/workspace/src/LSLIDAR_X_ROS2-20240228/src/lslidar_driver/src/lslidar_driver.cc:1336:38:[m[K [01;31m[Kerror: [m[Kâ€˜[01m[Klidar_name[m[Kâ€™ was not declared in this scope
 1336 |                                 if (([01;31m[Klidar_name[m[K == "N10" || lidar_name == "L10" || lidar_name == "N10_P") && packet_bytes[len - 1] != N10_CalCRC8(packet_bytes, len - 1))
      |                                      [01;31m[K^~~~~~~~~~[m[K
[01m[K/home/ubuntu/my_n10_topic/workspace/src/LSLIDAR_X_ROS2-20240228/src/lslidar_driver/src/lslidar_driver.cc:1343:29:[m[K [01;31m[Kerror: [m[Kâ€˜[01m[Kin_file_name[m[Kâ€™ was not declared in this scope
 1343 |                         if ([01;31m[Kin_file_name[m[K != "") // è¯»txtæ–‡ä»¶åŠŸèƒ½
      |                             [01;31m[K^~~~~~~~~~~~[m[K
[01m[K/home/ubuntu/my_n10_topic/workspace/src/LSLIDAR_X_ROS2-20240228/src/lslidar_driver/src/lslidar_driver.cc:1364:53:[m[K [01;31m[Kerror: [m[Kâ€˜[01m[Klidar_name[m[Kâ€™ was not declared in this scope
 1364 |                                                 if ([01;31m[Klidar_name[m[K == "N10" || lidar_name == "L10")
      |                                                     [01;31m[K^~~~~~~~~~[m[K
[01m[K/home/ubuntu/my_n10_topic/workspace/src/LSLIDAR_X_ROS2-20240228/src/lslidar_driver/src/lslidar_driver.cc:1378:53:[m[K [01;31m[Kerror: [m[Kâ€˜[01m[Klidar_name[m[Kâ€™ was not declared in this scope
 1378 |                                                 if ([01;31m[Klidar_name[m[K == "N10_P" || lidar_name == "M10_DOUBLE")
      |                                                     [01;31m[K^~~~~~~~~~[m[K
[01m[K/home/ubuntu/my_n10_topic/workspace/src/LSLIDAR_X_ROS2-20240228/src/lslidar_driver/src/lslidar_driver.cc:1379:57:[m[K [01;31m[Kerror: [m[Kâ€˜[01m[KLslidarDriver[m[Kâ€™ has not been declared
 1379 |                                                         [01;31m[KLslidarDriver[m[K::data_processing_2(packet_bytes, len);
      |                                                         [01;31m[K^~~~~~~~~~~~~[m[K
[01m[K/home/ubuntu/my_n10_topic/workspace/src/LSLIDAR_X_ROS2-20240228/src/lslidar_driver/src/lslidar_driver.cc:1381:57:[m[K [01;31m[Kerror: [m[Kâ€˜[01m[KLslidarDriver[m[Kâ€™ has not been declared
 1381 |                                                         [01;31m[KLslidarDriver[m[K::data_processing(packet_bytes, len);
      |                                                         [01;31m[K^~~~~~~~~~~~~[m[K
[01m[K/home/ubuntu/my_n10_topic/workspace/src/LSLIDAR_X_ROS2-20240228/src/lslidar_driver/src/lslidar_driver.cc:1393:47:[m[K [01;31m[Kerror: [m[Kâ€˜[01m[KLslidarDriver[m[Kâ€™ has not been declared
 1393 |                                         len = [01;31m[KLslidarDriver[m[K::receive_data(packet_bytes);
      |                                               [01;31m[K^~~~~~~~~~~~~[m[K
[01m[K/home/ubuntu/my_n10_topic/workspace/src/LSLIDAR_X_ROS2-20240228/src/lslidar_driver/src/lslidar_driver.cc:1394:46:[m[K [01;31m[Kerror: [m[Kâ€˜[01m[Klidar_name[m[Kâ€™ was not declared in this scope
 1394 |                                         if (([01;31m[Klidar_name[m[K == "M10" || lidar_name == "M10_DOUBLE" || lidar_name == "M10_GPS" || lidar_name == "M10_P" || lidar_name == "M10_PLUS") && compensation)
      |                                              [01;31m[K^~~~~~~~~~[m[K
[01m[K/home/ubuntu/my_n10_topic/workspace/src/LSLIDAR_X_ROS2-20240228/src/lslidar_driver/src/lslidar_driver.cc:1394:180:[m[K [01;31m[Kerror: [m[Kâ€˜[01m[Kcompensation[m[Kâ€™ was not declared in this scope
 1394 |                                         if ((lidar_name == "M10" || lidar_name == "M10_DOUBLE" || lidar_name == "M10_GPS" || lidar_name == "M10_P" || lidar_name == "M10_PLUS") && [01;31m[Kcompensation[m[K)
      |                                                                                                                                                                                    [01;31m[K^~~~~~~~~~~~[m[K
[01m[K/home/ubuntu/my_n10_topic/workspace/src/LSLIDAR_X_ROS2-20240228/src/lslidar_driver/src/lslidar_driver.cc:1406:25:[m[K [01;31m[Kerror: [m[Kâ€˜[01m[KLslidarDriver[m[Kâ€™ has not been declared
 1406 |                         [01;31m[KLslidarDriver[m[K::difop_processing(packet_bytes);
      |                         [01;31m[K^~~~~~~~~~~~~[m[K
[01m[K/home/ubuntu/my_n10_topic/workspace/src/LSLIDAR_X_ROS2-20240228/src/lslidar_driver/src/lslidar_driver.cc:1409:29:[m[K [01;31m[Kerror: [m[Kâ€˜[01m[Klidar_name[m[Kâ€™ was not declared in this scope
 1409 |                         if ([01;31m[Klidar_name[m[K == "N10_P" || lidar_name == "M10_DOUBLE")
      |                             [01;31m[K^~~~~~~~~~[m[K
[01m[K/home/ubuntu/my_n10_topic/workspace/src/LSLIDAR_X_ROS2-20240228/src/lslidar_driver/src/lslidar_driver.cc:1410:33:[m[K [01;31m[Kerror: [m[Kâ€˜[01m[KLslidarDriver[m[Kâ€™ has not been declared
 1410 |                                 [01;31m[KLslidarDriver[m[K::data_processing_2(packet_bytes, len);
      |                                 [01;31m[K^~~~~~~~~~~~~[m[K
[01m[K/home/ubuntu/my_n10_topic/workspace/src/LSLIDAR_X_ROS2-20240228/src/lslidar_driver/src/lslidar_driver.cc:1412:33:[m[K [01;31m[Kerror: [m[Kâ€˜[01m[KLslidarDriver[m[Kâ€™ has not been declared
 1412 |                                 [01;31m[KLslidarDriver[m[K::data_processing(packet_bytes, len);
      |                                 [01;31m[K^~~~~~~~~~~~~[m[K
[01m[K/home/ubuntu/my_n10_topic/workspace/src/LSLIDAR_X_ROS2-20240228/src/lslidar_driver/src/lslidar_driver.cc:[m[K At global scope:
[01m[K/home/ubuntu/my_n10_topic/workspace/src/LSLIDAR_X_ROS2-20240228/src/lslidar_driver/src/lslidar_driver.cc:1418:1:[m[K [01;31m[Kerror: [m[Kexpected declaration before â€˜[01m[K}[m[Kâ€™ token
 1418 | [01;31m[K}[m[K // namespace lslidar_driver
      | [01;31m[K^[m[K
gmake[2]: *** [CMakeFiles/lslidar_driver_node.dir/build.make:90ï¼šCMakeFiles/lslidar_driver_node.dir/src/lslidar_driver.cc.o] é”™è¯¯ 1
gmake[1]: *** [CMakeFiles/Makefile2:137ï¼šCMakeFiles/lslidar_driver_node.dir/all] é”™è¯¯ 2
gmake: *** [Makefile:146ï¼šall] é”™è¯¯ 2
